<?xml version="1.0" encoding="UTF-8"?>
<robot generator="Robot 5.0.1 (Python 3.9.13 on win32)" generated="20230320 09:39:28.467" rpa="false" schemaversion="3">
<suite id="s1" name="02.01" source="c:\Users\Admin\Desktop\Scrum\mixapp_robot\cdt\02.01.robot">
<test id="s1-t1" name="02.01.01.01" line="10">
<kw name="Log" library="BuiltIn">
<arg>Passer à l'étape "Augmentation"</arg>
<doc>Logs the given message with the given level.</doc>
<msg timestamp="20230320 09:39:37.702" level="INFO">Passer à l'étape "Augmentation"</msg>
<status status="PASS" starttime="20230320 09:39:37.702" endtime="20230320 09:39:37.706"/>
</kw>
<kw name="OpenWithChrome" library="resources">
<kw name="Evaluate" library="BuiltIn">
<var>${options}</var>
<arg>sys.modules['selenium.webdriver'].ChromeOptions()</arg>
<arg>modules=sys</arg>
<doc>Evaluates the given expression in Python and returns the result.</doc>
<msg timestamp="20230320 09:39:37.710" level="INFO">${options} = &lt;selenium.webdriver.chrome.options.Options object at 0x00000186E6330F40&gt;</msg>
<status status="PASS" starttime="20230320 09:39:37.710" endtime="20230320 09:39:37.711"/>
</kw>
<kw name="Call Method" library="BuiltIn">
<arg>${options}</arg>
<arg>add_argument</arg>
<arg>--use-fake-ui-for-media-stream</arg>
<doc>Calls the named method of the given object with the provided arguments.</doc>
<status status="PASS" starttime="20230320 09:39:37.712" endtime="20230320 09:39:37.712"/>
</kw>
<kw name="Call Method" library="BuiltIn">
<arg>${options}</arg>
<arg>add_argument</arg>
<arg>--auto-select-desktop-capture-source</arg>
<doc>Calls the named method of the given object with the provided arguments.</doc>
<status status="PASS" starttime="20230320 09:39:37.713" endtime="20230320 09:39:37.713"/>
</kw>
<kw name="OpenMixap" library="resources">
<arg>Chrome</arg>
<arg>${options}</arg>
<kw name="Open Browser" library="SeleniumLibrary">
<arg>${WELCOMEPAGE_URL}</arg>
<arg>${BROWSER}</arg>
<arg>options=${options}</arg>
<doc>Opens a new browser instance to the optional ``url``.</doc>
<msg timestamp="20230320 09:39:37.717" level="INFO">Opening browser 'Chrome' to base url 'https://mixap-dev.surge.sh/'.</msg>
<status status="PASS" starttime="20230320 09:39:37.714" endtime="20230320 09:40:05.730"/>
</kw>
<kw name="Maximize Browser Window" library="SeleniumLibrary">
<doc>Maximizes current browser window.</doc>
<status status="PASS" starttime="20230320 09:40:05.731" endtime="20230320 09:40:05.874"/>
</kw>
<kw name="Set Selenium Speed" library="SeleniumLibrary">
<arg>${DELAY}</arg>
<doc>Sets the delay that is waited after each Selenium command.</doc>
<status status="PASS" starttime="20230320 09:40:05.875" endtime="20230320 09:40:05.877"/>
</kw>
<kw name="Wait Until Element Is Visible" library="SeleniumLibrary">
<arg>${LOGO_XPATH}</arg>
<arg>100000</arg>
<doc>Waits until the element ``locator`` is visible.</doc>
<status status="PASS" starttime="20230320 09:40:05.878" endtime="20230320 09:40:27.890"/>
</kw>
<kw name="WelcomePageShouldBeOpen" library="resources">
<kw name="Title Should Be" library="SeleniumLibrary">
<arg>${TITLE}</arg>
<doc>Verifies that the current page title equals ``title``.</doc>
<msg timestamp="20230320 09:40:27.898" level="INFO">Page title is 'MIXAP'.</msg>
<status status="PASS" starttime="20230320 09:40:27.891" endtime="20230320 09:40:27.898"/>
</kw>
<status status="PASS" starttime="20230320 09:40:27.890" endtime="20230320 09:40:27.898"/>
</kw>
<status status="PASS" starttime="20230320 09:39:37.713" endtime="20230320 09:40:27.899"/>
</kw>
<kw name="Sleep" library="BuiltIn">
<arg>2</arg>
<doc>Pauses the test executed for the given time.</doc>
<msg timestamp="20230320 09:40:29.912" level="INFO">Slept 2 seconds</msg>
<status status="PASS" starttime="20230320 09:40:27.899" endtime="20230320 09:40:29.912"/>
</kw>
<status status="PASS" starttime="20230320 09:39:37.709" endtime="20230320 09:40:29.912"/>
</kw>
<kw name="Click Element" library="SeleniumLibrary">
<arg>${ADD_ACTIVITY}</arg>
<doc>Click the element identified by ``locator``.</doc>
<msg timestamp="20230320 09:40:29.915" level="INFO">Clicking element 'xpath://*[@id="root"]/div/div[2]/div/div[1]/div/div/button'.</msg>
<status status="PASS" starttime="20230320 09:40:29.914" endtime="20230320 09:40:30.028"/>
</kw>
<kw name="Sleep" library="BuiltIn">
<arg>2</arg>
<doc>Pauses the test executed for the given time.</doc>
<msg timestamp="20230320 09:40:32.032" level="INFO">Slept 2 seconds</msg>
<status status="PASS" starttime="20230320 09:40:30.029" endtime="20230320 09:40:32.032"/>
</kw>
<kw name="Click Element" library="SeleniumLibrary">
<arg>${AUGMENTER_UNE_IMAGE}</arg>
<doc>Click the element identified by ``locator``.</doc>
<msg timestamp="20230320 09:40:32.034" level="INFO">Clicking element 'xpath:/html/body/div[2]/div/div[2]/div/div[2]/div[2]/div/div[1]/div[1]'.</msg>
<status status="PASS" starttime="20230320 09:40:32.033" endtime="20230320 09:40:32.117"/>
</kw>
<kw name="Sleep" library="BuiltIn">
<arg>2</arg>
<doc>Pauses the test executed for the given time.</doc>
<msg timestamp="20230320 09:40:34.124" level="INFO">Slept 2 seconds</msg>
<status status="PASS" starttime="20230320 09:40:32.119" endtime="20230320 09:40:34.124"/>
</kw>
<kw name="Click Element" library="SeleniumLibrary">
<arg>xpath:/html/body/div[1]/section/section/main/section/main/header/div/div[3]/div/div[2]</arg>
<doc>Click the element identified by ``locator``.</doc>
<msg timestamp="20230320 09:40:34.127" level="INFO">Clicking element 'xpath:/html/body/div[1]/section/section/main/section/main/header/div/div[3]/div/div[2]'.</msg>
<status status="PASS" starttime="20230320 09:40:34.126" endtime="20230320 09:40:34.209"/>
</kw>
<kw name="Sleep" library="BuiltIn">
<arg>2</arg>
<doc>Pauses the test executed for the given time.</doc>
<msg timestamp="20230320 09:40:36.214" level="INFO">Slept 2 seconds</msg>
<status status="PASS" starttime="20230320 09:40:34.210" endtime="20230320 09:40:36.214"/>
</kw>
<kw name="Element Should Be Visible" library="SeleniumLibrary">
<arg>xpath:/html/body/div[1]/section/section/main/section/main/div/div[2]/div/div/button[1]/span[2]</arg>
<doc>Verifies that the element identified by ``locator`` is visible.</doc>
<msg timestamp="20230320 09:40:36.513" level="INFO">Element 'xpath:/html/body/div[1]/section/section/main/section/main/div/div[2]/div/div/button[1]/span[2]' is displayed.</msg>
<status status="PASS" starttime="20230320 09:40:36.218" endtime="20230320 09:40:36.514"/>
</kw>
<kw name="Close Browser" library="SeleniumLibrary" type="TEARDOWN">
<doc>Closes the current browser.</doc>
<status status="PASS" starttime="20230320 09:40:36.520" endtime="20230320 09:40:59.751"/>
</kw>
<status status="PASS" starttime="20230320 09:39:37.700" endtime="20230320 09:40:59.752"/>
</test>
<status status="PASS" starttime="20230320 09:39:28.512" endtime="20230320 09:40:59.756"/>
</suite>
<statistics>
<total>
<stat pass="1" fail="0" skip="0">All Tests</stat>
</total>
<tag>
</tag>
<suite>
<stat pass="1" fail="0" skip="0" id="s1" name="02.01">02.01</stat>
</suite>
</statistics>
<errors>
</errors>
</robot>
