<?xml version="1.0" encoding="UTF-8"?>
<robot generator="Robot 6.0 (Python 3.10.7 on win32)" generated="20221129 10:42:21.197" rpa="false" schemaversion="3">
<suite id="s1" name="Scenario" source="C:\Users\Admin\Desktop\Scrum\mixapp_robot\scenario.robot">
<test id="s1-t1" name="Test1" line="7">
<kw name="OpenWebSiteChrome" library="ConexionSiteWeb">
<kw name="Evaluate" library="BuiltIn">
<var>${options}</var>
<arg>sys.modules['selenium.webdriver'].ChromeOptions()</arg>
<arg>modules=sys</arg>
<doc>Evaluates the given expression in Python and returns the result.</doc>
<msg timestamp="20221129 10:42:21.676" level="INFO">${options} = &lt;selenium.webdriver.chrome.options.Options object at 0x000001FA93276FE0&gt;</msg>
<status status="PASS" starttime="20221129 10:42:21.676" endtime="20221129 10:42:21.676"/>
</kw>
<kw name="Call Method" library="BuiltIn">
<arg>${options}</arg>
<arg>add_argument</arg>
<arg>--use-fake-ui-for-media-stream</arg>
<doc>Calls the named method of the given object with the provided arguments.</doc>
<status status="PASS" starttime="20221129 10:42:21.676" endtime="20221129 10:42:21.677"/>
</kw>
<kw name="Call Method" library="BuiltIn">
<arg>${options}</arg>
<arg>add_argument</arg>
<arg>--auto-select-desktop-capture-source</arg>
<doc>Calls the named method of the given object with the provided arguments.</doc>
<status status="PASS" starttime="20221129 10:42:21.677" endtime="20221129 10:42:21.677"/>
</kw>
<kw name="OpenMixap" library="resources">
<arg>Chrome</arg>
<arg>${options}</arg>
<kw name="Open Browser" library="Selenium2Library">
<arg>${WELCOMEPAGE_URL}</arg>
<arg>${BROWSER}</arg>
<arg>options=${options}</arg>
<doc>Opens a new browser instance to the optional ``url``.</doc>
<msg timestamp="20221129 10:42:21.679" level="INFO">Opening browser 'Chrome' to base url 'https://mixap-dev.surge.sh/'.</msg>
<status status="PASS" starttime="20221129 10:42:21.678" endtime="20221129 10:42:26.858"/>
</kw>
<kw name="Maximize Browser Window" library="Selenium2Library">
<doc>Maximizes current browser window.</doc>
<status status="PASS" starttime="20221129 10:42:26.858" endtime="20221129 10:42:27.077"/>
</kw>
<kw name="Set Selenium Speed" library="Selenium2Library">
<arg>${DELAY}</arg>
<doc>Sets the delay that is waited after each Selenium command.</doc>
<status status="PASS" starttime="20221129 10:42:27.078" endtime="20221129 10:42:27.078"/>
</kw>
<kw name="Wait Until Element Is Visible" library="Selenium2Library">
<arg>${LOGO_XPATH}</arg>
<arg>100000</arg>
<doc>Waits until the element ``locator`` is visible.</doc>
<status status="PASS" starttime="20221129 10:42:27.079" endtime="20221129 10:42:27.562"/>
</kw>
<kw name="WelcomePageShouldBeOpen" library="resources">
<kw name="Title Should Be" library="Selenium2Library">
<arg>${TITLE}</arg>
<doc>Verifies that the current page title equals ``title``.</doc>
<msg timestamp="20221129 10:42:27.594" level="INFO">Page title is 'MIXAP'.</msg>
<status status="PASS" starttime="20221129 10:42:27.563" endtime="20221129 10:42:27.594"/>
</kw>
<status status="PASS" starttime="20221129 10:42:27.563" endtime="20221129 10:42:27.594"/>
</kw>
<status status="PASS" starttime="20221129 10:42:21.677" endtime="20221129 10:42:27.594"/>
</kw>
<kw name="Sleep" library="BuiltIn">
<arg>2</arg>
<doc>Pauses the test executed for the given time.</doc>
<msg timestamp="20221129 10:42:29.598" level="INFO">Slept 2 seconds</msg>
<status status="PASS" starttime="20221129 10:42:27.595" endtime="20221129 10:42:29.598"/>
</kw>
<status status="PASS" starttime="20221129 10:42:21.675" endtime="20221129 10:42:29.599"/>
</kw>
<kw name="ShowMainMenu" library="AfficherMenuPrincipale">
<kw name="Element Should Be Visible" library="Selenium2Library">
<arg>${LOGO_XPATH}</arg>
<doc>Verifies that the element identified by ``locator`` is visible.</doc>
<msg timestamp="20221129 10:42:29.670" level="INFO">Element 'xpath://*[@id="root"]/div/div[1]/div/div[1]/div/span/span/img' is displayed.</msg>
<status status="PASS" starttime="20221129 10:42:29.602" endtime="20221129 10:42:29.670"/>
</kw>
<status status="PASS" starttime="20221129 10:42:29.601" endtime="20221129 10:42:29.670"/>
</kw>
<kw name="CreateAugmenterUneImageActivity" library="CreateActivity">
<kw name="OpenAddActivityWindow" library="CreateActivity">
<kw name="ClickWindow" library="resources">
<arg>${ADD_ACTIVITY}</arg>
<kw name="Click Button" library="Selenium2Library">
<arg>${Button}</arg>
<doc>Clicks the button identified by ``locator``.</doc>
<msg timestamp="20221129 10:42:29.676" level="INFO">Clicking button 'xpath://*[@id="root"]/div/div[2]/div/div[1]/div/div/button'.</msg>
<status status="PASS" starttime="20221129 10:42:29.675" endtime="20221129 10:42:29.864"/>
</kw>
<status status="PASS" starttime="20221129 10:42:29.674" endtime="20221129 10:42:29.865"/>
</kw>
<kw name="Sleep" library="BuiltIn">
<arg>2</arg>
<doc>Pauses the test executed for the given time.</doc>
<msg timestamp="20221129 10:42:31.881" level="INFO">Slept 2 seconds</msg>
<status status="PASS" starttime="20221129 10:42:29.865" endtime="20221129 10:42:31.881"/>
</kw>
<kw name="Element Should Be Visible" library="Selenium2Library">
<arg>${ADD_ACTIVITY_TXT}</arg>
<doc>Verifies that the element identified by ``locator`` is visible.</doc>
<msg timestamp="20221129 10:42:31.921" level="INFO">Element 'xpath://*[@id=":r0:"]' is displayed.</msg>
<status status="PASS" starttime="20221129 10:42:31.881" endtime="20221129 10:42:31.921"/>
</kw>
<status status="PASS" starttime="20221129 10:42:29.673" endtime="20221129 10:42:31.921"/>
</kw>
<kw name="Click Element" library="Selenium2Library">
<arg>${AUGMENTER_UNE_IMAGE}</arg>
<doc>Click the element identified by ``locator``.</doc>
<msg timestamp="20221129 10:42:31.922" level="INFO">Clicking element 'xpath:/html/body/div[2]/div/div[2]/div/div[2]/div[2]/div/div[1]/div[1]'.</msg>
<status status="PASS" starttime="20221129 10:42:31.921" endtime="20221129 10:42:32.055"/>
</kw>
<kw name="Sleep" library="BuiltIn">
<arg>2</arg>
<doc>Pauses the test executed for the given time.</doc>
<msg timestamp="20221129 10:42:34.069" level="INFO">Slept 2 seconds</msg>
<status status="PASS" starttime="20221129 10:42:32.055" endtime="20221129 10:42:34.069"/>
</kw>
<status status="PASS" starttime="20221129 10:42:29.672" endtime="20221129 10:42:34.070"/>
</kw>
<kw name="PasserEtapeMarqueur" library="Nomage">
<kw name="Click Element" library="Selenium2Library">
<arg>${SUIVANT}</arg>
<doc>Click the element identified by ``locator``.</doc>
<msg timestamp="20221129 10:42:34.081" level="INFO">Clicking element 'xpath://*[@id="board-content"]/footer/div/div/button/span[2]'.</msg>
<status status="PASS" starttime="20221129 10:42:34.078" endtime="20221129 10:42:34.379"/>
</kw>
<kw name="Sleep" library="BuiltIn">
<arg>2</arg>
<doc>Pauses the test executed for the given time.</doc>
<msg timestamp="20221129 10:42:36.385" level="INFO">Slept 2 seconds</msg>
<status status="PASS" starttime="20221129 10:42:34.380" endtime="20221129 10:42:36.385"/>
</kw>
<kw name="Element Should Be Visible" library="Selenium2Library">
<arg>${AUGMENTATION_WINDOW}</arg>
<doc>Verifies that the element identified by ``locator`` is visible.</doc>
<msg timestamp="20221129 10:42:36.751" level="INFO">Element '//*[@id="three-canvas"]/div[3]/div/div' is displayed.</msg>
<status status="PASS" starttime="20221129 10:42:36.386" endtime="20221129 10:42:36.751"/>
</kw>
<status status="PASS" starttime="20221129 10:42:34.076" endtime="20221129 10:42:36.751"/>
</kw>
<kw name="AfficherCreationStage" library="Commun">
<kw name="Get Location" library="Selenium2Library">
<var>${url}</var>
<doc>Returns the current browser window URL.</doc>
<msg timestamp="20221129 10:42:36.773" level="INFO">${url} = https://mixap-dev.surge.sh/edit-activity/uiZAF0rSGHtdZk4pKnrLcb</msg>
<status status="PASS" starttime="20221129 10:42:36.754" endtime="20221129 10:42:36.773"/>
</kw>
<if>
<branch type="IF" condition="&quot;${url}&quot; == &quot;https://mixap-dev.surge.sh/&quot;">
<kw name="CreateAugmenterUneImageActivity" library="CreateActivity">
<status status="NOT RUN" starttime="20221129 10:42:36.773" endtime="20221129 10:42:36.775"/>
</kw>
<kw name="Sleep" library="BuiltIn">
<arg>2</arg>
<doc>Pauses the test executed for the given time.</doc>
<status status="NOT RUN" starttime="20221129 10:42:36.775" endtime="20221129 10:42:36.775"/>
</kw>
<status status="NOT RUN" starttime="20221129 10:42:36.773" endtime="20221129 10:42:36.775"/>
</branch>
<status status="PASS" starttime="20221129 10:42:36.773" endtime="20221129 10:42:36.775"/>
</if>
<kw name="Element Should Be Visible" library="Selenium2Library">
<arg>${ETAPE_NOMMAGE}</arg>
<doc>Verifies that the element identified by ``locator`` is visible.</doc>
<msg timestamp="20221129 10:42:36.815" level="INFO">Element 'xpath:/html/body/div[1]/section/section/main/section/main/header/div/div[1]' is displayed.</msg>
<status status="PASS" starttime="20221129 10:42:36.775" endtime="20221129 10:42:36.815"/>
</kw>
<kw name="Element Should Be Visible" library="Selenium2Library">
<arg>${ETAPE_MARQUEUR}</arg>
<doc>Verifies that the element identified by ``locator`` is visible.</doc>
<msg timestamp="20221129 10:42:36.843" level="INFO">Element 'xpath:html/body/div[1]/section/section/main/section/main/header/div/div[2]' is displayed.</msg>
<status status="PASS" starttime="20221129 10:42:36.815" endtime="20221129 10:42:36.843"/>
</kw>
<kw name="Element Should Be Visible" library="Selenium2Library">
<arg>${ETAPE_AUGMENTATION}</arg>
<doc>Verifies that the element identified by ``locator`` is visible.</doc>
<msg timestamp="20221129 10:42:36.886" level="INFO">Element 'xpath:/html/body/div[1]/section/section/main/section/main/header/div/div[3]' is displayed.</msg>
<status status="PASS" starttime="20221129 10:42:36.843" endtime="20221129 10:42:36.886"/>
</kw>
<kw name="Element Should Be Visible" library="Selenium2Library">
<arg>${ETAPE_ESSAI}</arg>
<doc>Verifies that the element identified by ``locator`` is visible.</doc>
<msg timestamp="20221129 10:42:36.925" level="INFO">Element 'xpath:/html/body/div[1]/section/section/main/section/main/header/div/div[4]' is displayed.</msg>
<status status="PASS" starttime="20221129 10:42:36.886" endtime="20221129 10:42:36.925"/>
</kw>
<status status="PASS" starttime="20221129 10:42:36.754" endtime="20221129 10:42:36.926"/>
</kw>
<kw name="ImporterImage" library="Marqueur">
<kw name="Click Button" library="Selenium2Library">
<arg>${IMPORT_IMAGE}</arg>
<doc>Clicks the button identified by ``locator``.</doc>
<msg timestamp="20221129 10:42:36.927" level="INFO">Clicking button '//div[@id='three-canvas']/div[3]/div/div/div[3]/span/div/span/div/button'.</msg>
<status status="PASS" starttime="20221129 10:42:36.926" endtime="20221129 10:42:37.225"/>
</kw>
<kw name="Sleep" library="BuiltIn">
<arg>2</arg>
<doc>Pauses the test executed for the given time.</doc>
<msg timestamp="20221129 10:42:39.226" level="INFO">Slept 2 seconds</msg>
<status status="PASS" starttime="20221129 10:42:37.225" endtime="20221129 10:42:39.226"/>
</kw>
<kw name="Choose File" library="Selenium2Library">
<arg>${IMPORT_IMAGE}</arg>
<arg>"C:\Users\Admin\Desktop\Scrum\mixapp_robot\resource\IMM.jpg"</arg>
<doc>Inputs the ``file_path`` into the file input field ``locator``.</doc>
<msg timestamp="20221129 10:42:39.228" level="INFO">Sending C:\Users\Admin\Desktop\Scrum\mixapp_robot\"C:UsersAdminDesktopScrummixapp_robotesourceIMM.jpg" to browser.</msg>
<status status="PASS" starttime="20221129 10:42:39.226" endtime="20221129 10:42:39.541"/>
</kw>
<kw name="Sleep" library="BuiltIn">
<arg>2</arg>
<doc>Pauses the test executed for the given time.</doc>
<msg timestamp="20221129 10:42:41.549" level="INFO">Slept 2 seconds</msg>
<status status="PASS" starttime="20221129 10:42:39.542" endtime="20221129 10:42:41.549"/>
</kw>
<status status="PASS" starttime="20221129 10:42:36.926" endtime="20221129 10:42:41.549"/>
</kw>
<kw name="PasserEtapeAugmentation" library="Marqueur">
<kw name="Click Element" library="Selenium2Library">
<arg>${SUIVANT_2}</arg>
<doc>Click the element identified by ``locator``.</doc>
<msg timestamp="20221129 10:42:41.586" level="INFO">Clicking element '//*[@id="board-content"]/footer/div/div[2]/button'.</msg>
<status status="PASS" starttime="20221129 10:42:41.585" endtime="20221129 10:42:42.241"/>
</kw>
<kw name="Sleep" library="BuiltIn">
<arg>2</arg>
<doc>Pauses the test executed for the given time.</doc>
<msg timestamp="20221129 10:42:44.390" level="INFO">Slept 2 seconds</msg>
<status status="PASS" starttime="20221129 10:42:42.242" endtime="20221129 10:42:44.391"/>
</kw>
<kw name="Element Should Be Visible" library="Selenium2Library">
<arg>${TEXT_AUGMENTATION}</arg>
<doc>Verifies that the element identified by ``locator`` is visible.</doc>
<msg timestamp="20221129 10:42:45.112" level="INFO">Element '//*[@id="three-canvas"]/div[2]/div/div/button[1]/span[2]' is displayed.</msg>
<status status="PASS" starttime="20221129 10:42:44.393" endtime="20221129 10:42:45.113"/>
</kw>
<status status="PASS" starttime="20221129 10:42:41.584" endtime="20221129 10:42:45.113"/>
</kw>
<kw name="Close Browser" library="Selenium2Library" type="TEARDOWN">
<doc>Closes the current browser.</doc>
<status status="PASS" starttime="20221129 10:42:45.114" endtime="20221129 10:42:50.403"/>
</kw>
<status status="PASS" starttime="20221129 10:42:21.674" endtime="20221129 10:42:50.404"/>
</test>
<status status="PASS" starttime="20221129 10:42:21.200" endtime="20221129 10:42:50.406"/>
</suite>
<statistics>
<total>
<stat pass="1" fail="0" skip="0">All Tests</stat>
</total>
<tag>
</tag>
<suite>
<stat pass="1" fail="0" skip="0" id="s1" name="Scenario">Scenario</stat>
</suite>
</statistics>
<errors>
</errors>
</robot>
