<?xml version="1.0" encoding="UTF-8"?>
<robot generator="Robot 5.0.1 (Python 3.9.13 on win32)" generated="20230118 10:36:48.415" rpa="false" schemaversion="3">
<suite id="s1" name="01" source="c:\Users\Admin\Desktop\Scrum\mixapp_robot\01\01.robot">
<test id="s1-t1" name="01.11" line="102">
<kw name="Log" library="BuiltIn">
<arg>Ouvrir le menu "Ajouter Activité"</arg>
<doc>Logs the given message with the given level.</doc>
<msg timestamp="20230118 10:36:49.210" level="INFO">Ouvrir le menu "Ajouter Activité"</msg>
<status status="PASS" starttime="20230118 10:36:49.209" endtime="20230118 10:36:49.214"/>
</kw>
<kw name="OpenWithChrome" library="resources">
<kw name="Evaluate" library="BuiltIn">
<var>${options}</var>
<arg>sys.modules['selenium.webdriver'].ChromeOptions()</arg>
<arg>modules=sys</arg>
<doc>Evaluates the given expression in Python and returns the result.</doc>
<msg timestamp="20230118 10:36:49.217" level="INFO">${options} = &lt;selenium.webdriver.chrome.options.Options object at 0x00000194CBC06310&gt;</msg>
<status status="PASS" starttime="20230118 10:36:49.216" endtime="20230118 10:36:49.220"/>
</kw>
<kw name="Call Method" library="BuiltIn">
<arg>${options}</arg>
<arg>add_argument</arg>
<arg>--use-fake-ui-for-media-stream</arg>
<doc>Calls the named method of the given object with the provided arguments.</doc>
<status status="PASS" starttime="20230118 10:36:49.220" endtime="20230118 10:36:49.222"/>
</kw>
<kw name="Call Method" library="BuiltIn">
<arg>${options}</arg>
<arg>add_argument</arg>
<arg>--auto-select-desktop-capture-source</arg>
<doc>Calls the named method of the given object with the provided arguments.</doc>
<status status="PASS" starttime="20230118 10:36:49.223" endtime="20230118 10:36:49.223"/>
</kw>
<kw name="OpenMixap" library="resources">
<arg>Chrome</arg>
<arg>${options}</arg>
<kw name="Open Browser" library="Selenium2Library">
<arg>${WELCOMEPAGE_URL}</arg>
<arg>${BROWSER}</arg>
<arg>options=${options}</arg>
<doc>Opens a new browser instance to the optional ``url``.</doc>
<msg timestamp="20230118 10:36:49.226" level="INFO">Opening browser 'Chrome' to base url 'https://mixap-dev.surge.sh/'.</msg>
<status status="PASS" starttime="20230118 10:36:49.225" endtime="20230118 10:37:18.001"/>
</kw>
<kw name="Maximize Browser Window" library="Selenium2Library">
<doc>Maximizes current browser window.</doc>
<status status="PASS" starttime="20230118 10:37:18.001" endtime="20230118 10:37:18.125"/>
</kw>
<kw name="Set Selenium Speed" library="Selenium2Library">
<arg>${DELAY}</arg>
<doc>Sets the delay that is waited after each Selenium command.</doc>
<status status="PASS" starttime="20230118 10:37:18.125" endtime="20230118 10:37:18.126"/>
</kw>
<kw name="Wait Until Element Is Visible" library="Selenium2Library">
<arg>${LOGO_XPATH}</arg>
<arg>100000</arg>
<doc>Waits until the element ``locator`` is visible.</doc>
<status status="PASS" starttime="20230118 10:37:18.127" endtime="20230118 10:37:19.515"/>
</kw>
<kw name="WelcomePageShouldBeOpen" library="resources">
<kw name="Title Should Be" library="Selenium2Library">
<arg>${TITLE}</arg>
<doc>Verifies that the current page title equals ``title``.</doc>
<msg timestamp="20230118 10:37:19.522" level="INFO">Page title is 'MIXAP'.</msg>
<status status="PASS" starttime="20230118 10:37:19.516" endtime="20230118 10:37:19.522"/>
</kw>
<status status="PASS" starttime="20230118 10:37:19.515" endtime="20230118 10:37:19.523"/>
</kw>
<status status="PASS" starttime="20230118 10:36:49.224" endtime="20230118 10:37:19.523"/>
</kw>
<kw name="Sleep" library="BuiltIn">
<arg>2</arg>
<doc>Pauses the test executed for the given time.</doc>
<msg timestamp="20230118 10:37:21.531" level="INFO">Slept 2 seconds</msg>
<status status="PASS" starttime="20230118 10:37:19.524" endtime="20230118 10:37:21.531"/>
</kw>
<status status="PASS" starttime="20230118 10:36:49.215" endtime="20230118 10:37:21.532"/>
</kw>
<kw name="Click Element" library="Selenium2Library">
<arg>${ADD_ACTIVITY}</arg>
<doc>Click the element identified by ``locator``.</doc>
<msg timestamp="20230118 10:37:21.534" level="INFO">Clicking element 'xpath://*[@id="root"]/div/div[2]/div/div[1]/div/div/button'.</msg>
<status status="PASS" starttime="20230118 10:37:21.533" endtime="20230118 10:37:21.631"/>
</kw>
<kw name="Sleep" library="BuiltIn">
<arg>${PAUSE}</arg>
<doc>Pauses the test executed for the given time.</doc>
<msg timestamp="20230118 10:37:23.634" level="INFO">Slept 2 seconds</msg>
<status status="PASS" starttime="20230118 10:37:21.632" endtime="20230118 10:37:23.634"/>
</kw>
<kw name="Element Should Be Visible" library="Selenium2Library">
<arg>${ADD_ACTIVITY_TXT}</arg>
<doc>Verifies that the element identified by ``locator`` is visible.</doc>
<msg timestamp="20230118 10:37:23.667" level="INFO">Element 'xpath://*[@id=":r0:"]' is displayed.</msg>
<status status="PASS" starttime="20230118 10:37:23.635" endtime="20230118 10:37:23.667"/>
</kw>
<kw name="Close Browser" library="Selenium2Library" type="TEARDOWN">
<doc>Closes the current browser.</doc>
<status status="PASS" starttime="20230118 10:37:23.669" endtime="20230118 10:37:46.914"/>
</kw>
<status status="PASS" starttime="20230118 10:36:49.207" endtime="20230118 10:37:46.914"/>
</test>
<doc>Menu Principal</doc>
<status status="PASS" starttime="20230118 10:36:48.429" endtime="20230118 10:37:46.917"/>
</suite>
<statistics>
<total>
<stat pass="1" fail="0" skip="0">All Tests</stat>
</total>
<tag>
</tag>
<suite>
<stat pass="1" fail="0" skip="0" id="s1" name="01">01</stat>
</suite>
</statistics>
<errors>
</errors>
</robot>
