<?xml version="1.0" encoding="UTF-8"?>
<robot generator="Robot 6.0 (Python 3.10.7 on win32)" generated="20221128 15:09:04.045" rpa="false" schemaversion="3">
<suite id="s1" name="Scenario" source="C:\Users\Admin\Desktop\Scrum\mixapp_robot\scenario.robot">
<test id="s1-t1" name="Test1" line="13">
<kw name="OpenWebSiteChrome" library="ConexionSiteWeb">
<kw name="OpenMixap" library="resources">
<arg>Chrome</arg>
<kw name="Open Browser" library="Selenium2Library">
<arg>${WELCOMEPAGE_URL}</arg>
<arg>${BROWSER}</arg>
<doc>Opens a new browser instance to the optional ``url``.</doc>
<msg timestamp="20221128 15:09:04.893" level="INFO">Opening browser 'Chrome' to base url 'https://mixap-dev.surge.sh/'.</msg>
<status status="PASS" starttime="20221128 15:09:04.891" endtime="20221128 15:09:41.852"/>
</kw>
<kw name="Maximize Browser Window" library="Selenium2Library">
<doc>Maximizes current browser window.</doc>
<status status="PASS" starttime="20221128 15:09:41.853" endtime="20221128 15:09:41.994"/>
</kw>
<kw name="Set Selenium Speed" library="Selenium2Library">
<arg>${DELAY}</arg>
<doc>Sets the delay that is waited after each Selenium command.</doc>
<status status="PASS" starttime="20221128 15:09:41.994" endtime="20221128 15:09:42.004"/>
</kw>
<kw name="Wait Until Element Is Visible" library="Selenium2Library">
<arg>${LOGO_XPATH}</arg>
<arg>100000</arg>
<doc>Waits until the element ``locator`` is visible.</doc>
<status status="PASS" starttime="20221128 15:09:42.005" endtime="20221128 15:09:43.403"/>
</kw>
<kw name="WelcomePageShouldBeOpen" library="resources">
<kw name="Title Should Be" library="Selenium2Library">
<arg>${TITLE}</arg>
<doc>Verifies that the current page title equals ``title``.</doc>
<msg timestamp="20221128 15:09:43.411" level="INFO">Page title is 'MIXAP'.</msg>
<status status="PASS" starttime="20221128 15:09:43.404" endtime="20221128 15:09:43.411"/>
</kw>
<status status="PASS" starttime="20221128 15:09:43.403" endtime="20221128 15:09:43.411"/>
</kw>
<status status="PASS" starttime="20221128 15:09:04.890" endtime="20221128 15:09:43.411"/>
</kw>
<kw name="Sleep" library="BuiltIn">
<arg>2</arg>
<doc>Pauses the test executed for the given time.</doc>
<msg timestamp="20221128 15:09:45.413" level="INFO">Slept 2 seconds</msg>
<status status="PASS" starttime="20221128 15:09:43.412" endtime="20221128 15:09:45.413"/>
</kw>
<status status="PASS" starttime="20221128 15:09:04.889" endtime="20221128 15:09:45.413"/>
</kw>
<kw name="ShowMainMenu" library="AfficherMenuPrincipale">
<kw name="Element Should Be Visible" library="Selenium2Library">
<arg>${LOGO_XPATH}</arg>
<doc>Verifies that the element identified by ``locator`` is visible.</doc>
<msg timestamp="20221128 15:09:45.440" level="INFO">Element 'xpath://*[@id="root"]/div/div[1]/div/div[1]/div/span/span/img' is displayed.</msg>
<status status="PASS" starttime="20221128 15:09:45.414" endtime="20221128 15:09:45.440"/>
</kw>
<status status="PASS" starttime="20221128 15:09:45.414" endtime="20221128 15:09:45.440"/>
</kw>
<kw name="AfficherCreationStage" library="Nomage">
<kw name="CreateAugmenterUneImageActivity" library="CreateActivity">
<kw name="OpenAddActivityWindow" library="CreateActivity">
<kw name="ClickWindow" library="resources">
<arg>${ADD_ACTIVITY}</arg>
<kw name="Click Button" library="Selenium2Library">
<arg>${Button}</arg>
<doc>Clicks the button identified by ``locator``.</doc>
<msg timestamp="20221128 15:09:45.443" level="INFO">Clicking button 'xpath://*[@id="root"]/div/div[2]/div/div[1]/div/div/button'.</msg>
<status status="PASS" starttime="20221128 15:09:45.443" endtime="20221128 15:09:45.625"/>
</kw>
<status status="PASS" starttime="20221128 15:09:45.442" endtime="20221128 15:09:45.626"/>
</kw>
<kw name="Sleep" library="BuiltIn">
<arg>2</arg>
<doc>Pauses the test executed for the given time.</doc>
<msg timestamp="20221128 15:09:47.629" level="INFO">Slept 2 seconds</msg>
<status status="PASS" starttime="20221128 15:09:45.626" endtime="20221128 15:09:47.629"/>
</kw>
<kw name="Element Should Be Visible" library="Selenium2Library">
<arg>${ADD_ACTIVITY_TXT}</arg>
<doc>Verifies that the element identified by ``locator`` is visible.</doc>
<msg timestamp="20221128 15:09:47.667" level="INFO">Element 'xpath://*[@id=":r0:"]' is displayed.</msg>
<status status="PASS" starttime="20221128 15:09:47.629" endtime="20221128 15:09:47.668"/>
</kw>
<status status="PASS" starttime="20221128 15:09:45.442" endtime="20221128 15:09:47.668"/>
</kw>
<kw name="Click Element" library="Selenium2Library">
<arg>${AUGMENTER_UNE_IMAGE}</arg>
<doc>Click the element identified by ``locator``.</doc>
<msg timestamp="20221128 15:09:47.669" level="INFO">Clicking element 'xpath:/html/body/div[2]/div/div[2]/div/div[2]/div[2]/div/div[1]/div[1]'.</msg>
<status status="PASS" starttime="20221128 15:09:47.668" endtime="20221128 15:09:47.780"/>
</kw>
<kw name="Sleep" library="BuiltIn">
<arg>2</arg>
<doc>Pauses the test executed for the given time.</doc>
<msg timestamp="20221128 15:09:49.788" level="INFO">Slept 2 seconds</msg>
<status status="PASS" starttime="20221128 15:09:47.780" endtime="20221128 15:09:49.788"/>
</kw>
<status status="PASS" starttime="20221128 15:09:45.441" endtime="20221128 15:09:49.788"/>
</kw>
<kw name="Sleep" library="BuiltIn">
<arg>2</arg>
<doc>Pauses the test executed for the given time.</doc>
<msg timestamp="20221128 15:09:51.803" level="INFO">Slept 2 seconds</msg>
<status status="PASS" starttime="20221128 15:09:49.789" endtime="20221128 15:09:51.803"/>
</kw>
<kw name="Element Should Be Visible" library="Selenium2Library">
<arg>${ETAPE_NOMMAGE}</arg>
<doc>Verifies that the element identified by ``locator`` is visible.</doc>
<msg timestamp="20221128 15:09:51.836" level="INFO">Element 'xpath:/html/body/div[1]/section/section/main/section/main/header/div/div[1]' is displayed.</msg>
<status status="PASS" starttime="20221128 15:09:51.803" endtime="20221128 15:09:51.836"/>
</kw>
<kw name="Element Should Be Visible" library="Selenium2Library">
<arg>${ETAPE_MARQUEUR}</arg>
<doc>Verifies that the element identified by ``locator`` is visible.</doc>
<msg timestamp="20221128 15:09:51.868" level="INFO">Element 'xpath:html/body/div[1]/section/section/main/section/main/header/div/div[2]' is displayed.</msg>
<status status="PASS" starttime="20221128 15:09:51.836" endtime="20221128 15:09:51.868"/>
</kw>
<kw name="Element Should Be Visible" library="Selenium2Library">
<arg>${ETAPE_AUGMENTATION}</arg>
<doc>Verifies that the element identified by ``locator`` is visible.</doc>
<msg timestamp="20221128 15:09:51.902" level="INFO">Element 'xpath:/html/body/div[1]/section/section/main/section/main/header/div/div[3]' is displayed.</msg>
<status status="PASS" starttime="20221128 15:09:51.869" endtime="20221128 15:09:51.902"/>
</kw>
<kw name="Element Should Be Visible" library="Selenium2Library">
<arg>${ETAPE_ESSAI}</arg>
<doc>Verifies that the element identified by ``locator`` is visible.</doc>
<msg timestamp="20221128 15:09:51.934" level="INFO">Element 'xpath:/html/body/div[1]/section/section/main/section/main/header/div/div[4]' is displayed.</msg>
<status status="PASS" starttime="20221128 15:09:51.903" endtime="20221128 15:09:51.934"/>
</kw>
<status status="PASS" starttime="20221128 15:09:45.441" endtime="20221128 15:09:51.934"/>
</kw>
<kw name="ModifyTitle" library="Nomage">
<kw name="Click Element" library="Selenium2Library">
<arg>${BOUTON_TITRE_MODIFIER}</arg>
<doc>Click the element identified by ``locator``.</doc>
<msg timestamp="20221128 15:09:51.937" level="INFO">Clicking element 'xpath://*[@id="board-content"]/div/div/div/div[2]/div/div[1]/h5/div/span'.</msg>
<status status="PASS" starttime="20221128 15:09:51.936" endtime="20221128 15:09:52.114"/>
</kw>
<kw name="Press Keys" library="Selenium2Library">
<arg>none</arg>
<arg>CONTROL+A</arg>
<doc>Simulates the user pressing key(s) to an element or on the active browser.</doc>
<msg timestamp="20221128 15:09:52.116" level="INFO">Sending key(s) ('CONTROL+A',) to page.</msg>
<msg timestamp="20221128 15:09:52.116" level="INFO">Pressing special key CONTROL down.</msg>
<msg timestamp="20221128 15:09:52.212" level="INFO">Sending key A</msg>
<msg timestamp="20221128 15:09:52.212" level="INFO">Releasing special key CONTROL.</msg>
<status status="PASS" starttime="20221128 15:09:52.115" endtime="20221128 15:09:52.359"/>
</kw>
<kw name="Sleep" library="BuiltIn">
<arg>2</arg>
<doc>Pauses the test executed for the given time.</doc>
<msg timestamp="20221128 15:09:54.362" level="INFO">Slept 2 seconds</msg>
<status status="PASS" starttime="20221128 15:09:52.359" endtime="20221128 15:09:54.362"/>
</kw>
<kw name="Press Keys" library="Selenium2Library">
<arg>none</arg>
<arg>${TITRE}</arg>
<doc>Simulates the user pressing key(s) to an element or on the active browser.</doc>
<msg timestamp="20221128 15:09:54.364" level="INFO">Sending key(s) ('TitreTest',) to page.</msg>
<msg timestamp="20221128 15:09:54.365" level="INFO">Sending keys TitreTest</msg>
<status status="PASS" starttime="20221128 15:09:54.363" endtime="20221128 15:09:54.481"/>
</kw>
<kw name="Sleep" library="BuiltIn">
<arg>2</arg>
<doc>Pauses the test executed for the given time.</doc>
<msg timestamp="20221128 15:09:56.490" level="INFO">Slept 2 seconds</msg>
<status status="PASS" starttime="20221128 15:09:54.481" endtime="20221128 15:09:56.490"/>
</kw>
<kw name="Element Should Contain" library="Selenium2Library">
<arg>${EMPLACEMENT_TITRE}</arg>
<arg>${TITRE}</arg>
<doc>Verifies that element ``locator`` contains text ``expected``.</doc>
<msg timestamp="20221128 15:09:57.033" level="INFO" html="true">&lt;/td&gt;&lt;/tr&gt;&lt;tr&gt;&lt;td colspan="3"&gt;&lt;a href="selenium-screenshot-1.png"&gt;&lt;img src="selenium-screenshot-1.png" width="800px"&gt;&lt;/a&gt;</msg>
<msg timestamp="20221128 15:09:57.033" level="FAIL">Element 'xpath://*[@id="board-content"]/div/div/div/div[2]/div/div[1]' should have contained text 'TitreTest' but its text was 'Visualiser l’image'.</msg>
<status status="FAIL" starttime="20221128 15:09:56.490" endtime="20221128 15:09:57.108"/>
</kw>
<status status="FAIL" starttime="20221128 15:09:51.935" endtime="20221128 15:09:57.108"/>
</kw>
<kw name="ModifyDesc" library="Nomage">
<status status="NOT RUN" starttime="20221128 15:09:57.109" endtime="20221128 15:09:57.109"/>
</kw>
<kw name="PasserEtapeSuivante" library="Nomage">
<status status="NOT RUN" starttime="20221128 15:09:57.110" endtime="20221128 15:09:57.110"/>
</kw>
<kw name="Close Browser" library="Selenium2Library" type="TEARDOWN">
<doc>Closes the current browser.</doc>
<status status="PASS" starttime="20221128 15:09:57.111" endtime="20221128 15:10:22.599"/>
</kw>
<status status="FAIL" starttime="20221128 15:09:04.888" endtime="20221128 15:10:22.600">Element 'xpath://*[@id="board-content"]/div/div/div/div[2]/div/div[1]' should have contained text 'TitreTest' but its text was 'Visualiser l’image'.</status>
</test>
<status status="FAIL" starttime="20221128 15:09:04.049" endtime="20221128 15:10:22.603"/>
</suite>
<statistics>
<total>
<stat pass="0" fail="1" skip="0">All Tests</stat>
</total>
<tag>
</tag>
<suite>
<stat pass="0" fail="1" skip="0" id="s1" name="Scenario">Scenario</stat>
</suite>
</statistics>
<errors>
<msg timestamp="20221128 15:09:04.820" level="ERROR">Error in file 'C:\Users\Admin\Desktop\Scrum\mixapp_robot\scenario.robot' on line 3: Resource file 'CasDeTest.robot' does not exist.</msg>
</errors>
</robot>
