<?xml version="1.0" encoding="UTF-8"?>
<robot generator="Robot 6.0 (Python 3.10.7 on win32)" generated="20221128 10:25:24.001" rpa="false" schemaversion="3">
<suite id="s1" name="Scenario" source="C:\Users\Admin\Desktop\Scrum\mixapp_robot\scenario.robot">
<test id="s1-t1" name="Test1" line="13">
<kw name="OpenWebSiteChrome" library="ConexionSiteWeb">
<kw name="OpenMixap" library="resources">
<arg>Chrome</arg>
<kw name="Open Browser" library="Selenium2Library">
<arg>${WELCOMEPAGE_URL}</arg>
<arg>${BROWSER}</arg>
<doc>Opens a new browser instance to the optional ``url``.</doc>
<msg timestamp="20221128 10:25:25.208" level="INFO">Opening browser 'Chrome' to base url 'https://mixap-dev.surge.sh/'.</msg>
<status status="PASS" starttime="20221128 10:25:25.207" endtime="20221128 10:25:30.745"/>
</kw>
<kw name="Maximize Browser Window" library="Selenium2Library">
<doc>Maximizes current browser window.</doc>
<status status="PASS" starttime="20221128 10:25:30.746" endtime="20221128 10:25:30.930"/>
</kw>
<kw name="Set Selenium Speed" library="Selenium2Library">
<arg>${DELAY}</arg>
<doc>Sets the delay that is waited after each Selenium command.</doc>
<status status="PASS" starttime="20221128 10:25:30.931" endtime="20221128 10:25:30.933"/>
</kw>
<kw name="Wait Until Element Is Visible" library="Selenium2Library">
<arg>${LOGO_XPATH}</arg>
<arg>100000</arg>
<doc>Waits until the element ``locator`` is visible.</doc>
<status status="PASS" starttime="20221128 10:25:30.933" endtime="20221128 10:25:31.349"/>
</kw>
<kw name="WelcomePageShouldBeOpen" library="resources">
<kw name="Title Should Be" library="Selenium2Library">
<arg>${TITLE}</arg>
<doc>Verifies that the current page title equals ``title``.</doc>
<msg timestamp="20221128 10:25:31.362" level="INFO">Page title is 'MIXAP'.</msg>
<status status="PASS" starttime="20221128 10:25:31.350" endtime="20221128 10:25:31.362"/>
</kw>
<status status="PASS" starttime="20221128 10:25:31.349" endtime="20221128 10:25:31.362"/>
</kw>
<status status="PASS" starttime="20221128 10:25:25.207" endtime="20221128 10:25:31.363"/>
</kw>
<kw name="Sleep" library="BuiltIn">
<arg>2</arg>
<doc>Pauses the test executed for the given time.</doc>
<msg timestamp="20221128 10:25:33.390" level="INFO">Slept 2 seconds</msg>
<status status="PASS" starttime="20221128 10:25:31.363" endtime="20221128 10:25:33.390"/>
</kw>
<status status="PASS" starttime="20221128 10:25:25.206" endtime="20221128 10:25:33.391"/>
</kw>
<kw name="ShowMainMenu" library="AfficherMenuPrincipale">
<kw name="Element Should Be Visible" library="Selenium2Library">
<arg>${LOGO_XPATH}</arg>
<doc>Verifies that the element identified by ``locator`` is visible.</doc>
<msg timestamp="20221128 10:25:33.463" level="INFO">Element 'xpath://*[@id="root"]/div/div[1]/div/div[1]/div/span/span/img' is displayed.</msg>
<status status="PASS" starttime="20221128 10:25:33.430" endtime="20221128 10:25:33.463"/>
</kw>
<status status="PASS" starttime="20221128 10:25:33.429" endtime="20221128 10:25:33.463"/>
</kw>
<kw name="AfficherCreationStage" library="Nomage">
<kw name="CreateAugmenterUneImageActivity" library="CreateActivity">
<kw name="OpenAddActivityWindow" library="CreateActivity">
<kw name="ClickWindow" library="resources">
<arg>${ADD_ACTIVITY}</arg>
<kw name="Click Button" library="Selenium2Library">
<arg>${Button}</arg>
<doc>Clicks the button identified by ``locator``.</doc>
<msg timestamp="20221128 10:25:33.467" level="INFO">Clicking button 'xpath://*[@id="root"]/div/div[2]/div/div[1]/div/div/button'.</msg>
<status status="PASS" starttime="20221128 10:25:33.466" endtime="20221128 10:25:33.664"/>
</kw>
<status status="PASS" starttime="20221128 10:25:33.466" endtime="20221128 10:25:33.665"/>
</kw>
<kw name="Sleep" library="BuiltIn">
<arg>2</arg>
<doc>Pauses the test executed for the given time.</doc>
<msg timestamp="20221128 10:25:35.675" level="INFO">Slept 2 seconds</msg>
<status status="PASS" starttime="20221128 10:25:33.665" endtime="20221128 10:25:35.675"/>
</kw>
<kw name="Element Should Be Visible" library="Selenium2Library">
<arg>${ADD_ACTIVITY_TXT}</arg>
<doc>Verifies that the element identified by ``locator`` is visible.</doc>
<msg timestamp="20221128 10:25:35.701" level="INFO">Element 'xpath://*[@id=":r0:"]' is displayed.</msg>
<status status="PASS" starttime="20221128 10:25:35.675" endtime="20221128 10:25:35.701"/>
</kw>
<status status="PASS" starttime="20221128 10:25:33.465" endtime="20221128 10:25:35.701"/>
</kw>
<kw name="Click Element" library="Selenium2Library">
<arg>${AUGMENTER_UNE_IMAGE}</arg>
<doc>Click the element identified by ``locator``.</doc>
<msg timestamp="20221128 10:25:35.702" level="INFO">Clicking element 'xpath:/html/body/div[2]/div/div[2]/div/div[2]/div[2]/div/div[1]/div[1]'.</msg>
<status status="PASS" starttime="20221128 10:25:35.701" endtime="20221128 10:25:35.786"/>
</kw>
<kw name="Sleep" library="BuiltIn">
<arg>2</arg>
<doc>Pauses the test executed for the given time.</doc>
<msg timestamp="20221128 10:25:37.798" level="INFO">Slept 2 seconds</msg>
<status status="PASS" starttime="20221128 10:25:35.787" endtime="20221128 10:25:37.798"/>
</kw>
<status status="PASS" starttime="20221128 10:25:33.465" endtime="20221128 10:25:37.798"/>
</kw>
<kw name="Sleep" library="BuiltIn">
<arg>2</arg>
<doc>Pauses the test executed for the given time.</doc>
<msg timestamp="20221128 10:25:39.813" level="INFO">Slept 2 seconds</msg>
<status status="PASS" starttime="20221128 10:25:37.798" endtime="20221128 10:25:39.813"/>
</kw>
<kw name="Element Should Be Visible" library="Selenium2Library">
<arg>${ETAPE_NOMMAGE}</arg>
<doc>Verifies that the element identified by ``locator`` is visible.</doc>
<msg timestamp="20221128 10:25:39.839" level="INFO">Element 'xpath:/html/body/div[1]/section/section/main/section/main/header/div/div[1]' is displayed.</msg>
<status status="PASS" starttime="20221128 10:25:39.813" endtime="20221128 10:25:39.839"/>
</kw>
<kw name="Element Should Be Visible" library="Selenium2Library">
<arg>${ETAPE_MARQUEUR}</arg>
<doc>Verifies that the element identified by ``locator`` is visible.</doc>
<msg timestamp="20221128 10:25:39.867" level="INFO">Element 'xpath:html/body/div[1]/section/section/main/section/main/header/div/div[2]' is displayed.</msg>
<status status="PASS" starttime="20221128 10:25:39.839" endtime="20221128 10:25:39.867"/>
</kw>
<kw name="Element Should Be Visible" library="Selenium2Library">
<arg>${ETAPE_AUGMENTATION}</arg>
<doc>Verifies that the element identified by ``locator`` is visible.</doc>
<msg timestamp="20221128 10:25:39.891" level="INFO">Element 'xpath:/html/body/div[1]/section/section/main/section/main/header/div/div[3]' is displayed.</msg>
<status status="PASS" starttime="20221128 10:25:39.867" endtime="20221128 10:25:39.891"/>
</kw>
<kw name="Element Should Be Visible" library="Selenium2Library">
<arg>${ETAPE_ESSAI}</arg>
<doc>Verifies that the element identified by ``locator`` is visible.</doc>
<msg timestamp="20221128 10:25:39.914" level="INFO">Element 'xpath:/html/body/div[1]/section/section/main/section/main/header/div/div[4]' is displayed.</msg>
<status status="PASS" starttime="20221128 10:25:39.891" endtime="20221128 10:25:39.914"/>
</kw>
<status status="PASS" starttime="20221128 10:25:33.464" endtime="20221128 10:25:39.914"/>
</kw>
<kw name="ModifyTitle" library="Nomage">
<kw name="Click Element" library="Selenium2Library">
<arg>${BOUTON_TITRE_MODIFIER}</arg>
<doc>Click the element identified by ``locator``.</doc>
<msg timestamp="20221128 10:25:39.916" level="INFO">Clicking element 'xpath://*[@id="board-content"]/div/div/div/div[2]/div/div[1]/h5/div/span'.</msg>
<status status="PASS" starttime="20221128 10:25:39.915" endtime="20221128 10:25:40.024"/>
</kw>
<kw name="Press Keys" library="Selenium2Library">
<arg>none</arg>
<arg>CONTROL+A</arg>
<doc>Simulates the user pressing key(s) to an element or on the active browser.</doc>
<msg timestamp="20221128 10:25:40.025" level="INFO">Sending key(s) ('CONTROL+A',) to page.</msg>
<msg timestamp="20221128 10:25:40.025" level="INFO">Pressing special key CONTROL down.</msg>
<msg timestamp="20221128 10:25:40.026" level="INFO">Sending key A</msg>
<msg timestamp="20221128 10:25:40.026" level="INFO">Releasing special key CONTROL.</msg>
<status status="PASS" starttime="20221128 10:25:40.024" endtime="20221128 10:25:40.046"/>
</kw>
<kw name="Sleep" library="BuiltIn">
<arg>2</arg>
<doc>Pauses the test executed for the given time.</doc>
<msg timestamp="20221128 10:25:42.054" level="INFO">Slept 2 seconds</msg>
<status status="PASS" starttime="20221128 10:25:40.046" endtime="20221128 10:25:42.054"/>
</kw>
<kw name="Press Keys" library="Selenium2Library">
<arg>none</arg>
<arg>${TITRE}</arg>
<doc>Simulates the user pressing key(s) to an element or on the active browser.</doc>
<msg timestamp="20221128 10:25:42.055" level="INFO">Sending key(s) ('TitreTest',) to page.</msg>
<msg timestamp="20221128 10:25:42.055" level="INFO">Sending keys TitreTest</msg>
<status status="PASS" starttime="20221128 10:25:42.054" endtime="20221128 10:25:42.120"/>
</kw>
<kw name="Sleep" library="BuiltIn">
<arg>2</arg>
<doc>Pauses the test executed for the given time.</doc>
<msg timestamp="20221128 10:25:44.130" level="INFO">Slept 2 seconds</msg>
<status status="PASS" starttime="20221128 10:25:42.120" endtime="20221128 10:25:44.130"/>
</kw>
<kw name="Element Should Contain" library="Selenium2Library">
<arg>${EMPLACEMENT_TITRE}</arg>
<arg>${TITRE}</arg>
<doc>Verifies that element ``locator`` contains text ``expected``.</doc>
<msg timestamp="20221128 10:25:44.189" level="INFO">Element 'xpath://*[@id="board-content"]/div/div/div/div[2]/div/div[1]' contains text 'TitreTest'.</msg>
<status status="PASS" starttime="20221128 10:25:44.131" endtime="20221128 10:25:44.189"/>
</kw>
<status status="PASS" starttime="20221128 10:25:39.915" endtime="20221128 10:25:44.189"/>
</kw>
<kw name="ModifyDesc" library="Nomage">
<kw name="Click Element" library="Selenium2Library">
<arg>${BOUTON_DESCRIPTION_MODIFIER}</arg>
<doc>Click the element identified by ``locator``.</doc>
<msg timestamp="20221128 10:25:44.193" level="INFO">Clicking element 'xpath://*[@id="board-content"]/div/div/div/div[2]/div/div[2]/span/div'.</msg>
<status status="PASS" starttime="20221128 10:25:44.192" endtime="20221128 10:25:44.274"/>
</kw>
<kw name="Press Keys" library="Selenium2Library">
<arg>none</arg>
<arg>CONTROL+A</arg>
<doc>Simulates the user pressing key(s) to an element or on the active browser.</doc>
<msg timestamp="20221128 10:25:44.275" level="INFO">Sending key(s) ('CONTROL+A',) to page.</msg>
<msg timestamp="20221128 10:25:44.276" level="INFO">Pressing special key CONTROL down.</msg>
<msg timestamp="20221128 10:25:44.276" level="INFO">Sending key A</msg>
<msg timestamp="20221128 10:25:44.276" level="INFO">Releasing special key CONTROL.</msg>
<status status="PASS" starttime="20221128 10:25:44.274" endtime="20221128 10:25:44.331"/>
</kw>
<kw name="Sleep" library="BuiltIn">
<arg>2</arg>
<doc>Pauses the test executed for the given time.</doc>
<msg timestamp="20221128 10:25:46.346" level="INFO">Slept 2 seconds</msg>
<status status="PASS" starttime="20221128 10:25:44.332" endtime="20221128 10:25:46.347"/>
</kw>
<kw name="Press Keys" library="Selenium2Library">
<arg>none</arg>
<arg>${DESCRIPTION}</arg>
<doc>Simulates the user pressing key(s) to an element or on the active browser.</doc>
<msg timestamp="20221128 10:25:46.348" level="INFO">Sending key(s) ('Ceci est une description',) to page.</msg>
<msg timestamp="20221128 10:25:46.348" level="INFO">Sending keys Ceci est une description</msg>
<status status="PASS" starttime="20221128 10:25:46.347" endtime="20221128 10:25:46.901"/>
</kw>
<kw name="Sleep" library="BuiltIn">
<arg>2</arg>
<doc>Pauses the test executed for the given time.</doc>
<msg timestamp="20221128 10:25:48.914" level="INFO">Slept 2 seconds</msg>
<status status="PASS" starttime="20221128 10:25:46.901" endtime="20221128 10:25:48.914"/>
</kw>
<kw name="Element Should Contain" library="Selenium2Library">
<arg>${EMPLACEMENT_DESCRIPTION}</arg>
<arg>${DESCRIPTION}</arg>
<doc>Verifies that element ``locator`` contains text ``expected``.</doc>
<msg timestamp="20221128 10:25:49.287" level="INFO">Element 'xpath://*[@id="board-content"]/div/div/div/div[2]/div/div[2]' contains text 'Ceci est une description'.</msg>
<status status="PASS" starttime="20221128 10:25:48.914" endtime="20221128 10:25:49.287"/>
</kw>
<status status="PASS" starttime="20221128 10:25:44.191" endtime="20221128 10:25:49.288"/>
</kw>
<kw name="PasserEtapeSuivante" library="Nomage">
<kw name="Click Element" library="Selenium2Library">
<arg>${SUIVANT}</arg>
<doc>Click the element identified by ``locator``.</doc>
<msg timestamp="20221128 10:25:49.289" level="INFO">Clicking element 'xpath://*[@id="board-content"]/footer/div/div/button/span[2]'.</msg>
<status status="PASS" starttime="20221128 10:25:49.289" endtime="20221128 10:25:50.050"/>
</kw>
<kw name="Sleep" library="BuiltIn">
<arg>2</arg>
<doc>Pauses the test executed for the given time.</doc>
<msg timestamp="20221128 10:25:52.052" level="INFO">Slept 2 seconds</msg>
<status status="PASS" starttime="20221128 10:25:50.050" endtime="20221128 10:25:52.052"/>
</kw>
<kw name="Element Should Be Visible" library="Selenium2Library">
<arg>${PRENDRE_PHOTO}</arg>
<doc>Verifies that the element identified by ``locator`` is visible.</doc>
<msg timestamp="20221128 10:25:52.078" level="INFO">Element 'xpath://*[@id="three-canvas"]/div[3]/div/div/div[1]/button/div/div[2]/div' is displayed.</msg>
<status status="PASS" starttime="20221128 10:25:52.052" endtime="20221128 10:25:52.078"/>
</kw>
<kw name="Sleep" library="BuiltIn">
<arg>2</arg>
<doc>Pauses the test executed for the given time.</doc>
<msg timestamp="20221128 10:25:54.086" level="INFO">Slept 2 seconds</msg>
<status status="PASS" starttime="20221128 10:25:52.078" endtime="20221128 10:25:54.087"/>
</kw>
<status status="PASS" starttime="20221128 10:25:49.288" endtime="20221128 10:25:54.087"/>
</kw>
<kw name="Close Browser" library="Selenium2Library" type="TEARDOWN">
<doc>Closes the current browser.</doc>
<status status="PASS" starttime="20221128 10:25:54.128" endtime="20221128 10:25:58.851"/>
</kw>
<status status="PASS" starttime="20221128 10:25:25.202" endtime="20221128 10:25:58.852"/>
</test>
<status status="PASS" starttime="20221128 10:25:24.010" endtime="20221128 10:25:58.854"/>
</suite>
<statistics>
<total>
<stat pass="1" fail="0" skip="0">All Tests</stat>
</total>
<tag>
</tag>
<suite>
<stat pass="1" fail="0" skip="0" id="s1" name="Scenario">Scenario</stat>
</suite>
</statistics>
<errors>
<msg timestamp="20221128 10:25:25.128" level="ERROR">Error in file 'C:\Users\Admin\Desktop\Scrum\mixapp_robot\scenario.robot' on line 3: Resource file 'CasDeTest.robot' does not exist.</msg>
</errors>
</robot>
