<?xml version="1.0" encoding="UTF-8"?>
<robot generator="Robot 6.0 (Python 3.10.7 on win32)" generated="20221124 13:57:34.143" rpa="false" schemaversion="3">
<suite id="s1" name="Scenario" source="C:\Users\Admin\Desktop\Scrum\mixapp_robot\scenario.robot">
<test id="s1-t1" name="ScenarioMainMenu" line="6">
<kw name="OpenMixap" library="resource_ivan">
<kw name="Open Browser" library="Selenium2Library">
<arg>${WELCOMEPAGE_URL}</arg>
<arg>${BROWSER}</arg>
<doc>Opens a new browser instance to the optional ``url``.</doc>
<msg timestamp="20221124 13:57:34.483" level="INFO">Opening browser 'Chrome' to base url 'https://mixap-dev.surge.sh/'.</msg>
<status status="PASS" starttime="20221124 13:57:34.481" endtime="20221124 13:58:08.392"/>
</kw>
<kw name="Maximize Browser Window" library="Selenium2Library">
<doc>Maximizes current browser window.</doc>
<status status="PASS" starttime="20221124 13:58:08.392" endtime="20221124 13:58:08.523"/>
</kw>
<kw name="Set Selenium Speed" library="Selenium2Library">
<arg>${DELAY}</arg>
<doc>Sets the delay that is waited after each Selenium command.</doc>
<status status="PASS" starttime="20221124 13:58:08.523" endtime="20221124 13:58:08.523"/>
</kw>
<kw name="Wait Until Element Is Visible" library="Selenium2Library">
<arg>${LOGO_XPATH}</arg>
<arg>100000</arg>
<doc>Waits until the element ``locator`` is visible.</doc>
<status status="PASS" starttime="20221124 13:58:08.524" endtime="20221124 13:58:09.729"/>
</kw>
<kw name="WelcomePageShouldBeOpen" library="resource_ivan">
<kw name="Title Should Be" library="Selenium2Library">
<arg>${TITLE}</arg>
<doc>Verifies that the current page title equals ``title``.</doc>
<msg timestamp="20221124 13:58:09.735" level="INFO">Page title is 'MIXAP'.</msg>
<status status="PASS" starttime="20221124 13:58:09.729" endtime="20221124 13:58:09.735"/>
</kw>
<status status="PASS" starttime="20221124 13:58:09.729" endtime="20221124 13:58:09.736"/>
</kw>
<status status="PASS" starttime="20221124 13:57:34.481" endtime="20221124 13:58:09.736"/>
</kw>
<kw name="OpenImportWindow" library="CasDeTest">
<kw name="ClickWindow" library="resource_ivan">
<arg>${IMPORT_DATA}</arg>
<kw name="Click Button" library="Selenium2Library">
<arg>${Button}</arg>
<doc>Clicks the button identified by ``locator``.</doc>
<msg timestamp="20221124 13:58:09.738" level="INFO">Clicking button 'xpath://*[@id="root"]/div/div[1]/div/div[1]/span/div/div[1]/button'.</msg>
<status status="PASS" starttime="20221124 13:58:09.737" endtime="20221124 13:58:09.822"/>
</kw>
<status status="PASS" starttime="20221124 13:58:09.737" endtime="20221124 13:58:09.822"/>
</kw>
<kw name="Sleep" library="BuiltIn">
<arg>2</arg>
<doc>Pauses the test executed for the given time.</doc>
<msg timestamp="20221124 13:58:11.833" level="INFO">Slept 2 seconds</msg>
<status status="PASS" starttime="20221124 13:58:09.822" endtime="20221124 13:58:11.833"/>
</kw>
<status status="PASS" starttime="20221124 13:58:09.736" endtime="20221124 13:58:11.833"/>
</kw>
<kw name="Click" library="CasDeTest">
<kw name="Click Element" library="Selenium2Library">
<arg>${LOGO_XPATH}</arg>
<doc>Click the element identified by ``locator``.</doc>
<msg timestamp="20221124 13:58:11.835" level="INFO">Clicking element 'xpath://*[@id="root"]/div/div[1]/div/div[1]/div/span/span/img'.</msg>
<status status="PASS" starttime="20221124 13:58:11.834" endtime="20221124 13:58:11.898"/>
</kw>
<kw name="Sleep" library="BuiltIn">
<arg>2</arg>
<doc>Pauses the test executed for the given time.</doc>
<msg timestamp="20221124 13:58:13.907" level="INFO">Slept 2 seconds</msg>
<status status="PASS" starttime="20221124 13:58:11.899" endtime="20221124 13:58:13.907"/>
</kw>
<status status="PASS" starttime="20221124 13:58:11.834" endtime="20221124 13:58:13.907"/>
</kw>
<kw name="OpenImportWindow" library="CasDeTest">
<kw name="ClickWindow" library="resource_ivan">
<arg>${IMPORT_DATA}</arg>
<kw name="Click Button" library="Selenium2Library">
<arg>${Button}</arg>
<doc>Clicks the button identified by ``locator``.</doc>
<msg timestamp="20221124 13:58:13.909" level="INFO">Clicking button 'xpath://*[@id="root"]/div/div[1]/div/div[1]/span/div/div[1]/button'.</msg>
<status status="PASS" starttime="20221124 13:58:13.908" endtime="20221124 13:58:13.953"/>
</kw>
<status status="PASS" starttime="20221124 13:58:13.908" endtime="20221124 13:58:13.953"/>
</kw>
<kw name="Sleep" library="BuiltIn">
<arg>2</arg>
<doc>Pauses the test executed for the given time.</doc>
<msg timestamp="20221124 13:58:15.958" level="INFO">Slept 2 seconds</msg>
<status status="PASS" starttime="20221124 13:58:13.953" endtime="20221124 13:58:15.958"/>
</kw>
<status status="PASS" starttime="20221124 13:58:13.907" endtime="20221124 13:58:15.959"/>
</kw>
<kw name="CloseImportWindowWithText" library="CasDeTest">
<kw name="Generate Random String" library="String">
<var>${txt}</var>
<arg>3</arg>
<doc>Generates a string with a desired ``length`` from the given ``chars``.</doc>
<msg timestamp="20221124 13:58:15.962" level="INFO">${txt} = Ww8</msg>
<status status="PASS" starttime="20221124 13:58:15.961" endtime="20221124 13:58:15.962"/>
</kw>
<kw name="EnterText" library="resource_ivan">
<arg>${IMPORT_DATA_INPUT_TEXT}</arg>
<arg>${txt}</arg>
<kw name="Input Text" library="Selenium2Library">
<arg>${Input}</arg>
<arg>${Text}</arg>
<doc>Types the given ``text`` into the text field identified by ``locator``.</doc>
<msg timestamp="20221124 13:58:15.963" level="INFO">Typing text 'Ww8' into text field 'xpath:/html/body/div[2]/div/div/div/div[2]/div[2]/div/div[1]/input'.</msg>
<status status="PASS" starttime="20221124 13:58:15.962" endtime="20221124 13:58:16.125"/>
</kw>
<status status="PASS" starttime="20221124 13:58:15.962" endtime="20221124 13:58:16.125"/>
</kw>
<kw name="Click" library="CasDeTest">
<kw name="Click Element" library="Selenium2Library">
<arg>${LOGO_XPATH}</arg>
<doc>Click the element identified by ``locator``.</doc>
<msg timestamp="20221124 13:58:16.128" level="INFO">Clicking element 'xpath://*[@id="root"]/div/div[1]/div/div[1]/div/span/span/img'.</msg>
<status status="PASS" starttime="20221124 13:58:16.126" endtime="20221124 13:58:16.187"/>
</kw>
<kw name="Sleep" library="BuiltIn">
<arg>2</arg>
<doc>Pauses the test executed for the given time.</doc>
<msg timestamp="20221124 13:58:18.197" level="INFO">Slept 2 seconds</msg>
<status status="PASS" starttime="20221124 13:58:16.188" endtime="20221124 13:58:18.197"/>
</kw>
<status status="PASS" starttime="20221124 13:58:16.126" endtime="20221124 13:58:18.198"/>
</kw>
<kw name="OpenImportWindow" library="CasDeTest">
<kw name="ClickWindow" library="resource_ivan">
<arg>${IMPORT_DATA}</arg>
<kw name="Click Button" library="Selenium2Library">
<arg>${Button}</arg>
<doc>Clicks the button identified by ``locator``.</doc>
<msg timestamp="20221124 13:58:18.199" level="INFO">Clicking button 'xpath://*[@id="root"]/div/div[1]/div/div[1]/span/div/div[1]/button'.</msg>
<status status="PASS" starttime="20221124 13:58:18.198" endtime="20221124 13:58:18.252"/>
</kw>
<status status="PASS" starttime="20221124 13:58:18.198" endtime="20221124 13:58:18.253"/>
</kw>
<kw name="Sleep" library="BuiltIn">
<arg>2</arg>
<doc>Pauses the test executed for the given time.</doc>
<msg timestamp="20221124 13:58:20.268" level="INFO">Slept 2 seconds</msg>
<status status="PASS" starttime="20221124 13:58:18.253" endtime="20221124 13:58:20.268"/>
</kw>
<status status="PASS" starttime="20221124 13:58:18.198" endtime="20221124 13:58:20.268"/>
</kw>
<kw name="GetInputValue" library="resource_ivan">
<var>${result}</var>
<arg>${IMPORT_DATA_INPUT_TEXT}</arg>
<kw name="Get Element Attribute" library="Selenium2Library">
<var>${INPUT_RETURN}</var>
<arg>${Input}</arg>
<arg>value</arg>
<doc>Returns the value of ``attribute`` from the element ``locator``.</doc>
<msg timestamp="20221124 13:58:20.293" level="INFO">${INPUT_RETURN} = Ww8</msg>
<status status="PASS" starttime="20221124 13:58:20.268" endtime="20221124 13:58:20.293"/>
</kw>
<msg timestamp="20221124 13:58:20.293" level="INFO">${result} = Ww8</msg>
<status status="PASS" starttime="20221124 13:58:20.268" endtime="20221124 13:58:20.293"/>
</kw>
<kw name="Run Keyword If" library="BuiltIn">
<arg>"${result}" != "${txt}"</arg>
<arg>Fatal Error</arg>
<arg>${result} n'est pas égale à ${txt}</arg>
<doc>Runs the given keyword with the given arguments, if ``condition`` is true.</doc>
<status status="PASS" starttime="20221124 13:58:20.293" endtime="20221124 13:58:20.293"/>
</kw>
<kw name="Click" library="CasDeTest">
<kw name="Click Element" library="Selenium2Library">
<arg>${LOGO_XPATH}</arg>
<doc>Click the element identified by ``locator``.</doc>
<msg timestamp="20221124 13:58:20.294" level="INFO">Clicking element 'xpath://*[@id="root"]/div/div[1]/div/div[1]/div/span/span/img'.</msg>
<status status="PASS" starttime="20221124 13:58:20.294" endtime="20221124 13:58:20.337"/>
</kw>
<kw name="Sleep" library="BuiltIn">
<arg>2</arg>
<doc>Pauses the test executed for the given time.</doc>
<msg timestamp="20221124 13:58:22.340" level="INFO">Slept 2 seconds</msg>
<status status="PASS" starttime="20221124 13:58:20.337" endtime="20221124 13:58:22.340"/>
</kw>
<status status="PASS" starttime="20221124 13:58:20.293" endtime="20221124 13:58:22.340"/>
</kw>
<status status="PASS" starttime="20221124 13:58:15.961" endtime="20221124 13:58:22.340"/>
</kw>
<kw name="EnterCodeLessSevenCharacter" library="CasDeTest">
<kw name="ReturnMainPage" library="resource_ivan">
<kw name="Go To" library="Selenium2Library">
<arg>${WELCOMEPAGE_URL}</arg>
<doc>Navigates the current browser window to the provided ``url``.</doc>
<msg timestamp="20221124 13:58:22.341" level="INFO">Opening url 'https://mixap-dev.surge.sh/'</msg>
<status status="PASS" starttime="20221124 13:58:22.341" endtime="20221124 13:58:24.517"/>
</kw>
<kw name="Sleep" library="BuiltIn">
<arg>2</arg>
<doc>Pauses the test executed for the given time.</doc>
<msg timestamp="20221124 13:58:26.522" level="INFO">Slept 2 seconds</msg>
<status status="PASS" starttime="20221124 13:58:24.517" endtime="20221124 13:58:26.522"/>
</kw>
<status status="PASS" starttime="20221124 13:58:22.341" endtime="20221124 13:58:26.522"/>
</kw>
<kw name="OpenImportWindow" library="CasDeTest">
<kw name="ClickWindow" library="resource_ivan">
<arg>${IMPORT_DATA}</arg>
<kw name="Click Button" library="Selenium2Library">
<arg>${Button}</arg>
<doc>Clicks the button identified by ``locator``.</doc>
<msg timestamp="20221124 13:58:26.523" level="INFO">Clicking button 'xpath://*[@id="root"]/div/div[1]/div/div[1]/span/div/div[1]/button'.</msg>
<status status="PASS" starttime="20221124 13:58:26.523" endtime="20221124 13:58:26.577"/>
</kw>
<status status="PASS" starttime="20221124 13:58:26.522" endtime="20221124 13:58:26.578"/>
</kw>
<kw name="Sleep" library="BuiltIn">
<arg>2</arg>
<doc>Pauses the test executed for the given time.</doc>
<msg timestamp="20221124 13:58:28.584" level="INFO">Slept 2 seconds</msg>
<status status="PASS" starttime="20221124 13:58:26.578" endtime="20221124 13:58:28.584"/>
</kw>
<status status="PASS" starttime="20221124 13:58:26.522" endtime="20221124 13:58:28.584"/>
</kw>
<kw name="Generate Random String" library="String">
<var>${txt}</var>
<arg>3</arg>
<doc>Generates a string with a desired ``length`` from the given ``chars``.</doc>
<msg timestamp="20221124 13:58:28.584" level="INFO">${txt} = xxK</msg>
<status status="PASS" starttime="20221124 13:58:28.584" endtime="20221124 13:58:28.584"/>
</kw>
<kw name="EnterText" library="resource_ivan">
<arg>${IMPORT_DATA_INPUT_TEXT}</arg>
<arg>${txt}</arg>
<kw name="Input Text" library="Selenium2Library">
<arg>${Input}</arg>
<arg>${Text}</arg>
<doc>Types the given ``text`` into the text field identified by ``locator``.</doc>
<msg timestamp="20221124 13:58:28.585" level="INFO">Typing text 'xxK' into text field 'xpath:/html/body/div[2]/div/div/div/div[2]/div[2]/div/div[1]/input'.</msg>
<status status="PASS" starttime="20221124 13:58:28.585" endtime="20221124 13:58:28.690"/>
</kw>
<status status="PASS" starttime="20221124 13:58:28.584" endtime="20221124 13:58:28.690"/>
</kw>
<kw name="Element Should Be Disabled" library="Selenium2Library">
<arg>${IMPORT_DATA_BUTTON}</arg>
<doc>Verifies that element identified by ``locator`` is disabled.</doc>
<status status="PASS" starttime="20221124 13:58:28.690" endtime="20221124 13:58:28.714"/>
</kw>
<kw name="Clear Element Text" library="Selenium2Library">
<arg>${IMPORT_DATA_INPUT_TEXT}</arg>
<doc>Clears the value of the text-input-element identified by ``locator``.</doc>
<status status="PASS" starttime="20221124 13:58:28.715" endtime="20221124 13:58:28.766"/>
</kw>
<kw name="Click" library="CasDeTest">
<kw name="Click Element" library="Selenium2Library">
<arg>${LOGO_XPATH}</arg>
<doc>Click the element identified by ``locator``.</doc>
<msg timestamp="20221124 13:58:28.767" level="INFO">Clicking element 'xpath://*[@id="root"]/div/div[1]/div/div[1]/div/span/span/img'.</msg>
<status status="PASS" starttime="20221124 13:58:28.766" endtime="20221124 13:58:28.825"/>
</kw>
<kw name="Sleep" library="BuiltIn">
<arg>2</arg>
<doc>Pauses the test executed for the given time.</doc>
<msg timestamp="20221124 13:58:30.826" level="INFO">Slept 2 seconds</msg>
<status status="PASS" starttime="20221124 13:58:28.825" endtime="20221124 13:58:30.826"/>
</kw>
<status status="PASS" starttime="20221124 13:58:28.766" endtime="20221124 13:58:30.826"/>
</kw>
<status status="PASS" starttime="20221124 13:58:22.340" endtime="20221124 13:58:30.826"/>
</kw>
<kw name="EnterCodeMoreSevenCharacter" library="CasDeTest">
<kw name="ReturnMainPage" library="resource_ivan">
<kw name="Go To" library="Selenium2Library">
<arg>${WELCOMEPAGE_URL}</arg>
<doc>Navigates the current browser window to the provided ``url``.</doc>
<msg timestamp="20221124 13:58:30.828" level="INFO">Opening url 'https://mixap-dev.surge.sh/'</msg>
<status status="PASS" starttime="20221124 13:58:30.827" endtime="20221124 13:58:31.917"/>
</kw>
<kw name="Sleep" library="BuiltIn">
<arg>2</arg>
<doc>Pauses the test executed for the given time.</doc>
<msg timestamp="20221124 13:58:33.922" level="INFO">Slept 2 seconds</msg>
<status status="PASS" starttime="20221124 13:58:31.917" endtime="20221124 13:58:33.922"/>
</kw>
<status status="PASS" starttime="20221124 13:58:30.827" endtime="20221124 13:58:33.922"/>
</kw>
<kw name="OpenImportWindow" library="CasDeTest">
<kw name="ClickWindow" library="resource_ivan">
<arg>${IMPORT_DATA}</arg>
<kw name="Click Button" library="Selenium2Library">
<arg>${Button}</arg>
<doc>Clicks the button identified by ``locator``.</doc>
<msg timestamp="20221124 13:58:33.924" level="INFO">Clicking button 'xpath://*[@id="root"]/div/div[1]/div/div[1]/span/div/div[1]/button'.</msg>
<status status="PASS" starttime="20221124 13:58:33.923" endtime="20221124 13:58:33.981"/>
</kw>
<status status="PASS" starttime="20221124 13:58:33.923" endtime="20221124 13:58:33.981"/>
</kw>
<kw name="Sleep" library="BuiltIn">
<arg>2</arg>
<doc>Pauses the test executed for the given time.</doc>
<msg timestamp="20221124 13:58:35.989" level="INFO">Slept 2 seconds</msg>
<status status="PASS" starttime="20221124 13:58:33.982" endtime="20221124 13:58:35.989"/>
</kw>
<status status="PASS" starttime="20221124 13:58:33.922" endtime="20221124 13:58:35.989"/>
</kw>
<kw name="Generate Random String" library="String">
<var>${txt}</var>
<arg>7</arg>
<doc>Generates a string with a desired ``length`` from the given ``chars``.</doc>
<msg timestamp="20221124 13:58:35.990" level="INFO">${txt} = M22yp4h</msg>
<status status="PASS" starttime="20221124 13:58:35.990" endtime="20221124 13:58:35.990"/>
</kw>
<kw name="EnterText" library="resource_ivan">
<arg>${IMPORT_DATA_INPUT_TEXT}</arg>
<arg>${txt}</arg>
<kw name="Input Text" library="Selenium2Library">
<arg>${Input}</arg>
<arg>${Text}</arg>
<doc>Types the given ``text`` into the text field identified by ``locator``.</doc>
<msg timestamp="20221124 13:58:35.992" level="INFO">Typing text 'M22yp4h' into text field 'xpath:/html/body/div[2]/div/div/div/div[2]/div[2]/div/div[1]/input'.</msg>
<status status="PASS" starttime="20221124 13:58:35.992" endtime="20221124 13:58:36.101"/>
</kw>
<status status="PASS" starttime="20221124 13:58:35.991" endtime="20221124 13:58:36.102"/>
</kw>
<kw name="Element Should Be Enabled" library="Selenium2Library">
<arg>${IMPORT_DATA_BUTTON}</arg>
<doc>Verifies that element identified by ``locator`` is enabled.</doc>
<status status="PASS" starttime="20221124 13:58:36.102" endtime="20221124 13:58:36.132"/>
</kw>
<kw name="Clear Element Text" library="Selenium2Library">
<arg>${IMPORT_DATA_INPUT_TEXT}</arg>
<doc>Clears the value of the text-input-element identified by ``locator``.</doc>
<status status="PASS" starttime="20221124 13:58:36.132" endtime="20221124 13:58:36.163"/>
</kw>
<kw name="Click" library="CasDeTest">
<kw name="Click Element" library="Selenium2Library">
<arg>${LOGO_XPATH}</arg>
<doc>Click the element identified by ``locator``.</doc>
<msg timestamp="20221124 13:58:36.164" level="INFO">Clicking element 'xpath://*[@id="root"]/div/div[1]/div/div[1]/div/span/span/img'.</msg>
<status status="PASS" starttime="20221124 13:58:36.164" endtime="20221124 13:58:36.216"/>
</kw>
<kw name="Sleep" library="BuiltIn">
<arg>2</arg>
<doc>Pauses the test executed for the given time.</doc>
<msg timestamp="20221124 13:58:38.222" level="INFO">Slept 2 seconds</msg>
<status status="PASS" starttime="20221124 13:58:36.216" endtime="20221124 13:58:38.222"/>
</kw>
<status status="PASS" starttime="20221124 13:58:36.164" endtime="20221124 13:58:38.222"/>
</kw>
<status status="PASS" starttime="20221124 13:58:30.827" endtime="20221124 13:58:38.222"/>
</kw>
<kw name="EnterFakeCode" library="CasDeTest">
<kw name="ReturnMainPage" library="resource_ivan">
<kw name="Go To" library="Selenium2Library">
<arg>${WELCOMEPAGE_URL}</arg>
<doc>Navigates the current browser window to the provided ``url``.</doc>
<msg timestamp="20221124 13:58:38.224" level="INFO">Opening url 'https://mixap-dev.surge.sh/'</msg>
<status status="PASS" starttime="20221124 13:58:38.223" endtime="20221124 13:58:39.361"/>
</kw>
<kw name="Sleep" library="BuiltIn">
<arg>2</arg>
<doc>Pauses the test executed for the given time.</doc>
<msg timestamp="20221124 13:58:41.376" level="INFO">Slept 2 seconds</msg>
<status status="PASS" starttime="20221124 13:58:39.361" endtime="20221124 13:58:41.376"/>
</kw>
<status status="PASS" starttime="20221124 13:58:38.223" endtime="20221124 13:58:41.376"/>
</kw>
<kw name="OpenImportWindow" library="CasDeTest">
<kw name="ClickWindow" library="resource_ivan">
<arg>${IMPORT_DATA}</arg>
<kw name="Click Button" library="Selenium2Library">
<arg>${Button}</arg>
<doc>Clicks the button identified by ``locator``.</doc>
<msg timestamp="20221124 13:58:41.377" level="INFO">Clicking button 'xpath://*[@id="root"]/div/div[1]/div/div[1]/span/div/div[1]/button'.</msg>
<status status="PASS" starttime="20221124 13:58:41.377" endtime="20221124 13:58:41.435"/>
</kw>
<status status="PASS" starttime="20221124 13:58:41.377" endtime="20221124 13:58:41.435"/>
</kw>
<kw name="Sleep" library="BuiltIn">
<arg>2</arg>
<doc>Pauses the test executed for the given time.</doc>
<msg timestamp="20221124 13:58:43.447" level="INFO">Slept 2 seconds</msg>
<status status="PASS" starttime="20221124 13:58:41.435" endtime="20221124 13:58:43.447"/>
</kw>
<status status="PASS" starttime="20221124 13:58:41.376" endtime="20221124 13:58:43.447"/>
</kw>
<kw name="Generate Random String" library="String">
<var>${txt}</var>
<arg>7</arg>
<doc>Generates a string with a desired ``length`` from the given ``chars``.</doc>
<msg timestamp="20221124 13:58:43.447" level="INFO">${txt} = 0M3QmsH</msg>
<status status="PASS" starttime="20221124 13:58:43.447" endtime="20221124 13:58:43.447"/>
</kw>
<kw name="EnterText" library="resource_ivan">
<arg>${IMPORT_DATA_INPUT_TEXT}</arg>
<arg>${txt}</arg>
<kw name="Input Text" library="Selenium2Library">
<arg>${Input}</arg>
<arg>${Text}</arg>
<doc>Types the given ``text`` into the text field identified by ``locator``.</doc>
<msg timestamp="20221124 13:58:43.448" level="INFO">Typing text '0M3QmsH' into text field 'xpath:/html/body/div[2]/div/div/div/div[2]/div[2]/div/div[1]/input'.</msg>
<status status="PASS" starttime="20221124 13:58:43.447" endtime="20221124 13:58:43.558"/>
</kw>
<status status="PASS" starttime="20221124 13:58:43.447" endtime="20221124 13:58:43.559"/>
</kw>
<kw name="Sleep" library="BuiltIn">
<arg>2</arg>
<doc>Pauses the test executed for the given time.</doc>
<msg timestamp="20221124 13:58:45.565" level="INFO">Slept 2 seconds</msg>
<status status="PASS" starttime="20221124 13:58:43.559" endtime="20221124 13:58:45.565"/>
</kw>
<kw name="Click Element" library="Selenium2Library">
<arg>${IMPORT_DATA_BUTTON}</arg>
<doc>Click the element identified by ``locator``.</doc>
<msg timestamp="20221124 13:58:45.566" level="INFO">Clicking element 'xpath:/html/body/div[2]/div/div/div/div[2]/div[2]/div/div[2]/button'.</msg>
<status status="PASS" starttime="20221124 13:58:45.565" endtime="20221124 13:58:45.622"/>
</kw>
<kw name="Sleep" library="BuiltIn">
<arg>5</arg>
<doc>Pauses the test executed for the given time.</doc>
<msg timestamp="20221124 13:58:50.630" level="INFO">Slept 5 seconds</msg>
<status status="PASS" starttime="20221124 13:58:45.622" endtime="20221124 13:58:50.630"/>
</kw>
<status status="PASS" starttime="20221124 13:58:38.223" endtime="20221124 13:58:50.631"/>
</kw>
<kw name="EnterRealCode" library="CasDeTest">
<kw name="ReturnMainPage" library="resource_ivan">
<kw name="Go To" library="Selenium2Library">
<arg>${WELCOMEPAGE_URL}</arg>
<doc>Navigates the current browser window to the provided ``url``.</doc>
<msg timestamp="20221124 13:58:50.632" level="INFO">Opening url 'https://mixap-dev.surge.sh/'</msg>
<status status="PASS" starttime="20221124 13:58:50.632" endtime="20221124 13:58:51.764"/>
</kw>
<kw name="Sleep" library="BuiltIn">
<arg>2</arg>
<doc>Pauses the test executed for the given time.</doc>
<msg timestamp="20221124 13:58:53.780" level="INFO">Slept 2 seconds</msg>
<status status="PASS" starttime="20221124 13:58:51.764" endtime="20221124 13:58:53.780"/>
</kw>
<status status="PASS" starttime="20221124 13:58:50.632" endtime="20221124 13:58:53.780"/>
</kw>
<kw name="OpenImportWindow" library="CasDeTest">
<kw name="ClickWindow" library="resource_ivan">
<arg>${IMPORT_DATA}</arg>
<kw name="Click Button" library="Selenium2Library">
<arg>${Button}</arg>
<doc>Clicks the button identified by ``locator``.</doc>
<msg timestamp="20221124 13:58:53.781" level="INFO">Clicking button 'xpath://*[@id="root"]/div/div[1]/div/div[1]/span/div/div[1]/button'.</msg>
<status status="PASS" starttime="20221124 13:58:53.780" endtime="20221124 13:58:53.842"/>
</kw>
<status status="PASS" starttime="20221124 13:58:53.780" endtime="20221124 13:58:53.843"/>
</kw>
<kw name="Sleep" library="BuiltIn">
<arg>2</arg>
<doc>Pauses the test executed for the given time.</doc>
<msg timestamp="20221124 13:58:55.852" level="INFO">Slept 2 seconds</msg>
<status status="PASS" starttime="20221124 13:58:53.843" endtime="20221124 13:58:55.852"/>
</kw>
<status status="PASS" starttime="20221124 13:58:53.780" endtime="20221124 13:58:55.853"/>
</kw>
<kw name="EnterText" library="resource_ivan">
<arg>${IMPORT_DATA_INPUT_TEXT}</arg>
<arg>${CODE_IMPORT}</arg>
<kw name="Input Text" library="Selenium2Library">
<arg>${Input}</arg>
<arg>${Text}</arg>
<doc>Types the given ``text`` into the text field identified by ``locator``.</doc>
<msg timestamp="20221124 13:58:55.854" level="INFO">Typing text '5eda26' into text field 'xpath:/html/body/div[2]/div/div/div/div[2]/div[2]/div/div[1]/input'.</msg>
<status status="PASS" starttime="20221124 13:58:55.853" endtime="20221124 13:58:55.959"/>
</kw>
<status status="PASS" starttime="20221124 13:58:55.853" endtime="20221124 13:58:55.959"/>
</kw>
<kw name="Sleep" library="BuiltIn">
<arg>2</arg>
<doc>Pauses the test executed for the given time.</doc>
<msg timestamp="20221124 13:58:57.973" level="INFO">Slept 2 seconds</msg>
<status status="PASS" starttime="20221124 13:58:55.960" endtime="20221124 13:58:57.973"/>
</kw>
<kw name="Click Element" library="Selenium2Library">
<arg>${IMPORT_DATA_BUTTON}</arg>
<doc>Click the element identified by ``locator``.</doc>
<msg timestamp="20221124 13:58:57.974" level="INFO">Clicking element 'xpath:/html/body/div[2]/div/div/div/div[2]/div[2]/div/div[2]/button'.</msg>
<status status="PASS" starttime="20221124 13:58:57.974" endtime="20221124 13:58:58.021"/>
</kw>
<kw name="Sleep" library="BuiltIn">
<arg>5</arg>
<doc>Pauses the test executed for the given time.</doc>
<msg timestamp="20221124 13:59:03.032" level="INFO">Slept 5 seconds</msg>
<status status="PASS" starttime="20221124 13:58:58.021" endtime="20221124 13:59:03.032"/>
</kw>
<status status="PASS" starttime="20221124 13:58:50.631" endtime="20221124 13:59:03.032"/>
</kw>
<kw name="OpenDashboard" library="CasDeTest">
<kw name="Click Element" library="Selenium2Library">
<arg>${DASHBORD_BUTTON}</arg>
<doc>Click the element identified by ``locator``.</doc>
<msg timestamp="20221124 13:59:03.034" level="INFO">Clicking element 'xpath://*[@id="root"]/div/div[1]/div/div/span/div/div[3]/button'.</msg>
<status status="PASS" starttime="20221124 13:59:03.034" endtime="20221124 13:59:03.136"/>
</kw>
<kw name="Sleep" library="BuiltIn">
<arg>2</arg>
<doc>Pauses the test executed for the given time.</doc>
<msg timestamp="20221124 13:59:05.145" level="INFO">Slept 2 seconds</msg>
<status status="PASS" starttime="20221124 13:59:03.136" endtime="20221124 13:59:05.145"/>
</kw>
<kw name="Get Location" library="Selenium2Library">
<var>${url}</var>
<doc>Returns the current browser window URL.</doc>
<msg timestamp="20221124 13:59:05.151" level="INFO">${url} = https://mixap-dev.surge.sh/dashboard</msg>
<status status="PASS" starttime="20221124 13:59:05.145" endtime="20221124 13:59:05.151"/>
</kw>
<kw name="Run Keyword If" library="BuiltIn">
<arg>"${url}" != "https://mixap-dev.surge.sh/dashboard"</arg>
<arg>Fatal Error</arg>
<arg>Nous ne somme pas sur le dashboard : ${url}</arg>
<doc>Runs the given keyword with the given arguments, if ``condition`` is true.</doc>
<status status="PASS" starttime="20221124 13:59:05.151" endtime="20221124 13:59:05.151"/>
</kw>
<kw name="ChekIfDisplayNone" library="resource_ivan">
<var>${contenu}</var>
<arg>${MON_CONTENU}</arg>
<kw name="Get Element Attribute" library="Selenium2Library">
<var>${style}</var>
<arg>${Element}</arg>
<arg>style</arg>
<doc>Returns the value of ``attribute`` from the element ``locator``.</doc>
<msg timestamp="20221124 13:59:05.176" level="INFO">${style} = </msg>
<status status="PASS" starttime="20221124 13:59:05.152" endtime="20221124 13:59:05.176"/>
</kw>
<kw name="Set Variable" library="BuiltIn">
<var>${return}</var>
<arg>"null"</arg>
<doc>Returns the given values which can then be assigned to a variables.</doc>
<msg timestamp="20221124 13:59:05.177" level="INFO">${return} = "null"</msg>
<status status="PASS" starttime="20221124 13:59:05.176" endtime="20221124 13:59:05.177"/>
</kw>
<if>
<branch type="IF" condition="&quot;${style}&quot; == &quot;display: none;&quot;">
<kw name="Set Variable" library="BuiltIn">
<var>${return}</var>
<arg>"false"</arg>
<doc>Returns the given values which can then be assigned to a variables.</doc>
<status status="NOT RUN" starttime="20221124 13:59:05.177" endtime="20221124 13:59:05.177"/>
</kw>
<status status="NOT RUN" starttime="20221124 13:59:05.177" endtime="20221124 13:59:05.177"/>
</branch>
<branch type="ELSE">
<kw name="Set Variable" library="BuiltIn">
<var>${return}</var>
<arg>"true"</arg>
<doc>Returns the given values which can then be assigned to a variables.</doc>
<msg timestamp="20221124 13:59:05.177" level="INFO">${return} = "true"</msg>
<status status="PASS" starttime="20221124 13:59:05.177" endtime="20221124 13:59:05.177"/>
</kw>
<status status="PASS" starttime="20221124 13:59:05.177" endtime="20221124 13:59:05.177"/>
</branch>
<status status="PASS" starttime="20221124 13:59:05.177" endtime="20221124 13:59:05.177"/>
</if>
<msg timestamp="20221124 13:59:05.178" level="INFO">${contenu} = "true"</msg>
<status status="PASS" starttime="20221124 13:59:05.151" endtime="20221124 13:59:05.178"/>
</kw>
<kw name="Run Keyword If" library="BuiltIn">
<arg>${contenu} == "false"</arg>
<arg>Fatal Error</arg>
<arg>L'onglet Mon Contnu n'est pas visible</arg>
<doc>Runs the given keyword with the given arguments, if ``condition`` is true.</doc>
<status status="PASS" starttime="20221124 13:59:05.178" endtime="20221124 13:59:05.178"/>
</kw>
<status status="PASS" starttime="20221124 13:59:03.034" endtime="20221124 13:59:05.178"/>
</kw>
<kw name="GoToSuiviDapprenants" library="CasDeTest">
<kw name="Click Element" library="Selenium2Library">
<arg>${SUIVI_APPRENANTS_BUTTON}</arg>
<doc>Click the element identified by ``locator``.</doc>
<msg timestamp="20221124 13:59:05.179" level="INFO">Clicking element 'xpath://*[@id="rc-tabs-0-tab-2"]/h4'.</msg>
<status status="PASS" starttime="20221124 13:59:05.179" endtime="20221124 13:59:05.234"/>
</kw>
<kw name="Sleep" library="BuiltIn">
<arg>2</arg>
<doc>Pauses the test executed for the given time.</doc>
<msg timestamp="20221124 13:59:07.235" level="INFO">Slept 2 seconds</msg>
<status status="PASS" starttime="20221124 13:59:05.234" endtime="20221124 13:59:07.235"/>
</kw>
<kw name="ChekIfDisplayNone" library="resource_ivan">
<var>${apprenants}</var>
<arg>${SUIVI_APPRENANTS}</arg>
<kw name="Get Element Attribute" library="Selenium2Library">
<var>${style}</var>
<arg>${Element}</arg>
<arg>style</arg>
<doc>Returns the value of ``attribute`` from the element ``locator``.</doc>
<msg timestamp="20221124 13:59:07.260" level="INFO">${style} = </msg>
<status status="PASS" starttime="20221124 13:59:07.236" endtime="20221124 13:59:07.261"/>
</kw>
<kw name="Set Variable" library="BuiltIn">
<var>${return}</var>
<arg>"null"</arg>
<doc>Returns the given values which can then be assigned to a variables.</doc>
<msg timestamp="20221124 13:59:07.261" level="INFO">${return} = "null"</msg>
<status status="PASS" starttime="20221124 13:59:07.261" endtime="20221124 13:59:07.261"/>
</kw>
<if>
<branch type="IF" condition="&quot;${style}&quot; == &quot;display: none;&quot;">
<kw name="Set Variable" library="BuiltIn">
<var>${return}</var>
<arg>"false"</arg>
<doc>Returns the given values which can then be assigned to a variables.</doc>
<status status="NOT RUN" starttime="20221124 13:59:07.261" endtime="20221124 13:59:07.261"/>
</kw>
<status status="NOT RUN" starttime="20221124 13:59:07.261" endtime="20221124 13:59:07.261"/>
</branch>
<branch type="ELSE">
<kw name="Set Variable" library="BuiltIn">
<var>${return}</var>
<arg>"true"</arg>
<doc>Returns the given values which can then be assigned to a variables.</doc>
<msg timestamp="20221124 13:59:07.262" level="INFO">${return} = "true"</msg>
<status status="PASS" starttime="20221124 13:59:07.261" endtime="20221124 13:59:07.262"/>
</kw>
<status status="PASS" starttime="20221124 13:59:07.261" endtime="20221124 13:59:07.262"/>
</branch>
<status status="PASS" starttime="20221124 13:59:07.261" endtime="20221124 13:59:07.262"/>
</if>
<msg timestamp="20221124 13:59:07.262" level="INFO">${apprenants} = "true"</msg>
<status status="PASS" starttime="20221124 13:59:07.236" endtime="20221124 13:59:07.262"/>
</kw>
<kw name="Run Keyword If" library="BuiltIn">
<arg>${apprenants} == "false"</arg>
<arg>Fatal Error</arg>
<arg>L'onglet Suivi d'Apprenants n'est pas visible</arg>
<doc>Runs the given keyword with the given arguments, if ``condition`` is true.</doc>
<status status="PASS" starttime="20221124 13:59:07.262" endtime="20221124 13:59:07.262"/>
</kw>
<status status="PASS" starttime="20221124 13:59:05.179" endtime="20221124 13:59:07.262"/>
</kw>
<kw name="GoToMonContenu" library="CasDeTest">
<kw name="Click Element" library="Selenium2Library">
<arg>${MON_CONTENU_BUTTON}</arg>
<doc>Click the element identified by ``locator``.</doc>
<msg timestamp="20221124 13:59:07.264" level="INFO">Clicking element 'xpath://*[@id="rc-tabs-0-tab-1"]/h4'.</msg>
<status status="PASS" starttime="20221124 13:59:07.263" endtime="20221124 13:59:07.313"/>
</kw>
<kw name="Sleep" library="BuiltIn">
<arg>2</arg>
<doc>Pauses the test executed for the given time.</doc>
<msg timestamp="20221124 13:59:09.324" level="INFO">Slept 2 seconds</msg>
<status status="PASS" starttime="20221124 13:59:07.313" endtime="20221124 13:59:09.324"/>
</kw>
<kw name="ChekIfDisplayNone" library="resource_ivan">
<var>${contenu}</var>
<arg>${MON_CONTENU}</arg>
<kw name="Get Element Attribute" library="Selenium2Library">
<var>${style}</var>
<arg>${Element}</arg>
<arg>style</arg>
<doc>Returns the value of ``attribute`` from the element ``locator``.</doc>
<msg timestamp="20221124 13:59:09.341" level="INFO">${style} = </msg>
<status status="PASS" starttime="20221124 13:59:09.324" endtime="20221124 13:59:09.341"/>
</kw>
<kw name="Set Variable" library="BuiltIn">
<var>${return}</var>
<arg>"null"</arg>
<doc>Returns the given values which can then be assigned to a variables.</doc>
<msg timestamp="20221124 13:59:09.342" level="INFO">${return} = "null"</msg>
<status status="PASS" starttime="20221124 13:59:09.342" endtime="20221124 13:59:09.342"/>
</kw>
<if>
<branch type="IF" condition="&quot;${style}&quot; == &quot;display: none;&quot;">
<kw name="Set Variable" library="BuiltIn">
<var>${return}</var>
<arg>"false"</arg>
<doc>Returns the given values which can then be assigned to a variables.</doc>
<status status="NOT RUN" starttime="20221124 13:59:09.342" endtime="20221124 13:59:09.342"/>
</kw>
<status status="NOT RUN" starttime="20221124 13:59:09.342" endtime="20221124 13:59:09.342"/>
</branch>
<branch type="ELSE">
<kw name="Set Variable" library="BuiltIn">
<var>${return}</var>
<arg>"true"</arg>
<doc>Returns the given values which can then be assigned to a variables.</doc>
<msg timestamp="20221124 13:59:09.343" level="INFO">${return} = "true"</msg>
<status status="PASS" starttime="20221124 13:59:09.342" endtime="20221124 13:59:09.343"/>
</kw>
<status status="PASS" starttime="20221124 13:59:09.342" endtime="20221124 13:59:09.343"/>
</branch>
<status status="PASS" starttime="20221124 13:59:09.342" endtime="20221124 13:59:09.343"/>
</if>
<msg timestamp="20221124 13:59:09.343" level="INFO">${contenu} = "true"</msg>
<status status="PASS" starttime="20221124 13:59:09.324" endtime="20221124 13:59:09.343"/>
</kw>
<kw name="Run Keyword If" library="BuiltIn">
<arg>${contenu} == "false"</arg>
<arg>Fatal Error</arg>
<arg>L'onglet Mon Contnu n'est pas visible</arg>
<doc>Runs the given keyword with the given arguments, if ``condition`` is true.</doc>
<status status="PASS" starttime="20221124 13:59:09.343" endtime="20221124 13:59:09.343"/>
</kw>
<status status="PASS" starttime="20221124 13:59:07.263" endtime="20221124 13:59:09.343"/>
</kw>
<kw name="ReturnMainPage" library="resource_ivan">
<kw name="Go To" library="Selenium2Library">
<arg>${WELCOMEPAGE_URL}</arg>
<doc>Navigates the current browser window to the provided ``url``.</doc>
<msg timestamp="20221124 13:59:09.344" level="INFO">Opening url 'https://mixap-dev.surge.sh/'</msg>
<status status="PASS" starttime="20221124 13:59:09.344" endtime="20221124 13:59:10.677"/>
</kw>
<kw name="Sleep" library="BuiltIn">
<arg>2</arg>
<doc>Pauses the test executed for the given time.</doc>
<msg timestamp="20221124 13:59:12.689" level="INFO">Slept 2 seconds</msg>
<status status="PASS" starttime="20221124 13:59:10.678" endtime="20221124 13:59:12.689"/>
</kw>
<status status="PASS" starttime="20221124 13:59:09.344" endtime="20221124 13:59:12.689"/>
</kw>
<kw name="OpenAddActivityWindow" library="CasDeTest">
<kw name="ClickWindow" library="resource_ivan">
<arg>${ADD_ACTIVITY}</arg>
<kw name="Click Button" library="Selenium2Library">
<arg>${Button}</arg>
<doc>Clicks the button identified by ``locator``.</doc>
<msg timestamp="20221124 13:59:12.690" level="INFO">Clicking button 'xpath://*[@id="root"]/div/div[2]/div/div[1]/div/div/button'.</msg>
<status status="PASS" starttime="20221124 13:59:12.690" endtime="20221124 13:59:12.782"/>
</kw>
<status status="PASS" starttime="20221124 13:59:12.689" endtime="20221124 13:59:12.782"/>
</kw>
<kw name="Sleep" library="BuiltIn">
<arg>2</arg>
<doc>Pauses the test executed for the given time.</doc>
<msg timestamp="20221124 13:59:14.790" level="INFO">Slept 2 seconds</msg>
<status status="PASS" starttime="20221124 13:59:12.782" endtime="20221124 13:59:14.790"/>
</kw>
<status status="PASS" starttime="20221124 13:59:12.689" endtime="20221124 13:59:14.790"/>
</kw>
<kw name="CloseAddActivityWindow" library="CasDeTest">
<kw name="Click Element" library="Selenium2Library">
<arg>${CLOSE_ADD_ACTIVITY_WINDOW}</arg>
<doc>Click the element identified by ``locator``.</doc>
<msg timestamp="20221124 13:59:14.791" level="INFO">Clicking element 'xpath:/html/body/div[2]/div/div[2]/div/div[2]/button'.</msg>
<status status="PASS" starttime="20221124 13:59:14.791" endtime="20221124 13:59:14.840"/>
</kw>
<kw name="Sleep" library="BuiltIn">
<arg>2</arg>
<doc>Pauses the test executed for the given time.</doc>
<msg timestamp="20221124 13:59:16.845" level="INFO">Slept 2 seconds</msg>
<status status="PASS" starttime="20221124 13:59:14.841" endtime="20221124 13:59:16.845"/>
</kw>
<status status="PASS" starttime="20221124 13:59:14.791" endtime="20221124 13:59:16.845"/>
</kw>
<kw name="CreateAugmenterUneImageActivity" library="CasDeTest">
<kw name="OpenAddActivityWindow" library="CasDeTest">
<kw name="ClickWindow" library="resource_ivan">
<arg>${ADD_ACTIVITY}</arg>
<kw name="Click Button" library="Selenium2Library">
<arg>${Button}</arg>
<doc>Clicks the button identified by ``locator``.</doc>
<msg timestamp="20221124 13:59:16.847" level="INFO">Clicking button 'xpath://*[@id="root"]/div/div[2]/div/div[1]/div/div/button'.</msg>
<status status="PASS" starttime="20221124 13:59:16.847" endtime="20221124 13:59:16.901"/>
</kw>
<status status="PASS" starttime="20221124 13:59:16.847" endtime="20221124 13:59:16.901"/>
</kw>
<kw name="Sleep" library="BuiltIn">
<arg>2</arg>
<doc>Pauses the test executed for the given time.</doc>
<msg timestamp="20221124 13:59:18.906" level="INFO">Slept 2 seconds</msg>
<status status="PASS" starttime="20221124 13:59:16.902" endtime="20221124 13:59:18.906"/>
</kw>
<status status="PASS" starttime="20221124 13:59:16.845" endtime="20221124 13:59:18.907"/>
</kw>
<kw name="Click Element" library="Selenium2Library">
<arg>${AUGMENTER_UNE_IMAGE}</arg>
<doc>Click the element identified by ``locator``.</doc>
<msg timestamp="20221124 13:59:18.907" level="INFO">Clicking element 'xpath:/html/body/div[2]/div/div[2]/div/div[2]/div[2]/div/div[1]/div[1]'.</msg>
<status status="PASS" starttime="20221124 13:59:18.907" endtime="20221124 13:59:18.973"/>
</kw>
<kw name="Sleep" library="BuiltIn">
<arg>2</arg>
<doc>Pauses the test executed for the given time.</doc>
<msg timestamp="20221124 13:59:20.980" level="INFO">Slept 2 seconds</msg>
<status status="PASS" starttime="20221124 13:59:18.973" endtime="20221124 13:59:20.980"/>
</kw>
<status status="PASS" starttime="20221124 13:59:16.845" endtime="20221124 13:59:20.980"/>
</kw>
<kw name="ReturnMainPage" library="resource_ivan">
<kw name="Go To" library="Selenium2Library">
<arg>${WELCOMEPAGE_URL}</arg>
<doc>Navigates the current browser window to the provided ``url``.</doc>
<msg timestamp="20221124 13:59:20.982" level="INFO">Opening url 'https://mixap-dev.surge.sh/'</msg>
<status status="PASS" starttime="20221124 13:59:20.982" endtime="20221124 13:59:24.379"/>
</kw>
<kw name="Sleep" library="BuiltIn">
<arg>2</arg>
<doc>Pauses the test executed for the given time.</doc>
<msg timestamp="20221124 13:59:26.379" level="INFO">Slept 2 seconds</msg>
<status status="PASS" starttime="20221124 13:59:24.379" endtime="20221124 13:59:26.379"/>
</kw>
<status status="PASS" starttime="20221124 13:59:20.981" endtime="20221124 13:59:26.379"/>
</kw>
<kw name="LookActivityCreate" library="CasDeTest">
<kw name="GetChild" library="resource_ivan">
<var>${nbCard}</var>
<arg>${CARDS}</arg>
<kw name="Get WebElement" library="Selenium2Library">
<var>${element}</var>
<arg>${locator}</arg>
<doc>Returns the first WebElement matching the given ``locator``.</doc>
<msg timestamp="20221124 13:59:26.393" level="INFO">${element} = &lt;selenium.webdriver.remote.webelement.WebElement (session="88321157002030d02fe3b22a8be1a3dc", element="3be5c24a-d5fb-4d80-8573-87c3f90bf018")&gt;</msg>
<status status="PASS" starttime="20221124 13:59:26.381" endtime="20221124 13:59:26.393"/>
</kw>
<kw name="Call Method" library="BuiltIn">
<var>${children}</var>
<arg>${element}</arg>
<arg>find_elements</arg>
<arg>by=xpath</arg>
<arg>value=child::*</arg>
<doc>Calls the named method of the given object with the provided arguments.</doc>
<msg timestamp="20221124 13:59:26.405" level="INFO">${children} = [&lt;selenium.webdriver.remote.webelement.WebElement (session="88321157002030d02fe3b22a8be1a3dc", element="ead0e26a-a108-4ac4-8478-01fdcb3a0f86")&gt;, &lt;selenium.webdriver.remote.webelement.WebElement (sessi...</msg>
<status status="PASS" starttime="20221124 13:59:26.393" endtime="20221124 13:59:26.405"/>
</kw>
<kw name="Get Length" library="BuiltIn">
<var>${return}</var>
<arg>${children}</arg>
<doc>Returns and logs the length of the given item as an integer.</doc>
<msg timestamp="20221124 13:59:26.405" level="INFO">Length is 2</msg>
<msg timestamp="20221124 13:59:26.405" level="INFO">${return} = 2</msg>
<status status="PASS" starttime="20221124 13:59:26.405" endtime="20221124 13:59:26.405"/>
</kw>
<msg timestamp="20221124 13:59:26.406" level="INFO">${nbCard} = 2</msg>
<status status="PASS" starttime="20221124 13:59:26.381" endtime="20221124 13:59:26.406"/>
</kw>
<for flavor="IN RANGE">
<var>${i}</var>
<value>${nbCard}</value>
<iter>
<var name="${i}">0</var>
<kw name="Element Should Be Visible" library="Selenium2Library">
<arg>//*[@id="root"]/div/div[2]/div/div[${i+1}]</arg>
<doc>Verifies that the element identified by ``locator`` is visible.</doc>
<msg timestamp="20221124 13:59:26.431" level="INFO">Element '//*[@id="root"]/div/div[2]/div/div[1]' is displayed.</msg>
<status status="PASS" starttime="20221124 13:59:26.406" endtime="20221124 13:59:26.432"/>
</kw>
<status status="PASS" starttime="20221124 13:59:26.406" endtime="20221124 13:59:26.432"/>
</iter>
<iter>
<var name="${i}">1</var>
<kw name="Element Should Be Visible" library="Selenium2Library">
<arg>//*[@id="root"]/div/div[2]/div/div[${i+1}]</arg>
<doc>Verifies that the element identified by ``locator`` is visible.</doc>
<msg timestamp="20221124 13:59:26.456" level="INFO">Element '//*[@id="root"]/div/div[2]/div/div[2]' is displayed.</msg>
<status status="PASS" starttime="20221124 13:59:26.432" endtime="20221124 13:59:26.456"/>
</kw>
<status status="PASS" starttime="20221124 13:59:26.432" endtime="20221124 13:59:26.456"/>
</iter>
<status status="PASS" starttime="20221124 13:59:26.406" endtime="20221124 13:59:26.456"/>
</for>
<status status="PASS" starttime="20221124 13:59:26.381" endtime="20221124 13:59:26.456"/>
</kw>
<kw name="EditeOneActivity" library="CasDeTest">
<kw name="GetChild" library="resource_ivan">
<var>${nbCard}</var>
<arg>${CARDS}</arg>
<kw name="Get WebElement" library="Selenium2Library">
<var>${element}</var>
<arg>${locator}</arg>
<doc>Returns the first WebElement matching the given ``locator``.</doc>
<msg timestamp="20221124 13:59:26.465" level="INFO">${element} = &lt;selenium.webdriver.remote.webelement.WebElement (session="88321157002030d02fe3b22a8be1a3dc", element="3be5c24a-d5fb-4d80-8573-87c3f90bf018")&gt;</msg>
<status status="PASS" starttime="20221124 13:59:26.457" endtime="20221124 13:59:26.465"/>
</kw>
<kw name="Call Method" library="BuiltIn">
<var>${children}</var>
<arg>${element}</arg>
<arg>find_elements</arg>
<arg>by=xpath</arg>
<arg>value=child::*</arg>
<doc>Calls the named method of the given object with the provided arguments.</doc>
<msg timestamp="20221124 13:59:26.473" level="INFO">${children} = [&lt;selenium.webdriver.remote.webelement.WebElement (session="88321157002030d02fe3b22a8be1a3dc", element="ead0e26a-a108-4ac4-8478-01fdcb3a0f86")&gt;, &lt;selenium.webdriver.remote.webelement.WebElement (sessi...</msg>
<status status="PASS" starttime="20221124 13:59:26.466" endtime="20221124 13:59:26.473"/>
</kw>
<kw name="Get Length" library="BuiltIn">
<var>${return}</var>
<arg>${children}</arg>
<doc>Returns and logs the length of the given item as an integer.</doc>
<msg timestamp="20221124 13:59:26.474" level="INFO">Length is 2</msg>
<msg timestamp="20221124 13:59:26.474" level="INFO">${return} = 2</msg>
<status status="PASS" starttime="20221124 13:59:26.474" endtime="20221124 13:59:26.474"/>
</kw>
<msg timestamp="20221124 13:59:26.474" level="INFO">${nbCard} = 2</msg>
<status status="PASS" starttime="20221124 13:59:26.457" endtime="20221124 13:59:26.474"/>
</kw>
<kw name="Evaluate" library="BuiltIn">
<var>${number}</var>
<arg>random.sample(range(2, ${nbCard+1}), 1)</arg>
<arg>random</arg>
<doc>Evaluates the given expression in Python and returns the result.</doc>
<msg timestamp="20221124 13:59:26.476" level="INFO">${number} = [2]</msg>
<status status="PASS" starttime="20221124 13:59:26.475" endtime="20221124 13:59:26.476"/>
</kw>
<kw name="Click Element" library="Selenium2Library">
<arg>//*[@id="root"]/div/div[2]/div/div[${number[0]}]/ul/li[3]/span/button/span</arg>
<doc>Click the element identified by ``locator``.</doc>
<msg timestamp="20221124 13:59:26.478" level="INFO">Clicking element '//*[@id="root"]/div/div[2]/div/div[2]/ul/li[3]/span/button/span'.</msg>
<status status="PASS" starttime="20221124 13:59:26.476" endtime="20221124 13:59:26.559"/>
</kw>
<kw name="Sleep" library="BuiltIn">
<arg>2</arg>
<doc>Pauses the test executed for the given time.</doc>
<msg timestamp="20221124 13:59:28.573" level="INFO">Slept 2 seconds</msg>
<status status="PASS" starttime="20221124 13:59:26.559" endtime="20221124 13:59:28.573"/>
</kw>
<kw name="ReturnMainPage" library="resource_ivan">
<kw name="Go To" library="Selenium2Library">
<arg>${WELCOMEPAGE_URL}</arg>
<doc>Navigates the current browser window to the provided ``url``.</doc>
<msg timestamp="20221124 13:59:28.574" level="INFO">Opening url 'https://mixap-dev.surge.sh/'</msg>
<status status="PASS" starttime="20221124 13:59:28.574" endtime="20221124 13:59:30.182"/>
</kw>
<kw name="Sleep" library="BuiltIn">
<arg>2</arg>
<doc>Pauses the test executed for the given time.</doc>
<msg timestamp="20221124 13:59:32.191" level="INFO">Slept 2 seconds</msg>
<status status="PASS" starttime="20221124 13:59:30.182" endtime="20221124 13:59:32.191"/>
</kw>
<status status="PASS" starttime="20221124 13:59:28.573" endtime="20221124 13:59:32.191"/>
</kw>
<kw name="Sleep" library="BuiltIn">
<arg>2</arg>
<doc>Pauses the test executed for the given time.</doc>
<msg timestamp="20221124 13:59:34.201" level="INFO">Slept 2 seconds</msg>
<status status="PASS" starttime="20221124 13:59:32.191" endtime="20221124 13:59:34.201"/>
</kw>
<status status="PASS" starttime="20221124 13:59:26.457" endtime="20221124 13:59:34.201"/>
</kw>
<kw name="PlayOneActivity" library="CasDeTest">
<kw name="GetChild" library="resource_ivan">
<var>${nbCard}</var>
<arg>${CARDS}</arg>
<kw name="Get WebElement" library="Selenium2Library">
<var>${element}</var>
<arg>${locator}</arg>
<doc>Returns the first WebElement matching the given ``locator``.</doc>
<msg timestamp="20221124 13:59:34.212" level="INFO">${element} = &lt;selenium.webdriver.remote.webelement.WebElement (session="88321157002030d02fe3b22a8be1a3dc", element="d7e9c341-7f51-4bc1-83de-898ddd3d9837")&gt;</msg>
<status status="PASS" starttime="20221124 13:59:34.203" endtime="20221124 13:59:34.212"/>
</kw>
<kw name="Call Method" library="BuiltIn">
<var>${children}</var>
<arg>${element}</arg>
<arg>find_elements</arg>
<arg>by=xpath</arg>
<arg>value=child::*</arg>
<doc>Calls the named method of the given object with the provided arguments.</doc>
<msg timestamp="20221124 13:59:34.223" level="INFO">${children} = [&lt;selenium.webdriver.remote.webelement.WebElement (session="88321157002030d02fe3b22a8be1a3dc", element="15ada7ee-e7a5-4251-9c9f-c1f0e45900fd")&gt;, &lt;selenium.webdriver.remote.webelement.WebElement (sessi...</msg>
<status status="PASS" starttime="20221124 13:59:34.212" endtime="20221124 13:59:34.223"/>
</kw>
<kw name="Get Length" library="BuiltIn">
<var>${return}</var>
<arg>${children}</arg>
<doc>Returns and logs the length of the given item as an integer.</doc>
<msg timestamp="20221124 13:59:34.223" level="INFO">Length is 2</msg>
<msg timestamp="20221124 13:59:34.224" level="INFO">${return} = 2</msg>
<status status="PASS" starttime="20221124 13:59:34.223" endtime="20221124 13:59:34.224"/>
</kw>
<msg timestamp="20221124 13:59:34.224" level="INFO">${nbCard} = 2</msg>
<status status="PASS" starttime="20221124 13:59:34.203" endtime="20221124 13:59:34.224"/>
</kw>
<kw name="Evaluate" library="BuiltIn">
<var>${number}</var>
<arg>random.sample(range(2, ${nbCard+1}), 1)</arg>
<arg>random</arg>
<doc>Evaluates the given expression in Python and returns the result.</doc>
<msg timestamp="20221124 13:59:34.225" level="INFO">${number} = [2]</msg>
<status status="PASS" starttime="20221124 13:59:34.224" endtime="20221124 13:59:34.225"/>
</kw>
<kw name="Click Element" library="Selenium2Library">
<arg>//*[@id="root"]/div/div[2]/div/div[${number[0]}]/div[1]/div/div[2]/button/span</arg>
<doc>Click the element identified by ``locator``.</doc>
<msg timestamp="20221124 13:59:34.226" level="INFO">Clicking element '//*[@id="root"]/div/div[2]/div/div[2]/div[1]/div/div[2]/button/span'.</msg>
<status status="PASS" starttime="20221124 13:59:34.225" endtime="20221124 13:59:34.309"/>
</kw>
<kw name="Sleep" library="BuiltIn">
<arg>2</arg>
<doc>Pauses the test executed for the given time.</doc>
<msg timestamp="20221124 13:59:36.313" level="INFO">Slept 2 seconds</msg>
<status status="PASS" starttime="20221124 13:59:34.309" endtime="20221124 13:59:36.313"/>
</kw>
<kw name="ReturnMainPage" library="resource_ivan">
<kw name="Go To" library="Selenium2Library">
<arg>${WELCOMEPAGE_URL}</arg>
<doc>Navigates the current browser window to the provided ``url``.</doc>
<msg timestamp="20221124 13:59:36.314" level="INFO">Opening url 'https://mixap-dev.surge.sh/'</msg>
<status status="PASS" starttime="20221124 13:59:36.314" endtime="20221124 13:59:37.641"/>
</kw>
<kw name="Sleep" library="BuiltIn">
<arg>2</arg>
<doc>Pauses the test executed for the given time.</doc>
<msg timestamp="20221124 13:59:39.653" level="INFO">Slept 2 seconds</msg>
<status status="PASS" starttime="20221124 13:59:37.641" endtime="20221124 13:59:39.653"/>
</kw>
<status status="PASS" starttime="20221124 13:59:36.313" endtime="20221124 13:59:39.653"/>
</kw>
<kw name="Sleep" library="BuiltIn">
<arg>2</arg>
<doc>Pauses the test executed for the given time.</doc>
<msg timestamp="20221124 13:59:41.658" level="INFO">Slept 2 seconds</msg>
<status status="PASS" starttime="20221124 13:59:39.653" endtime="20221124 13:59:41.658"/>
</kw>
<status status="PASS" starttime="20221124 13:59:34.202" endtime="20221124 13:59:41.659"/>
</kw>
<kw name="DeleteOneActivity" library="CasDeTest">
<kw name="GetChild" library="resource_ivan">
<var>${nbCard}</var>
<arg>${CARDS}</arg>
<kw name="Get WebElement" library="Selenium2Library">
<var>${element}</var>
<arg>${locator}</arg>
<doc>Returns the first WebElement matching the given ``locator``.</doc>
<msg timestamp="20221124 13:59:41.668" level="INFO">${element} = &lt;selenium.webdriver.remote.webelement.WebElement (session="88321157002030d02fe3b22a8be1a3dc", element="543f5976-7c11-43e3-81ec-b1699958068a")&gt;</msg>
<status status="PASS" starttime="20221124 13:59:41.660" endtime="20221124 13:59:41.668"/>
</kw>
<kw name="Call Method" library="BuiltIn">
<var>${children}</var>
<arg>${element}</arg>
<arg>find_elements</arg>
<arg>by=xpath</arg>
<arg>value=child::*</arg>
<doc>Calls the named method of the given object with the provided arguments.</doc>
<msg timestamp="20221124 13:59:41.680" level="INFO">${children} = [&lt;selenium.webdriver.remote.webelement.WebElement (session="88321157002030d02fe3b22a8be1a3dc", element="bf64ee61-0ce2-4cee-b439-087a5bdf33bc")&gt;, &lt;selenium.webdriver.remote.webelement.WebElement (sessi...</msg>
<status status="PASS" starttime="20221124 13:59:41.669" endtime="20221124 13:59:41.680"/>
</kw>
<kw name="Get Length" library="BuiltIn">
<var>${return}</var>
<arg>${children}</arg>
<doc>Returns and logs the length of the given item as an integer.</doc>
<msg timestamp="20221124 13:59:41.680" level="INFO">Length is 2</msg>
<msg timestamp="20221124 13:59:41.680" level="INFO">${return} = 2</msg>
<status status="PASS" starttime="20221124 13:59:41.680" endtime="20221124 13:59:41.680"/>
</kw>
<msg timestamp="20221124 13:59:41.680" level="INFO">${nbCard} = 2</msg>
<status status="PASS" starttime="20221124 13:59:41.659" endtime="20221124 13:59:41.680"/>
</kw>
<kw name="Evaluate" library="BuiltIn">
<var>${number}</var>
<arg>random.sample(range(2, ${nbCard+1}), 1)</arg>
<arg>random</arg>
<doc>Evaluates the given expression in Python and returns the result.</doc>
<msg timestamp="20221124 13:59:41.681" level="INFO">${number} = [2]</msg>
<status status="PASS" starttime="20221124 13:59:41.681" endtime="20221124 13:59:41.681"/>
</kw>
<kw name="Click Element" library="Selenium2Library">
<arg>//*[@id="root"]/div/div[2]/div/div[${number[0]}]/ul/li[4]/span/button/span</arg>
<doc>Click the element identified by ``locator``.</doc>
<msg timestamp="20221124 13:59:41.682" level="INFO">Clicking element '//*[@id="root"]/div/div[2]/div/div[2]/ul/li[4]/span/button/span'.</msg>
<status status="PASS" starttime="20221124 13:59:41.681" endtime="20221124 13:59:41.742"/>
</kw>
<kw name="Sleep" library="BuiltIn">
<arg>2</arg>
<doc>Pauses the test executed for the given time.</doc>
<msg timestamp="20221124 13:59:43.750" level="INFO">Slept 2 seconds</msg>
<status status="PASS" starttime="20221124 13:59:41.743" endtime="20221124 13:59:43.750"/>
</kw>
<kw name="Click Element" library="Selenium2Library">
<arg>xpath:/html/body/div[2]/div/div/ul/li/span/button/span</arg>
<doc>Click the element identified by ``locator``.</doc>
<msg timestamp="20221124 13:59:43.751" level="INFO">Clicking element 'xpath:/html/body/div[2]/div/div/ul/li/span/button/span'.</msg>
<status status="PASS" starttime="20221124 13:59:43.750" endtime="20221124 13:59:43.806"/>
</kw>
<kw name="Sleep" library="BuiltIn">
<arg>2</arg>
<doc>Pauses the test executed for the given time.</doc>
<msg timestamp="20221124 13:59:45.806" level="INFO">Slept 2 seconds</msg>
<status status="PASS" starttime="20221124 13:59:43.806" endtime="20221124 13:59:45.806"/>
</kw>
<status status="PASS" starttime="20221124 13:59:41.659" endtime="20221124 13:59:45.807"/>
</kw>
<kw name="OpenMoreOptionWindow" library="CasDeTest">
<kw name="ClickWindow" library="resource_ivan">
<arg>${MORE_OPTION_BUTTON}</arg>
<kw name="Click Button" library="Selenium2Library">
<arg>${Button}</arg>
<doc>Clicks the button identified by ``locator``.</doc>
<msg timestamp="20221124 13:59:45.808" level="INFO">Clicking button 'xpath://*[@id="root"]/div/div[1]/div/div[1]/span/div/div[4]/button'.</msg>
<status status="PASS" starttime="20221124 13:59:45.808" endtime="20221124 13:59:45.868"/>
</kw>
<status status="PASS" starttime="20221124 13:59:45.807" endtime="20221124 13:59:45.868"/>
</kw>
<kw name="Sleep" library="BuiltIn">
<arg>2</arg>
<doc>Pauses the test executed for the given time.</doc>
<msg timestamp="20221124 13:59:47.884" level="INFO">Slept 2 seconds</msg>
<status status="PASS" starttime="20221124 13:59:45.869" endtime="20221124 13:59:47.884"/>
</kw>
<status status="PASS" starttime="20221124 13:59:45.807" endtime="20221124 13:59:47.884"/>
</kw>
<kw name="Click" library="CasDeTest">
<kw name="Click Element" library="Selenium2Library">
<arg>${LOGO_XPATH}</arg>
<doc>Click the element identified by ``locator``.</doc>
<msg timestamp="20221124 13:59:47.885" level="INFO">Clicking element 'xpath://*[@id="root"]/div/div[1]/div/div[1]/div/span/span/img'.</msg>
<status status="PASS" starttime="20221124 13:59:47.885" endtime="20221124 13:59:47.952"/>
</kw>
<kw name="Sleep" library="BuiltIn">
<arg>2</arg>
<doc>Pauses the test executed for the given time.</doc>
<msg timestamp="20221124 13:59:49.957" level="INFO">Slept 2 seconds</msg>
<status status="PASS" starttime="20221124 13:59:47.952" endtime="20221124 13:59:49.957"/>
</kw>
<status status="PASS" starttime="20221124 13:59:47.885" endtime="20221124 13:59:49.957"/>
</kw>
<kw name="Close Browser" library="Selenium2Library" type="TEARDOWN">
<doc>Closes the current browser.</doc>
<status status="PASS" starttime="20221124 13:59:49.958" endtime="20221124 14:00:13.159"/>
</kw>
<status status="PASS" starttime="20221124 13:57:34.476" endtime="20221124 14:00:13.160"/>
</test>
<status status="PASS" starttime="20221124 13:57:34.144" endtime="20221124 14:00:13.162"/>
</suite>
<statistics>
<total>
<stat pass="1" fail="0" skip="0">All Tests</stat>
</total>
<tag>
</tag>
<suite>
<stat pass="1" fail="0" skip="0" id="s1" name="Scenario">Scenario</stat>
</suite>
</statistics>
<errors>
</errors>
</robot>
