<?xml version="1.0" encoding="UTF-8"?>
<robot generator="Robot 6.0 (Python 3.10.7 on win32)" generated="20221124 15:10:11.662" rpa="false" schemaversion="3">
<suite id="s1" name="Scenario" source="C:\Users\Admin\Desktop\Scrum\mixapp_robot\scenario.robot">
<test id="s1-t1" name="ScenarioMainMenu" line="6">
<kw name="OpenMixap" library="resources">
<kw name="Open Browser" library="Selenium2Library">
<arg>${WELCOMEPAGE_URL}</arg>
<arg>${BROWSER}</arg>
<doc>Opens a new browser instance to the optional ``url``.</doc>
<msg timestamp="20221124 15:10:11.999" level="INFO">Opening browser 'Chrome' to base url 'https://mixap-dev.surge.sh/'.</msg>
<status status="PASS" starttime="20221124 15:10:11.999" endtime="20221124 15:10:15.930"/>
</kw>
<kw name="Maximize Browser Window" library="Selenium2Library">
<doc>Maximizes current browser window.</doc>
<status status="PASS" starttime="20221124 15:10:15.930" endtime="20221124 15:10:16.099"/>
</kw>
<kw name="Set Selenium Speed" library="Selenium2Library">
<arg>${DELAY}</arg>
<doc>Sets the delay that is waited after each Selenium command.</doc>
<status status="PASS" starttime="20221124 15:10:16.099" endtime="20221124 15:10:16.100"/>
</kw>
<kw name="Wait Until Element Is Visible" library="Selenium2Library">
<arg>${LOGO_XPATH}</arg>
<arg>100000</arg>
<doc>Waits until the element ``locator`` is visible.</doc>
<status status="PASS" starttime="20221124 15:10:16.100" endtime="20221124 15:10:16.637"/>
</kw>
<kw name="WelcomePageShouldBeOpen" library="resources">
<kw name="Title Should Be" library="Selenium2Library">
<arg>${TITLE}</arg>
<doc>Verifies that the current page title equals ``title``.</doc>
<msg timestamp="20221124 15:10:16.644" level="INFO">Page title is 'MIXAP'.</msg>
<status status="PASS" starttime="20221124 15:10:16.638" endtime="20221124 15:10:16.644"/>
</kw>
<status status="PASS" starttime="20221124 15:10:16.637" endtime="20221124 15:10:16.644"/>
</kw>
<status status="PASS" starttime="20221124 15:10:11.998" endtime="20221124 15:10:16.644"/>
</kw>
<kw name="OpenImportWindow" library="CasDeTest">
<kw name="ClickWindow" library="resources">
<arg>${IMPORT_DATA}</arg>
<kw name="Click Button" library="Selenium2Library">
<arg>${Button}</arg>
<doc>Clicks the button identified by ``locator``.</doc>
<msg timestamp="20221124 15:10:16.646" level="INFO">Clicking button 'xpath://*[@id="root"]/div/div[1]/div/div[1]/span/div/div[1]/button'.</msg>
<status status="PASS" starttime="20221124 15:10:16.645" endtime="20221124 15:10:16.722"/>
</kw>
<status status="PASS" starttime="20221124 15:10:16.645" endtime="20221124 15:10:16.722"/>
</kw>
<kw name="Sleep" library="BuiltIn">
<arg>2</arg>
<doc>Pauses the test executed for the given time.</doc>
<msg timestamp="20221124 15:10:18.729" level="INFO">Slept 2 seconds</msg>
<status status="PASS" starttime="20221124 15:10:16.722" endtime="20221124 15:10:18.729"/>
</kw>
<status status="PASS" starttime="20221124 15:10:16.645" endtime="20221124 15:10:18.729"/>
</kw>
<kw name="Click" library="CasDeTest">
<kw name="Click Element" library="Selenium2Library">
<arg>${LOGO_XPATH}</arg>
<doc>Click the element identified by ``locator``.</doc>
<msg timestamp="20221124 15:10:18.733" level="INFO">Clicking element 'xpath://*[@id="root"]/div/div[1]/div/div[1]/div/span/span/img'.</msg>
<status status="PASS" starttime="20221124 15:10:18.732" endtime="20221124 15:10:18.797"/>
</kw>
<kw name="Sleep" library="BuiltIn">
<arg>2</arg>
<doc>Pauses the test executed for the given time.</doc>
<msg timestamp="20221124 15:10:20.804" level="INFO">Slept 2 seconds</msg>
<status status="PASS" starttime="20221124 15:10:18.797" endtime="20221124 15:10:20.804"/>
</kw>
<status status="PASS" starttime="20221124 15:10:18.732" endtime="20221124 15:10:20.804"/>
</kw>
<kw name="OpenImportWindow" library="CasDeTest">
<kw name="ClickWindow" library="resources">
<arg>${IMPORT_DATA}</arg>
<kw name="Click Button" library="Selenium2Library">
<arg>${Button}</arg>
<doc>Clicks the button identified by ``locator``.</doc>
<msg timestamp="20221124 15:10:20.806" level="INFO">Clicking button 'xpath://*[@id="root"]/div/div[1]/div/div[1]/span/div/div[1]/button'.</msg>
<status status="PASS" starttime="20221124 15:10:20.805" endtime="20221124 15:10:20.853"/>
</kw>
<status status="PASS" starttime="20221124 15:10:20.805" endtime="20221124 15:10:20.853"/>
</kw>
<kw name="Sleep" library="BuiltIn">
<arg>2</arg>
<doc>Pauses the test executed for the given time.</doc>
<msg timestamp="20221124 15:10:22.867" level="INFO">Slept 2 seconds</msg>
<status status="PASS" starttime="20221124 15:10:20.854" endtime="20221124 15:10:22.867"/>
</kw>
<status status="PASS" starttime="20221124 15:10:20.805" endtime="20221124 15:10:22.867"/>
</kw>
<kw name="CloseImportWindowWithText" library="CasDeTest">
<kw name="Generate Random String" library="String">
<var>${txt}</var>
<arg>3</arg>
<doc>Generates a string with a desired ``length`` from the given ``chars``.</doc>
<msg timestamp="20221124 15:10:22.868" level="INFO">${txt} = Dod</msg>
<status status="PASS" starttime="20221124 15:10:22.868" endtime="20221124 15:10:22.868"/>
</kw>
<kw name="EnterText" library="resources">
<arg>${IMPORT_DATA_INPUT_TEXT}</arg>
<arg>${txt}</arg>
<kw name="Input Text" library="Selenium2Library">
<arg>${Input}</arg>
<arg>${Text}</arg>
<doc>Types the given ``text`` into the text field identified by ``locator``.</doc>
<msg timestamp="20221124 15:10:22.869" level="INFO">Typing text 'Dod' into text field 'xpath:/html/body/div[2]/div/div/div/div[2]/div[2]/div/div[1]/input'.</msg>
<status status="PASS" starttime="20221124 15:10:22.869" endtime="20221124 15:10:22.986"/>
</kw>
<status status="PASS" starttime="20221124 15:10:22.868" endtime="20221124 15:10:22.986"/>
</kw>
<kw name="Click" library="CasDeTest">
<kw name="Click Element" library="Selenium2Library">
<arg>${LOGO_XPATH}</arg>
<doc>Click the element identified by ``locator``.</doc>
<msg timestamp="20221124 15:10:22.987" level="INFO">Clicking element 'xpath://*[@id="root"]/div/div[1]/div/div[1]/div/span/span/img'.</msg>
<status status="PASS" starttime="20221124 15:10:22.986" endtime="20221124 15:10:23.033"/>
</kw>
<kw name="Sleep" library="BuiltIn">
<arg>2</arg>
<doc>Pauses the test executed for the given time.</doc>
<msg timestamp="20221124 15:10:25.038" level="INFO">Slept 2 seconds</msg>
<status status="PASS" starttime="20221124 15:10:23.033" endtime="20221124 15:10:25.038"/>
</kw>
<status status="PASS" starttime="20221124 15:10:22.986" endtime="20221124 15:10:25.038"/>
</kw>
<kw name="OpenImportWindow" library="CasDeTest">
<kw name="ClickWindow" library="resources">
<arg>${IMPORT_DATA}</arg>
<kw name="Click Button" library="Selenium2Library">
<arg>${Button}</arg>
<doc>Clicks the button identified by ``locator``.</doc>
<msg timestamp="20221124 15:10:25.040" level="INFO">Clicking button 'xpath://*[@id="root"]/div/div[1]/div/div[1]/span/div/div[1]/button'.</msg>
<status status="PASS" starttime="20221124 15:10:25.039" endtime="20221124 15:10:25.102"/>
</kw>
<status status="PASS" starttime="20221124 15:10:25.038" endtime="20221124 15:10:25.102"/>
</kw>
<kw name="Sleep" library="BuiltIn">
<arg>2</arg>
<doc>Pauses the test executed for the given time.</doc>
<msg timestamp="20221124 15:10:27.115" level="INFO">Slept 2 seconds</msg>
<status status="PASS" starttime="20221124 15:10:25.102" endtime="20221124 15:10:27.115"/>
</kw>
<status status="PASS" starttime="20221124 15:10:25.038" endtime="20221124 15:10:27.115"/>
</kw>
<kw name="GetInputValue" library="resources">
<var>${result}</var>
<arg>${IMPORT_DATA_INPUT_TEXT}</arg>
<kw name="Get Element Attribute" library="Selenium2Library">
<var>${INPUT_RETURN}</var>
<arg>${Input}</arg>
<arg>value</arg>
<doc>Returns the value of ``attribute`` from the element ``locator``.</doc>
<msg timestamp="20221124 15:10:27.142" level="INFO">${INPUT_RETURN} = Dod</msg>
<status status="PASS" starttime="20221124 15:10:27.116" endtime="20221124 15:10:27.142"/>
</kw>
<msg timestamp="20221124 15:10:27.142" level="INFO">${result} = Dod</msg>
<status status="PASS" starttime="20221124 15:10:27.115" endtime="20221124 15:10:27.142"/>
</kw>
<kw name="Run Keyword If" library="BuiltIn">
<arg>"${result}" != "${txt}"</arg>
<arg>Fatal Error</arg>
<arg>${result} n'est pas égale à ${txt}</arg>
<doc>Runs the given keyword with the given arguments, if ``condition`` is true.</doc>
<status status="PASS" starttime="20221124 15:10:27.142" endtime="20221124 15:10:27.143"/>
</kw>
<kw name="Click" library="CasDeTest">
<kw name="Click Element" library="Selenium2Library">
<arg>${LOGO_XPATH}</arg>
<doc>Click the element identified by ``locator``.</doc>
<msg timestamp="20221124 15:10:27.144" level="INFO">Clicking element 'xpath://*[@id="root"]/div/div[1]/div/div[1]/div/span/span/img'.</msg>
<status status="PASS" starttime="20221124 15:10:27.143" endtime="20221124 15:10:27.183"/>
</kw>
<kw name="Sleep" library="BuiltIn">
<arg>2</arg>
<doc>Pauses the test executed for the given time.</doc>
<msg timestamp="20221124 15:10:29.198" level="INFO">Slept 2 seconds</msg>
<status status="PASS" starttime="20221124 15:10:27.183" endtime="20221124 15:10:29.198"/>
</kw>
<status status="PASS" starttime="20221124 15:10:27.143" endtime="20221124 15:10:29.198"/>
</kw>
<status status="PASS" starttime="20221124 15:10:22.868" endtime="20221124 15:10:29.198"/>
</kw>
<kw name="ReturnMainPage" library="resources">
<kw name="Go To" library="Selenium2Library">
<arg>${WELCOMEPAGE_URL}</arg>
<doc>Navigates the current browser window to the provided ``url``.</doc>
<msg timestamp="20221124 15:10:29.200" level="INFO">Opening url 'https://mixap-dev.surge.sh/'</msg>
<status status="PASS" starttime="20221124 15:10:29.199" endtime="20221124 15:10:29.845"/>
</kw>
<kw name="Sleep" library="BuiltIn">
<arg>2</arg>
<doc>Pauses the test executed for the given time.</doc>
<msg timestamp="20221124 15:10:31.848" level="INFO">Slept 2 seconds</msg>
<status status="PASS" starttime="20221124 15:10:29.845" endtime="20221124 15:10:31.848"/>
</kw>
<status status="PASS" starttime="20221124 15:10:29.199" endtime="20221124 15:10:31.848"/>
</kw>
<kw name="EnterCodeLessSevenCharacter" library="CasDeTest">
<kw name="ReturnMainPage" library="resources">
<kw name="Go To" library="Selenium2Library">
<arg>${WELCOMEPAGE_URL}</arg>
<doc>Navigates the current browser window to the provided ``url``.</doc>
<msg timestamp="20221124 15:10:31.849" level="INFO">Opening url 'https://mixap-dev.surge.sh/'</msg>
<status status="PASS" starttime="20221124 15:10:31.849" endtime="20221124 15:10:32.205"/>
</kw>
<kw name="Sleep" library="BuiltIn">
<arg>2</arg>
<doc>Pauses the test executed for the given time.</doc>
<msg timestamp="20221124 15:10:34.221" level="INFO">Slept 2 seconds</msg>
<status status="PASS" starttime="20221124 15:10:32.206" endtime="20221124 15:10:34.221"/>
</kw>
<status status="PASS" starttime="20221124 15:10:31.849" endtime="20221124 15:10:34.221"/>
</kw>
<kw name="OpenImportWindow" library="CasDeTest">
<kw name="ClickWindow" library="resources">
<arg>${IMPORT_DATA}</arg>
<kw name="Click Button" library="Selenium2Library">
<arg>${Button}</arg>
<doc>Clicks the button identified by ``locator``.</doc>
<msg timestamp="20221124 15:10:34.222" level="INFO">Clicking button 'xpath://*[@id="root"]/div/div[1]/div/div[1]/span/div/div[1]/button'.</msg>
<status status="PASS" starttime="20221124 15:10:34.221" endtime="20221124 15:10:34.284"/>
</kw>
<status status="PASS" starttime="20221124 15:10:34.221" endtime="20221124 15:10:34.284"/>
</kw>
<kw name="Sleep" library="BuiltIn">
<arg>2</arg>
<doc>Pauses the test executed for the given time.</doc>
<msg timestamp="20221124 15:10:36.297" level="INFO">Slept 2 seconds</msg>
<status status="PASS" starttime="20221124 15:10:34.285" endtime="20221124 15:10:36.297"/>
</kw>
<status status="PASS" starttime="20221124 15:10:34.221" endtime="20221124 15:10:36.297"/>
</kw>
<kw name="Generate Random String" library="String">
<var>${txt}</var>
<arg>3</arg>
<doc>Generates a string with a desired ``length`` from the given ``chars``.</doc>
<msg timestamp="20221124 15:10:36.298" level="INFO">${txt} = RAa</msg>
<status status="PASS" starttime="20221124 15:10:36.297" endtime="20221124 15:10:36.298"/>
</kw>
<kw name="EnterText" library="resources">
<arg>${IMPORT_DATA_INPUT_TEXT}</arg>
<arg>${txt}</arg>
<kw name="Input Text" library="Selenium2Library">
<arg>${Input}</arg>
<arg>${Text}</arg>
<doc>Types the given ``text`` into the text field identified by ``locator``.</doc>
<msg timestamp="20221124 15:10:36.299" level="INFO">Typing text 'RAa' into text field 'xpath:/html/body/div[2]/div/div/div/div[2]/div[2]/div/div[1]/input'.</msg>
<status status="PASS" starttime="20221124 15:10:36.298" endtime="20221124 15:10:36.396"/>
</kw>
<status status="PASS" starttime="20221124 15:10:36.298" endtime="20221124 15:10:36.396"/>
</kw>
<kw name="Element Should Be Disabled" library="Selenium2Library">
<arg>${IMPORT_DATA_BUTTON}</arg>
<doc>Verifies that element identified by ``locator`` is disabled.</doc>
<status status="PASS" starttime="20221124 15:10:36.396" endtime="20221124 15:10:36.418"/>
</kw>
<kw name="Clear Element Text" library="Selenium2Library">
<arg>${IMPORT_DATA_INPUT_TEXT}</arg>
<doc>Clears the value of the text-input-element identified by ``locator``.</doc>
<status status="PASS" starttime="20221124 15:10:36.418" endtime="20221124 15:10:36.462"/>
</kw>
<kw name="ReturnMainPage" library="resources">
<kw name="Go To" library="Selenium2Library">
<arg>${WELCOMEPAGE_URL}</arg>
<doc>Navigates the current browser window to the provided ``url``.</doc>
<msg timestamp="20221124 15:10:36.463" level="INFO">Opening url 'https://mixap-dev.surge.sh/'</msg>
<status status="PASS" starttime="20221124 15:10:36.463" endtime="20221124 15:10:36.806"/>
</kw>
<kw name="Sleep" library="BuiltIn">
<arg>2</arg>
<doc>Pauses the test executed for the given time.</doc>
<msg timestamp="20221124 15:10:38.809" level="INFO">Slept 2 seconds</msg>
<status status="PASS" starttime="20221124 15:10:36.806" endtime="20221124 15:10:38.809"/>
</kw>
<status status="PASS" starttime="20221124 15:10:36.462" endtime="20221124 15:10:38.809"/>
</kw>
<status status="PASS" starttime="20221124 15:10:31.848" endtime="20221124 15:10:38.810"/>
</kw>
<kw name="ReturnMainPage" library="resources">
<kw name="Go To" library="Selenium2Library">
<arg>${WELCOMEPAGE_URL}</arg>
<doc>Navigates the current browser window to the provided ``url``.</doc>
<msg timestamp="20221124 15:10:38.811" level="INFO">Opening url 'https://mixap-dev.surge.sh/'</msg>
<status status="PASS" starttime="20221124 15:10:38.811" endtime="20221124 15:10:39.019"/>
</kw>
<kw name="Sleep" library="BuiltIn">
<arg>2</arg>
<doc>Pauses the test executed for the given time.</doc>
<msg timestamp="20221124 15:10:41.028" level="INFO">Slept 2 seconds</msg>
<status status="PASS" starttime="20221124 15:10:39.020" endtime="20221124 15:10:41.028"/>
</kw>
<status status="PASS" starttime="20221124 15:10:38.810" endtime="20221124 15:10:41.028"/>
</kw>
<kw name="EnterCodeMoreSevenCharacter" library="CasDeTest">
<kw name="OpenImportWindow" library="CasDeTest">
<kw name="ClickWindow" library="resources">
<arg>${IMPORT_DATA}</arg>
<kw name="Click Button" library="Selenium2Library">
<arg>${Button}</arg>
<doc>Clicks the button identified by ``locator``.</doc>
<msg timestamp="20221124 15:10:41.031" level="INFO">Clicking button 'xpath://*[@id="root"]/div/div[1]/div/div[1]/span/div/div[1]/button'.</msg>
<msg timestamp="20221124 15:10:42.297" level="INFO" html="true">&lt;/td&gt;&lt;/tr&gt;&lt;tr&gt;&lt;td colspan="3"&gt;&lt;a href="selenium-screenshot-14.png"&gt;&lt;img src="selenium-screenshot-14.png" width="800px"&gt;&lt;/a&gt;</msg>
<msg timestamp="20221124 15:10:42.297" level="FAIL">ElementClickInterceptedException: Message: element click intercepted: Element &lt;button type="button" class="ant-btn ant-btn-round ant-btn-default ant-btn-icon-only"&gt;...&lt;/button&gt; is not clickable at point (1208, 36). Other element would receive the click: &lt;div class="ant-notification-notice ant-notification-notice-info ant-notification-notice-closable"&gt;...&lt;/div&gt;
  (Session info: chrome=107.0.5304.107)
Stacktrace:
Backtrace:
	Ordinal0 [0x005EACD3+2075859]
	Ordinal0 [0x0057EE61+1633889]
	Ordinal0 [0x0047B7BD+571325]
	Ordinal0 [0x004B1499+791705]
	Ordinal0 [0x004AF4AC+783532]
	Ordinal0 [0x004AD0AB+774315]
	Ordinal0 [0x004ABD37+769335]
	Ordinal0 [0x004A1C76+728182]
	Ordinal0 [0x004C731C+881436]
	Ordinal0 [0x004A15BF+726463]
	Ordinal0 [0x004C7534+881972]
	Ordinal0 [0x004DB56A+963946]
	Ordinal0 [0x004C7136+880950]
	Ordinal0 [0x0049FEFD+720637]
	Ordinal0 [0x004A0F3F+724799]
	GetHandleVerifier [0x0089EED2+2769538]
	GetHandleVerifier [0x00890D95+2711877]
	GetHandleVerifier [0x0067A03A+521194]
	GetHandleVerifier [0x00678DA0+516432]
	Ordinal0 [0x0058682C+1665068]
	Ordinal0 [0x0058B128+1683752]
	Ordinal0 [0x0058B215+1683989]
	Ordinal0 [0x00596484+1729668]
	BaseThreadInitThunk [0x75E8FEF9+25]
	RtlGetAppContainerNamedObjectPath [0x77117BBE+286]
	RtlGetAppContainerNamedObjectPath [0x77117B8E+238]
</msg>
<status status="FAIL" starttime="20221124 15:10:41.031" endtime="20221124 15:10:42.300"/>
</kw>
<status status="FAIL" starttime="20221124 15:10:41.030" endtime="20221124 15:10:42.301"/>
</kw>
<kw name="Sleep" library="BuiltIn">
<arg>2</arg>
<doc>Pauses the test executed for the given time.</doc>
<status status="NOT RUN" starttime="20221124 15:10:42.301" endtime="20221124 15:10:42.301"/>
</kw>
<status status="FAIL" starttime="20221124 15:10:41.029" endtime="20221124 15:10:42.301"/>
</kw>
<kw name="Generate Random String" library="String">
<var>${txt}</var>
<arg>7</arg>
<doc>Generates a string with a desired ``length`` from the given ``chars``.</doc>
<status status="NOT RUN" starttime="20221124 15:10:42.301" endtime="20221124 15:10:42.301"/>
</kw>
<kw name="EnterText" library="resources">
<arg>${IMPORT_DATA_INPUT_TEXT}</arg>
<arg>${txt}</arg>
<status status="NOT RUN" starttime="20221124 15:10:42.301" endtime="20221124 15:10:42.301"/>
</kw>
<kw name="Element Should Be Enabled" library="Selenium2Library">
<arg>${IMPORT_DATA_BUTTON}</arg>
<doc>Verifies that element identified by ``locator`` is enabled.</doc>
<status status="NOT RUN" starttime="20221124 15:10:42.301" endtime="20221124 15:10:42.302"/>
</kw>
<kw name="Clear Element Text" library="Selenium2Library">
<arg>${IMPORT_DATA_INPUT_TEXT}</arg>
<doc>Clears the value of the text-input-element identified by ``locator``.</doc>
<status status="NOT RUN" starttime="20221124 15:10:42.302" endtime="20221124 15:10:42.302"/>
</kw>
<kw name="ReturnMainPage" library="resources">
<status status="NOT RUN" starttime="20221124 15:10:42.302" endtime="20221124 15:10:42.302"/>
</kw>
<status status="FAIL" starttime="20221124 15:10:41.029" endtime="20221124 15:10:42.302"/>
</kw>
<kw name="OpenDashboard" library="CasDeTest">
<status status="NOT RUN" starttime="20221124 15:10:42.303" endtime="20221124 15:10:42.303"/>
</kw>
<kw name="GoToSuiviDapprenants" library="CasDeTest">
<status status="NOT RUN" starttime="20221124 15:10:42.303" endtime="20221124 15:10:42.304"/>
</kw>
<kw name="GoToMonContenu" library="CasDeTest">
<status status="NOT RUN" starttime="20221124 15:10:42.304" endtime="20221124 15:10:42.304"/>
</kw>
<kw name="ReturnMainPage" library="resources">
<status status="NOT RUN" starttime="20221124 15:10:42.305" endtime="20221124 15:10:42.305"/>
</kw>
<kw name="OpenAddActivityWindow" library="CasDeTest">
<status status="NOT RUN" starttime="20221124 15:10:42.305" endtime="20221124 15:10:42.305"/>
</kw>
<kw name="CloseAddActivityWindow" library="CasDeTest">
<status status="NOT RUN" starttime="20221124 15:10:42.305" endtime="20221124 15:10:42.306"/>
</kw>
<kw name="CreateAugmenterUneImageActivity" library="CasDeTest">
<status status="NOT RUN" starttime="20221124 15:10:42.306" endtime="20221124 15:10:42.306"/>
</kw>
<kw name="ReturnMainPage" library="resources">
<status status="NOT RUN" starttime="20221124 15:10:42.306" endtime="20221124 15:10:42.306"/>
</kw>
<kw name="LookActivityCreate" library="CasDeTest">
<status status="NOT RUN" starttime="20221124 15:10:42.307" endtime="20221124 15:10:42.307"/>
</kw>
<kw name="EditeOneActivity" library="CasDeTest">
<status status="NOT RUN" starttime="20221124 15:10:42.308" endtime="20221124 15:10:42.308"/>
</kw>
<kw name="ReturnToMainPage">
<status status="NOT RUN" starttime="20221124 15:10:42.312" endtime="20221124 15:10:42.312"/>
</kw>
<kw name="PlayOneActivity" library="CasDeTest">
<status status="NOT RUN" starttime="20221124 15:10:42.313" endtime="20221124 15:10:42.313"/>
</kw>
<kw name="ReturnToMainPage">
<status status="NOT RUN" starttime="20221124 15:10:42.317" endtime="20221124 15:10:42.317"/>
</kw>
<kw name="DeleteOneActivity" library="CasDeTest">
<status status="NOT RUN" starttime="20221124 15:10:42.317" endtime="20221124 15:10:42.317"/>
</kw>
<kw name="OpenMoreOptionWindow" library="CasDeTest">
<status status="NOT RUN" starttime="20221124 15:10:42.318" endtime="20221124 15:10:42.318"/>
</kw>
<kw name="Click" library="CasDeTest">
<status status="NOT RUN" starttime="20221124 15:10:42.318" endtime="20221124 15:10:42.318"/>
</kw>
<kw name="ReturnMainPage" library="resources">
<status status="NOT RUN" starttime="20221124 15:10:42.319" endtime="20221124 15:10:42.319"/>
</kw>
<kw name="EnterFakeCode" library="CasDeTest">
<status status="NOT RUN" starttime="20221124 15:10:42.320" endtime="20221124 15:10:42.320"/>
</kw>
<kw name="ReturnMainPage" library="resources">
<status status="NOT RUN" starttime="20221124 15:10:42.320" endtime="20221124 15:10:42.320"/>
</kw>
<kw name="EnterRealCode" library="CasDeTest">
<status status="NOT RUN" starttime="20221124 15:10:42.321" endtime="20221124 15:10:42.321"/>
</kw>
<kw name="ReturnMainPage" library="resources">
<status status="NOT RUN" starttime="20221124 15:10:42.321" endtime="20221124 15:10:42.321"/>
</kw>
<kw name="Close Browser" library="Selenium2Library" type="TEARDOWN">
<doc>Closes the current browser.</doc>
<status status="PASS" starttime="20221124 15:10:42.322" endtime="20221124 15:10:44.639"/>
</kw>
<status status="FAIL" starttime="20221124 15:10:11.997" endtime="20221124 15:10:44.639">ElementClickInterceptedException: Message: element click intercepted: Element &lt;button type="button" class="ant-btn ant-btn-round ant-btn-default ant-btn-icon-only"&gt;...&lt;/button&gt; is not clickable at point (1208, 36). Other element would receive the click: &lt;div class="ant-notification-notice ant-notification-notice-info ant-notification-notice-closable"&gt;...&lt;/div&gt;
  (Session info: chrome=107.0.5304.107)
Stacktrace:
Backtrace:
	Ordinal0 [0x005EACD3+2075859]
	Ordinal0 [0x0057EE61+1633889]
	Ordinal0 [0x0047B7BD+571325]
	Ordinal0 [0x004B1499+791705]
	Ordinal0 [0x004AF4AC+783532]
	Ordinal0 [0x004AD0AB+774315]
	Ordinal0 [0x004ABD37+769335]
	Ordinal0 [0x004A1C76+728182]
	Ordinal0 [0x004C731C+881436]
	Ordinal0 [0x004A15BF+726463]
	Ordinal0 [0x004C7534+881972]
	Ordinal0 [0x004DB56A+963946]
	Ordinal0 [0x004C7136+880950]
	Ordinal0 [0x0049FEFD+720637]
	Ordinal0 [0x004A0F3F+724799]
	GetHandleVerifier [0x0089EED2+2769538]
	GetHandleVerifier [0x00890D95+2711877]
	GetHandleVerifier [0x0067A03A+521194]
	GetHandleVerifier [0x00678DA0+516432]
	Ordinal0 [0x0058682C+1665068]
	Ordinal0 [0x0058B128+1683752]
	Ordinal0 [0x0058B215+1683989]
	Ordinal0 [0x00596484+1729668]
	BaseThreadInitThunk [0x75E8FEF9+25]
	RtlGetAppContainerNamedObjectPath [0x77117BBE+286]
	RtlGetAppContainerNamedObjectPath [0x77117B8E+238]
</status>
</test>
<test id="s1-t2" name="ScenarioActiviteAugmenterUneImage" line="43">
<kw name="OpenMixap" library="resources">
<kw name="Open Browser" library="Selenium2Library">
<arg>${WELCOMEPAGE_URL}</arg>
<arg>${BROWSER}</arg>
<doc>Opens a new browser instance to the optional ``url``.</doc>
<msg timestamp="20221124 15:10:44.644" level="INFO">Opening browser 'Chrome' to base url 'https://mixap-dev.surge.sh/'.</msg>
<status status="PASS" starttime="20221124 15:10:44.644" endtime="20221124 15:10:49.942"/>
</kw>
<kw name="Maximize Browser Window" library="Selenium2Library">
<doc>Maximizes current browser window.</doc>
<status status="PASS" starttime="20221124 15:10:49.942" endtime="20221124 15:10:50.130"/>
</kw>
<kw name="Set Selenium Speed" library="Selenium2Library">
<arg>${DELAY}</arg>
<doc>Sets the delay that is waited after each Selenium command.</doc>
<status status="PASS" starttime="20221124 15:10:50.130" endtime="20221124 15:10:50.131"/>
</kw>
<kw name="Wait Until Element Is Visible" library="Selenium2Library">
<arg>${LOGO_XPATH}</arg>
<arg>100000</arg>
<doc>Waits until the element ``locator`` is visible.</doc>
<status status="PASS" starttime="20221124 15:10:50.131" endtime="20221124 15:10:50.482"/>
</kw>
<kw name="WelcomePageShouldBeOpen" library="resources">
<kw name="Title Should Be" library="Selenium2Library">
<arg>${TITLE}</arg>
<doc>Verifies that the current page title equals ``title``.</doc>
<msg timestamp="20221124 15:10:50.489" level="INFO">Page title is 'MIXAP'.</msg>
<status status="PASS" starttime="20221124 15:10:50.483" endtime="20221124 15:10:50.489"/>
</kw>
<status status="PASS" starttime="20221124 15:10:50.482" endtime="20221124 15:10:50.489"/>
</kw>
<status status="PASS" starttime="20221124 15:10:44.643" endtime="20221124 15:10:50.490"/>
</kw>
<kw name="AfficherCreationStage" library="CasDeTest">
<kw name="CreateAugmenterUneImageActivity" library="CasDeTest">
<kw name="OpenAddActivityWindow" library="CasDeTest">
<kw name="ClickWindow" library="resources">
<arg>${ADD_ACTIVITY}</arg>
<kw name="Click Button" library="Selenium2Library">
<arg>${Button}</arg>
<doc>Clicks the button identified by ``locator``.</doc>
<msg timestamp="20221124 15:10:50.492" level="INFO">Clicking button 'xpath://*[@id="root"]/div/div[2]/div/div[1]/div/div/button'.</msg>
<status status="PASS" starttime="20221124 15:10:50.492" endtime="20221124 15:10:50.702"/>
</kw>
<status status="PASS" starttime="20221124 15:10:50.491" endtime="20221124 15:10:50.702"/>
</kw>
<kw name="Sleep" library="BuiltIn">
<arg>2</arg>
<doc>Pauses the test executed for the given time.</doc>
<msg timestamp="20221124 15:10:52.705" level="INFO">Slept 2 seconds</msg>
<status status="PASS" starttime="20221124 15:10:50.702" endtime="20221124 15:10:52.705"/>
</kw>
<status status="PASS" starttime="20221124 15:10:50.491" endtime="20221124 15:10:52.706"/>
</kw>
<kw name="Click Element" library="Selenium2Library">
<arg>${AUGMENTER_UNE_IMAGE}</arg>
<doc>Click the element identified by ``locator``.</doc>
<msg timestamp="20221124 15:10:52.707" level="INFO">Clicking element 'xpath:/html/body/div[2]/div/div[2]/div/div[2]/div[2]/div/div[1]/div[1]'.</msg>
<status status="PASS" starttime="20221124 15:10:52.706" endtime="20221124 15:10:52.826"/>
</kw>
<kw name="Sleep" library="BuiltIn">
<arg>2</arg>
<doc>Pauses the test executed for the given time.</doc>
<msg timestamp="20221124 15:10:54.839" level="INFO">Slept 2 seconds</msg>
<status status="PASS" starttime="20221124 15:10:52.826" endtime="20221124 15:10:54.839"/>
</kw>
<status status="PASS" starttime="20221124 15:10:50.490" endtime="20221124 15:10:54.839"/>
</kw>
<kw name="Sleep" library="BuiltIn">
<arg>2</arg>
<doc>Pauses the test executed for the given time.</doc>
<msg timestamp="20221124 15:10:56.850" level="INFO">Slept 2 seconds</msg>
<status status="PASS" starttime="20221124 15:10:54.840" endtime="20221124 15:10:56.850"/>
</kw>
<kw name="Element Should Be Visible" library="Selenium2Library">
<arg>${ETAPE_NOMMAGE}</arg>
<doc>Verifies that the element identified by ``locator`` is visible.</doc>
<msg timestamp="20221124 15:10:56.891" level="INFO">Element 'xpath:/html/body/div[1]/section/section/main/section/main/header/div/div[1]' is displayed.</msg>
<status status="PASS" starttime="20221124 15:10:56.850" endtime="20221124 15:10:56.891"/>
</kw>
<kw name="Element Should Be Visible" library="Selenium2Library">
<arg>${ETAPE_MARQUEUR}</arg>
<doc>Verifies that the element identified by ``locator`` is visible.</doc>
<msg timestamp="20221124 15:10:56.918" level="INFO">Element 'xpath:html/body/div[1]/section/section/main/section/main/header/div/div[2]' is displayed.</msg>
<status status="PASS" starttime="20221124 15:10:56.892" endtime="20221124 15:10:56.919"/>
</kw>
<kw name="Element Should Be Visible" library="Selenium2Library">
<arg>${ETAPE_AUGMENTATION}</arg>
<doc>Verifies that the element identified by ``locator`` is visible.</doc>
<msg timestamp="20221124 15:10:56.945" level="INFO">Element 'xpath:/html/body/div[1]/section/section/main/section/main/header/div/div[3]' is displayed.</msg>
<status status="PASS" starttime="20221124 15:10:56.920" endtime="20221124 15:10:56.945"/>
</kw>
<kw name="Element Should Be Visible" library="Selenium2Library">
<arg>${ETAPE_ESSAI}</arg>
<doc>Verifies that the element identified by ``locator`` is visible.</doc>
<msg timestamp="20221124 15:10:56.972" level="INFO">Element 'xpath:/html/body/div[1]/section/section/main/section/main/header/div/div[4]' is displayed.</msg>
<status status="PASS" starttime="20221124 15:10:56.945" endtime="20221124 15:10:56.973"/>
</kw>
<status status="PASS" starttime="20221124 15:10:50.490" endtime="20221124 15:10:56.973"/>
</kw>
<kw name="ModifyTitle" library="CasDeTest">
<kw name="Click Element" library="Selenium2Library">
<arg>${BOUTON_TITRE_MODIFIER}</arg>
<doc>Click the element identified by ``locator``.</doc>
<msg timestamp="20221124 15:10:56.974" level="INFO">Clicking element 'xpath://*[@id="board-content"]/div/div/div/div[2]/div/div[1]/h5/div/span'.</msg>
<status status="PASS" starttime="20221124 15:10:56.973" endtime="20221124 15:10:57.078"/>
</kw>
<kw name="Press Keys" library="Selenium2Library">
<arg>none</arg>
<arg>CONTROL+A</arg>
<doc>Simulates the user pressing key(s) to an element or on the active browser.</doc>
<msg timestamp="20221124 15:10:57.079" level="INFO">Sending key(s) ('CONTROL+A',) to page.</msg>
<msg timestamp="20221124 15:10:57.079" level="INFO">Pressing special key CONTROL down.</msg>
<msg timestamp="20221124 15:10:57.079" level="INFO">Sending key A</msg>
<msg timestamp="20221124 15:10:57.080" level="INFO">Releasing special key CONTROL.</msg>
<status status="PASS" starttime="20221124 15:10:57.079" endtime="20221124 15:10:57.124"/>
</kw>
<kw name="Sleep" library="BuiltIn">
<arg>2</arg>
<doc>Pauses the test executed for the given time.</doc>
<msg timestamp="20221124 15:10:59.131" level="INFO">Slept 2 seconds</msg>
<status status="PASS" starttime="20221124 15:10:57.124" endtime="20221124 15:10:59.131"/>
</kw>
<kw name="Press Keys" library="Selenium2Library">
<arg>none</arg>
<arg>${TITRE}</arg>
<doc>Simulates the user pressing key(s) to an element or on the active browser.</doc>
<msg timestamp="20221124 15:10:59.132" level="INFO">Sending key(s) ('TitreTest',) to page.</msg>
<msg timestamp="20221124 15:10:59.132" level="INFO">Sending keys TitreTest</msg>
<status status="PASS" starttime="20221124 15:10:59.131" endtime="20221124 15:10:59.217"/>
</kw>
<kw name="Sleep" library="BuiltIn">
<arg>2</arg>
<doc>Pauses the test executed for the given time.</doc>
<msg timestamp="20221124 15:11:01.226" level="INFO">Slept 2 seconds</msg>
<status status="PASS" starttime="20221124 15:10:59.217" endtime="20221124 15:11:01.226"/>
</kw>
<kw name="Element Should Contain" library="Selenium2Library">
<arg>${EMPLACEMENT_TITRE}</arg>
<arg>${TITRE}</arg>
<doc>Verifies that element ``locator`` contains text ``expected``.</doc>
<msg timestamp="20221124 15:11:01.259" level="INFO">Element 'xpath://*[@id="board-content"]/div/div/div/div[2]/div/div[1]' contains text 'TitreTest'.</msg>
<status status="PASS" starttime="20221124 15:11:01.226" endtime="20221124 15:11:01.260"/>
</kw>
<status status="PASS" starttime="20221124 15:10:56.973" endtime="20221124 15:11:01.260"/>
</kw>
<kw name="ModifyDesc" library="CasDeTest">
<kw name="Click Element" library="Selenium2Library">
<arg>${BOUTON_DESCRIPTION_MODIFIER}</arg>
<doc>Click the element identified by ``locator``.</doc>
<msg timestamp="20221124 15:11:01.261" level="INFO">Clicking element 'xpath://*[@id="board-content"]/div/div/div/div[2]/div/div[2]/span/div'.</msg>
<status status="PASS" starttime="20221124 15:11:01.261" endtime="20221124 15:11:01.322"/>
</kw>
<kw name="Press Keys" library="Selenium2Library">
<arg>none</arg>
<arg>CONTROL+A</arg>
<doc>Simulates the user pressing key(s) to an element or on the active browser.</doc>
<msg timestamp="20221124 15:11:01.323" level="INFO">Sending key(s) ('CONTROL+A',) to page.</msg>
<msg timestamp="20221124 15:11:01.323" level="INFO">Pressing special key CONTROL down.</msg>
<msg timestamp="20221124 15:11:01.323" level="INFO">Sending key A</msg>
<msg timestamp="20221124 15:11:01.323" level="INFO">Releasing special key CONTROL.</msg>
<status status="PASS" starttime="20221124 15:11:01.322" endtime="20221124 15:11:01.332"/>
</kw>
<kw name="Sleep" library="BuiltIn">
<arg>2</arg>
<doc>Pauses the test executed for the given time.</doc>
<msg timestamp="20221124 15:11:03.345" level="INFO">Slept 2 seconds</msg>
<status status="PASS" starttime="20221124 15:11:01.332" endtime="20221124 15:11:03.345"/>
</kw>
<kw name="Press Keys" library="Selenium2Library">
<arg>none</arg>
<arg>${DESCRIPTION}</arg>
<doc>Simulates the user pressing key(s) to an element or on the active browser.</doc>
<msg timestamp="20221124 15:11:03.346" level="INFO">Sending key(s) ('Ceci est une description',) to page.</msg>
<msg timestamp="20221124 15:11:03.346" level="INFO">Sending keys Ceci est une description</msg>
<status status="PASS" starttime="20221124 15:11:03.345" endtime="20221124 15:11:03.465"/>
</kw>
<kw name="Sleep" library="BuiltIn">
<arg>2</arg>
<doc>Pauses the test executed for the given time.</doc>
<msg timestamp="20221124 15:11:05.473" level="INFO">Slept 2 seconds</msg>
<status status="PASS" starttime="20221124 15:11:03.465" endtime="20221124 15:11:05.473"/>
</kw>
<kw name="Element Should Contain" library="Selenium2Library">
<arg>${EMPLACEMENT_DESCRIPTION}</arg>
<arg>${DESCRIPTION}</arg>
<doc>Verifies that element ``locator`` contains text ``expected``.</doc>
<msg timestamp="20221124 15:11:05.502" level="INFO">Element 'xpath://*[@id="board-content"]/div/div/div/div[2]/div/div[2]' contains text 'Ceci est une description'.</msg>
<status status="PASS" starttime="20221124 15:11:05.473" endtime="20221124 15:11:05.502"/>
</kw>
<status status="PASS" starttime="20221124 15:11:01.260" endtime="20221124 15:11:05.503"/>
</kw>
<kw name="GoBackToMainPageWithArrow" library="CasDeTest">
<kw name="Click Element" library="Selenium2Library">
<arg>${RETOUR}</arg>
<doc>Click the element identified by ``locator``.</doc>
<msg timestamp="20221124 15:11:05.507" level="INFO">Clicking element 'xpath://*[@id="root"]/section/header/div/div/div/div/div/span'.</msg>
<status status="PASS" starttime="20221124 15:11:05.506" endtime="20221124 15:11:05.632"/>
</kw>
<kw name="Sleep" library="BuiltIn">
<arg>2</arg>
<doc>Pauses the test executed for the given time.</doc>
<msg timestamp="20221124 15:11:07.634" level="INFO">Slept 2 seconds</msg>
<status status="PASS" starttime="20221124 15:11:05.633" endtime="20221124 15:11:07.634"/>
</kw>
<kw name="Element Should Be Visible" library="Selenium2Library">
<arg>${ADD_ACTIVITY}</arg>
<doc>Verifies that the element identified by ``locator`` is visible.</doc>
<msg timestamp="20221124 15:11:07.686" level="INFO">Element 'xpath://*[@id="root"]/div/div[2]/div/div[1]/div/div/button' is displayed.</msg>
<status status="PASS" starttime="20221124 15:11:07.634" endtime="20221124 15:11:07.686"/>
</kw>
<status status="PASS" starttime="20221124 15:11:05.506" endtime="20221124 15:11:07.686"/>
</kw>
<kw name="EditeOneActivity" library="CasDeTest">
<kw name="GetChild" library="resources">
<var>${nbCard}</var>
<arg>${CARDS}</arg>
<kw name="Get WebElement" library="Selenium2Library">
<var>${element}</var>
<arg>${locator}</arg>
<doc>Returns the first WebElement matching the given ``locator``.</doc>
<msg timestamp="20221124 15:11:07.700" level="INFO">${element} = &lt;selenium.webdriver.remote.webelement.WebElement (session="a038cd266eb2c8400b9556cf3744150d", element="7463bae5-dbbe-4145-8822-fba5c9ec07f0")&gt;</msg>
<status status="PASS" starttime="20221124 15:11:07.687" endtime="20221124 15:11:07.700"/>
</kw>
<kw name="Call Method" library="BuiltIn">
<var>${children}</var>
<arg>${element}</arg>
<arg>find_elements</arg>
<arg>by=xpath</arg>
<arg>value=child::*</arg>
<doc>Calls the named method of the given object with the provided arguments.</doc>
<msg timestamp="20221124 15:11:07.716" level="INFO">${children} = [&lt;selenium.webdriver.remote.webelement.WebElement (session="a038cd266eb2c8400b9556cf3744150d", element="c68e01ae-99f0-4c66-8802-023038df5c20")&gt;, &lt;selenium.webdriver.remote.webelement.WebElement (sessi...</msg>
<status status="PASS" starttime="20221124 15:11:07.701" endtime="20221124 15:11:07.717"/>
</kw>
<kw name="Get Length" library="BuiltIn">
<var>${return}</var>
<arg>${children}</arg>
<doc>Returns and logs the length of the given item as an integer.</doc>
<msg timestamp="20221124 15:11:07.717" level="INFO">Length is 2</msg>
<msg timestamp="20221124 15:11:07.718" level="INFO">${return} = 2</msg>
<status status="PASS" starttime="20221124 15:11:07.717" endtime="20221124 15:11:07.718"/>
</kw>
<msg timestamp="20221124 15:11:07.718" level="INFO">${nbCard} = 2</msg>
<status status="PASS" starttime="20221124 15:11:07.687" endtime="20221124 15:11:07.718"/>
</kw>
<kw name="Evaluate" library="BuiltIn">
<var>${number}</var>
<arg>random.sample(range(2, ${nbCard+1}), 1)</arg>
<arg>random</arg>
<doc>Evaluates the given expression in Python and returns the result.</doc>
<msg timestamp="20221124 15:11:07.720" level="INFO">${number} = [2]</msg>
<status status="PASS" starttime="20221124 15:11:07.718" endtime="20221124 15:11:07.720"/>
</kw>
<kw name="Click Element" library="Selenium2Library">
<arg>//*[@id="root"]/div/div[2]/div/div[${number[0]}]/ul/li[3]/span/button/span</arg>
<doc>Click the element identified by ``locator``.</doc>
<msg timestamp="20221124 15:11:07.721" level="INFO">Clicking element '//*[@id="root"]/div/div[2]/div/div[2]/ul/li[3]/span/button/span'.</msg>
<status status="PASS" starttime="20221124 15:11:07.720" endtime="20221124 15:11:07.841"/>
</kw>
<kw name="Sleep" library="BuiltIn">
<arg>2</arg>
<doc>Pauses the test executed for the given time.</doc>
<msg timestamp="20221124 15:11:09.846" level="INFO">Slept 2 seconds</msg>
<status status="PASS" starttime="20221124 15:11:07.841" endtime="20221124 15:11:09.846"/>
</kw>
<status status="PASS" starttime="20221124 15:11:07.687" endtime="20221124 15:11:09.846"/>
</kw>
<kw name="GoBackToMainPageWithBrowserBack" library="CasDeTest">
<kw name="Go Back" library="Selenium2Library">
<doc>Simulates the user clicking the back button on their browser.</doc>
<status status="PASS" starttime="20221124 15:11:09.847" endtime="20221124 15:11:09.896"/>
</kw>
<kw name="Sleep" library="BuiltIn">
<arg>2</arg>
<doc>Pauses the test executed for the given time.</doc>
<msg timestamp="20221124 15:11:11.903" level="INFO">Slept 2 seconds</msg>
<status status="PASS" starttime="20221124 15:11:09.897" endtime="20221124 15:11:11.903"/>
</kw>
<kw name="Element Should Be Visible" library="Selenium2Library">
<arg>${ADD_ACTIVITY}</arg>
<doc>Verifies that the element identified by ``locator`` is visible.</doc>
<msg timestamp="20221124 15:11:11.925" level="INFO">Element 'xpath://*[@id="root"]/div/div[2]/div/div[1]/div/div/button' is displayed.</msg>
<status status="PASS" starttime="20221124 15:11:11.903" endtime="20221124 15:11:11.925"/>
</kw>
<status status="PASS" starttime="20221124 15:11:09.847" endtime="20221124 15:11:11.925"/>
</kw>
<kw name="EditeOneActivity" library="CasDeTest">
<kw name="GetChild" library="resources">
<var>${nbCard}</var>
<arg>${CARDS}</arg>
<kw name="Get WebElement" library="Selenium2Library">
<var>${element}</var>
<arg>${locator}</arg>
<doc>Returns the first WebElement matching the given ``locator``.</doc>
<msg timestamp="20221124 15:11:11.938" level="INFO">${element} = &lt;selenium.webdriver.remote.webelement.WebElement (session="a038cd266eb2c8400b9556cf3744150d", element="44c1aed4-d01c-4ccc-bd77-bc64761670ec")&gt;</msg>
<status status="PASS" starttime="20221124 15:11:11.926" endtime="20221124 15:11:11.939"/>
</kw>
<kw name="Call Method" library="BuiltIn">
<var>${children}</var>
<arg>${element}</arg>
<arg>find_elements</arg>
<arg>by=xpath</arg>
<arg>value=child::*</arg>
<doc>Calls the named method of the given object with the provided arguments.</doc>
<msg timestamp="20221124 15:11:11.950" level="INFO">${children} = [&lt;selenium.webdriver.remote.webelement.WebElement (session="a038cd266eb2c8400b9556cf3744150d", element="767aedf4-33d9-4f9c-a5df-85dca8459c21")&gt;, &lt;selenium.webdriver.remote.webelement.WebElement (sessi...</msg>
<status status="PASS" starttime="20221124 15:11:11.939" endtime="20221124 15:11:11.950"/>
</kw>
<kw name="Get Length" library="BuiltIn">
<var>${return}</var>
<arg>${children}</arg>
<doc>Returns and logs the length of the given item as an integer.</doc>
<msg timestamp="20221124 15:11:11.951" level="INFO">Length is 2</msg>
<msg timestamp="20221124 15:11:11.951" level="INFO">${return} = 2</msg>
<status status="PASS" starttime="20221124 15:11:11.950" endtime="20221124 15:11:11.952"/>
</kw>
<msg timestamp="20221124 15:11:11.952" level="INFO">${nbCard} = 2</msg>
<status status="PASS" starttime="20221124 15:11:11.926" endtime="20221124 15:11:11.952"/>
</kw>
<kw name="Evaluate" library="BuiltIn">
<var>${number}</var>
<arg>random.sample(range(2, ${nbCard+1}), 1)</arg>
<arg>random</arg>
<doc>Evaluates the given expression in Python and returns the result.</doc>
<msg timestamp="20221124 15:11:11.953" level="INFO">${number} = [2]</msg>
<status status="PASS" starttime="20221124 15:11:11.952" endtime="20221124 15:11:11.953"/>
</kw>
<kw name="Click Element" library="Selenium2Library">
<arg>//*[@id="root"]/div/div[2]/div/div[${number[0]}]/ul/li[3]/span/button/span</arg>
<doc>Click the element identified by ``locator``.</doc>
<msg timestamp="20221124 15:11:11.954" level="INFO">Clicking element '//*[@id="root"]/div/div[2]/div/div[2]/ul/li[3]/span/button/span'.</msg>
<status status="PASS" starttime="20221124 15:11:11.953" endtime="20221124 15:11:12.030"/>
</kw>
<kw name="Sleep" library="BuiltIn">
<arg>2</arg>
<doc>Pauses the test executed for the given time.</doc>
<msg timestamp="20221124 15:11:14.040" level="INFO">Slept 2 seconds</msg>
<status status="PASS" starttime="20221124 15:11:12.030" endtime="20221124 15:11:14.040"/>
</kw>
<status status="PASS" starttime="20221124 15:11:11.926" endtime="20221124 15:11:14.040"/>
</kw>
<kw name="PasserEtapeSuivante" library="CasDeTest">
<kw name="Click Element" library="Selenium2Library">
<arg>${SUIVANT}</arg>
<doc>Click the element identified by ``locator``.</doc>
<msg timestamp="20221124 15:11:14.042" level="INFO">Clicking element 'xpath://*[@id="board-content"]/footer/div/div/button/span[2]'.</msg>
<status status="PASS" starttime="20221124 15:11:14.041" endtime="20221124 15:11:14.108"/>
</kw>
<kw name="Sleep" library="BuiltIn">
<arg>2</arg>
<doc>Pauses the test executed for the given time.</doc>
<msg timestamp="20221124 15:11:16.113" level="INFO">Slept 2 seconds</msg>
<status status="PASS" starttime="20221124 15:11:14.108" endtime="20221124 15:11:16.113"/>
</kw>
<kw name="Element Should Be Visible" library="Selenium2Library">
<arg>${PRENDRE_PHOTO}</arg>
<doc>Verifies that the element identified by ``locator`` is visible.</doc>
<msg timestamp="20221124 15:11:16.147" level="INFO">Element 'xpath://*[@id="three-canvas"]/div[3]/div/div/div[1]/button/div/div[2]/div' is displayed.</msg>
<status status="PASS" starttime="20221124 15:11:16.113" endtime="20221124 15:11:16.147"/>
</kw>
<kw name="Sleep" library="BuiltIn">
<arg>2</arg>
<doc>Pauses the test executed for the given time.</doc>
<msg timestamp="20221124 15:11:18.159" level="INFO">Slept 2 seconds</msg>
<status status="PASS" starttime="20221124 15:11:16.147" endtime="20221124 15:11:18.159"/>
</kw>
<status status="PASS" starttime="20221124 15:11:14.041" endtime="20221124 15:11:18.159"/>
</kw>
<kw name="Close Browser" library="Selenium2Library" type="TEARDOWN">
<doc>Closes the current browser.</doc>
<status status="PASS" starttime="20221124 15:11:18.162" endtime="20221124 15:11:20.600"/>
</kw>
<status status="PASS" starttime="20221124 15:10:44.643" endtime="20221124 15:11:20.601"/>
</test>
<status status="FAIL" starttime="20221124 15:10:11.664" endtime="20221124 15:11:20.602"/>
</suite>
<statistics>
<total>
<stat pass="1" fail="1" skip="0">All Tests</stat>
</total>
<tag>
</tag>
<suite>
<stat pass="1" fail="1" skip="0" id="s1" name="Scenario">Scenario</stat>
</suite>
</statistics>
<errors>
</errors>
</robot>
