<?xml version="1.0" encoding="UTF-8"?>
<robot generator="Robot 6.0 (Python 3.10.7 on win32)" generated="20221121 14:43:34.671" rpa="false" schemaversion="3">
<suite id="s1" name="Scenario" source="C:\Users\Admin\Desktop\Scrum\mixapp_robot\scenario.robot">
<test id="s1-t1" name="ScenarioAcheteur" line="9">
<kw name="Open Browser To Welcome Page" library="resource">
<kw name="Open Browser" library="Selenium2Library">
<arg>${WELCOMEPAGE_URL}</arg>
<arg>${BROWSER}</arg>
<doc>Opens a new browser instance to the optional ``url``.</doc>
<msg timestamp="20221121 14:43:35.044" level="INFO">Opening browser 'Chrome' to base url 'https://mixap-dev.surge.sh/'.</msg>
<status status="PASS" starttime="20221121 14:43:35.043" endtime="20221121 14:43:39.249"/>
</kw>
<kw name="Maximize Browser Window" library="Selenium2Library">
<doc>Maximizes current browser window.</doc>
<status status="PASS" starttime="20221121 14:43:39.249" endtime="20221121 14:43:39.382"/>
</kw>
<kw name="Set Selenium Speed" library="Selenium2Library">
<arg>${DELAY}</arg>
<doc>Sets the delay that is waited after each Selenium command.</doc>
<status status="PASS" starttime="20221121 14:43:39.383" endtime="20221121 14:43:39.383"/>
</kw>
<kw name="Welcome Page Should Be Open" library="resource">
<kw name="Title Should Be" library="Selenium2Library">
<arg>${TITLE}</arg>
<doc>Verifies that the current page title equals ``title``.</doc>
<msg timestamp="20221121 14:43:39.393" level="INFO">Page title is 'MIXAP'.</msg>
<status status="PASS" starttime="20221121 14:43:39.384" endtime="20221121 14:43:39.394"/>
</kw>
<status status="PASS" starttime="20221121 14:43:39.383" endtime="20221121 14:43:39.395"/>
</kw>
<status status="PASS" starttime="20221121 14:43:35.043" endtime="20221121 14:43:39.395"/>
</kw>
<kw name="Sleep" library="BuiltIn">
<arg>2</arg>
<doc>Pauses the test executed for the given time.</doc>
<msg timestamp="20221121 14:43:41.411" level="INFO">Slept 2 seconds</msg>
<status status="PASS" starttime="20221121 14:43:39.395" endtime="20221121 14:43:41.411"/>
</kw>
<kw name="Close Browser" library="Selenium2Library" type="TEARDOWN">
<doc>Closes the current browser.</doc>
<status status="PASS" starttime="20221121 14:43:41.424" endtime="20221121 14:43:44.261"/>
</kw>
<status status="PASS" starttime="20221121 14:43:35.042" endtime="20221121 14:43:44.262"/>
</test>
<doc>A test suite with a single test to purchase an item.

This test has a workflow that is created using keywords in
the imported resource file.</doc>
<status status="PASS" starttime="20221121 14:43:34.674" endtime="20221121 14:43:44.263"/>
</suite>
<statistics>
<total>
<stat pass="1" fail="0" skip="0">All Tests</stat>
</total>
<tag>
</tag>
<suite>
<stat pass="1" fail="0" skip="0" id="s1" name="Scenario">Scenario</stat>
</suite>
</statistics>
<errors>
</errors>
</robot>
