<?xml version="1.0" encoding="UTF-8"?>
<robot generator="Robot 5.0.1 (Python 3.9.13 on win32)" generated="20230323 09:51:51.022" rpa="false" schemaversion="3">
<suite id="s1" name="02.01" source="c:\Users\Admin\Desktop\Scrum\mixapp_robot\cdt\02.01.robot">
<test id="s1-t1" name="02.01.01.02" line="23">
<kw name="Log" library="BuiltIn">
<arg>Afficher les étapes de créations</arg>
<doc>Logs the given message with the given level.</doc>
<msg timestamp="20230323 09:51:57.021" level="INFO">Afficher les étapes de créations</msg>
<status status="PASS" starttime="20230323 09:51:57.021" endtime="20230323 09:51:57.025"/>
</kw>
<kw name="OpenWithChrome" library="resources">
<kw name="Evaluate" library="BuiltIn">
<var>${options}</var>
<arg>sys.modules['selenium.webdriver'].ChromeOptions()</arg>
<arg>modules=sys</arg>
<doc>Evaluates the given expression in Python and returns the result.</doc>
<msg timestamp="20230323 09:51:57.029" level="INFO">${options} = &lt;selenium.webdriver.chrome.options.Options object at 0x000001D7CC952B50&gt;</msg>
<status status="PASS" starttime="20230323 09:51:57.028" endtime="20230323 09:51:57.030"/>
</kw>
<kw name="Call Method" library="BuiltIn">
<arg>${options}</arg>
<arg>add_argument</arg>
<arg>--use-fake-ui-for-media-stream</arg>
<doc>Calls the named method of the given object with the provided arguments.</doc>
<status status="PASS" starttime="20230323 09:51:57.031" endtime="20230323 09:51:57.032"/>
</kw>
<kw name="Call Method" library="BuiltIn">
<arg>${options}</arg>
<arg>add_argument</arg>
<arg>--auto-select-desktop-capture-source</arg>
<doc>Calls the named method of the given object with the provided arguments.</doc>
<status status="PASS" starttime="20230323 09:51:57.033" endtime="20230323 09:51:57.033"/>
</kw>
<kw name="OpenMixap" library="resources">
<arg>Chrome</arg>
<arg>${options}</arg>
<kw name="Open Browser" library="SeleniumLibrary">
<arg>${WELCOMEPAGE_URL}</arg>
<arg>${BROWSER}</arg>
<arg>options=${options}</arg>
<doc>Opens a new browser instance to the optional ``url``.</doc>
<msg timestamp="20230323 09:51:57.036" level="INFO">Opening browser 'Chrome' to base url 'https://mixap-dev.surge.sh/'.</msg>
<status status="PASS" starttime="20230323 09:51:57.035" endtime="20230323 09:52:23.458"/>
</kw>
<kw name="Maximize Browser Window" library="SeleniumLibrary">
<doc>Maximizes current browser window.</doc>
<status status="PASS" starttime="20230323 09:52:23.459" endtime="20230323 09:52:23.582"/>
</kw>
<kw name="Set Selenium Speed" library="SeleniumLibrary">
<arg>${DELAY}</arg>
<doc>Sets the delay that is waited after each Selenium command.</doc>
<status status="PASS" starttime="20230323 09:52:23.582" endtime="20230323 09:52:23.583"/>
</kw>
<kw name="Wait Until Element Is Visible" library="SeleniumLibrary">
<arg>${LOGO_XPATH}</arg>
<arg>100000</arg>
<doc>Waits until the element ``locator`` is visible.</doc>
<status status="PASS" starttime="20230323 09:52:23.584" endtime="20230323 09:52:24.084"/>
</kw>
<kw name="WelcomePageShouldBeOpen" library="resources">
<kw name="Title Should Be" library="SeleniumLibrary">
<arg>${TITLE}</arg>
<doc>Verifies that the current page title equals ``title``.</doc>
<msg timestamp="20230323 09:52:24.094" level="INFO">Page title is 'MIXAP'.</msg>
<status status="PASS" starttime="20230323 09:52:24.087" endtime="20230323 09:52:24.095"/>
</kw>
<status status="PASS" starttime="20230323 09:52:24.084" endtime="20230323 09:52:24.095"/>
</kw>
<status status="PASS" starttime="20230323 09:51:57.034" endtime="20230323 09:52:24.096"/>
</kw>
<kw name="Sleep" library="BuiltIn">
<arg>2</arg>
<doc>Pauses the test executed for the given time.</doc>
<msg timestamp="20230323 09:52:26.107" level="INFO">Slept 2 seconds</msg>
<status status="PASS" starttime="20230323 09:52:24.096" endtime="20230323 09:52:26.107"/>
</kw>
<status status="PASS" starttime="20230323 09:51:57.026" endtime="20230323 09:52:26.108"/>
</kw>
<kw name="Click Element" library="SeleniumLibrary">
<arg>${ADD_ACTIVITY}</arg>
<doc>Click the element identified by ``locator``.</doc>
<msg timestamp="20230323 09:52:26.109" level="INFO">Clicking element 'xpath://*[@id="root"]/div/div[2]/div/div[1]/div/div/button'.</msg>
<status status="PASS" starttime="20230323 09:52:26.109" endtime="20230323 09:52:26.205"/>
</kw>
<kw name="Sleep" library="BuiltIn">
<arg>2</arg>
<doc>Pauses the test executed for the given time.</doc>
<msg timestamp="20230323 09:52:28.222" level="INFO">Slept 2 seconds</msg>
<status status="PASS" starttime="20230323 09:52:26.208" endtime="20230323 09:52:28.222"/>
</kw>
<kw name="Click Element" library="SeleniumLibrary">
<arg>${AUGMENTER_UNE_IMAGE}</arg>
<doc>Click the element identified by ``locator``.</doc>
<msg timestamp="20230323 09:52:28.225" level="INFO">Clicking element 'xpath:(//img[@alt='example'])[1]'.</msg>
<status status="PASS" starttime="20230323 09:52:28.224" endtime="20230323 09:52:28.335"/>
</kw>
<kw name="Sleep" library="BuiltIn">
<arg>2</arg>
<doc>Pauses the test executed for the given time.</doc>
<msg timestamp="20230323 09:52:30.344" level="INFO">Slept 2 seconds</msg>
<status status="PASS" starttime="20230323 09:52:28.338" endtime="20230323 09:52:30.345"/>
</kw>
<kw name="Click Element" library="SeleniumLibrary">
<arg>${NEXT_WINDOW_FOR_SET_UP_ACTIVITY_BUTTON}</arg>
<doc>Click the element identified by ``locator``.</doc>
<msg timestamp="20230323 09:52:30.357" level="INFO">Clicking element 'xpath:/html/body/div[1]/section/section/main/section/main/footer/div/div/button/span[2]'.</msg>
<status status="PASS" starttime="20230323 09:52:30.353" endtime="20230323 09:52:30.624"/>
</kw>
<kw name="Sleep" library="BuiltIn">
<arg>2</arg>
<doc>Pauses the test executed for the given time.</doc>
<msg timestamp="20230323 09:52:32.640" level="INFO">Slept 2 seconds</msg>
<status status="PASS" starttime="20230323 09:52:30.629" endtime="20230323 09:52:32.641"/>
</kw>
<kw name="Element Should Be Visible" library="SeleniumLibrary">
<arg>${HEADER_IN_ACTIVITY_SET_UP}</arg>
<doc>Verifies that the element identified by ``locator`` is visible.</doc>
<msg timestamp="20230323 09:52:32.815" level="INFO">Element 'xpath:/html/body/div[1]/section/section/main/section/main/header' is displayed.</msg>
<status status="PASS" starttime="20230323 09:52:32.683" endtime="20230323 09:52:32.815"/>
</kw>
<kw name="Close Browser" library="SeleniumLibrary" type="TEARDOWN">
<doc>Closes the current browser.</doc>
<status status="PASS" starttime="20230323 09:52:32.822" endtime="20230323 09:52:56.153"/>
</kw>
<status status="PASS" starttime="20230323 09:51:57.017" endtime="20230323 09:52:56.154"/>
</test>
<status status="PASS" starttime="20230323 09:51:51.036" endtime="20230323 09:52:56.156"/>
</suite>
<statistics>
<total>
<stat pass="1" fail="0" skip="0">All Tests</stat>
</total>
<tag>
</tag>
<suite>
<stat pass="1" fail="0" skip="0" id="s1" name="02.01">02.01</stat>
</suite>
</statistics>
<errors>
</errors>
</robot>
