<?xml version="1.0" encoding="UTF-8"?>
<robot generator="Robot 5.0.1 (Python 3.9.13 on win32)" generated="20230125 16:38:15.341" rpa="false" schemaversion="3">
<suite id="s1" name="02.01" source="c:\Users\Admin\Desktop\Scrum\mixapp_robot\cdt\02.01.robot">
<test id="s1-t1" name="02.01.01.08" line="80">
<kw name="Log" library="BuiltIn">
<arg>Retourner au menu principal via le bouton menu principal</arg>
<doc>Logs the given message with the given level.</doc>
<msg timestamp="20230125 16:38:38.702" level="INFO">Retourner au menu principal via le bouton menu principal</msg>
<status status="PASS" starttime="20230125 16:38:38.701" endtime="20230125 16:38:38.714"/>
</kw>
<kw name="OpenWithChrome" library="resources">
<kw name="Evaluate" library="BuiltIn">
<var>${options}</var>
<arg>sys.modules['selenium.webdriver'].ChromeOptions()</arg>
<arg>modules=sys</arg>
<doc>Evaluates the given expression in Python and returns the result.</doc>
<msg timestamp="20230125 16:38:38.724" level="INFO">${options} = &lt;selenium.webdriver.chrome.options.Options object at 0x0000027584093DF0&gt;</msg>
<status status="PASS" starttime="20230125 16:38:38.718" endtime="20230125 16:38:38.728"/>
</kw>
<kw name="Call Method" library="BuiltIn">
<arg>${options}</arg>
<arg>add_argument</arg>
<arg>--use-fake-ui-for-media-stream</arg>
<doc>Calls the named method of the given object with the provided arguments.</doc>
<status status="PASS" starttime="20230125 16:38:38.729" endtime="20230125 16:38:38.731"/>
</kw>
<kw name="Call Method" library="BuiltIn">
<arg>${options}</arg>
<arg>add_argument</arg>
<arg>--auto-select-desktop-capture-source</arg>
<doc>Calls the named method of the given object with the provided arguments.</doc>
<status status="PASS" starttime="20230125 16:38:38.732" endtime="20230125 16:38:38.734"/>
</kw>
<kw name="OpenMixap" library="resources">
<arg>Chrome</arg>
<arg>${options}</arg>
<kw name="Open Browser" library="SeleniumLibrary">
<arg>${WELCOMEPAGE_URL}</arg>
<arg>${BROWSER}</arg>
<arg>options=${options}</arg>
<doc>Opens a new browser instance to the optional ``url``.</doc>
<msg timestamp="20230125 16:38:38.743" level="INFO">Opening browser 'Chrome' to base url 'https://mixap-dev.surge.sh/'.</msg>
<status status="PASS" starttime="20230125 16:38:38.737" endtime="20230125 16:39:09.903"/>
</kw>
<kw name="Maximize Browser Window" library="SeleniumLibrary">
<doc>Maximizes current browser window.</doc>
<status status="PASS" starttime="20230125 16:39:09.905" endtime="20230125 16:39:10.160"/>
</kw>
<kw name="Set Selenium Speed" library="SeleniumLibrary">
<arg>${DELAY}</arg>
<doc>Sets the delay that is waited after each Selenium command.</doc>
<status status="PASS" starttime="20230125 16:39:10.161" endtime="20230125 16:39:10.163"/>
</kw>
<kw name="Wait Until Element Is Visible" library="SeleniumLibrary">
<arg>${LOGO_XPATH}</arg>
<arg>100000</arg>
<doc>Waits until the element ``locator`` is visible.</doc>
<status status="PASS" starttime="20230125 16:39:10.165" endtime="20230125 16:39:11.280"/>
</kw>
<kw name="WelcomePageShouldBeOpen" library="resources">
<kw name="Title Should Be" library="SeleniumLibrary">
<arg>${TITLE}</arg>
<doc>Verifies that the current page title equals ``title``.</doc>
<msg timestamp="20230125 16:39:11.323" level="INFO">Page title is 'MIXAP'.</msg>
<status status="PASS" starttime="20230125 16:39:11.283" endtime="20230125 16:39:11.324"/>
</kw>
<status status="PASS" starttime="20230125 16:39:11.281" endtime="20230125 16:39:11.325"/>
</kw>
<status status="PASS" starttime="20230125 16:38:38.734" endtime="20230125 16:39:11.326"/>
</kw>
<kw name="Sleep" library="BuiltIn">
<arg>2</arg>
<doc>Pauses the test executed for the given time.</doc>
<msg timestamp="20230125 16:39:13.336" level="INFO">Slept 2 seconds</msg>
<status status="PASS" starttime="20230125 16:39:11.327" endtime="20230125 16:39:13.337"/>
</kw>
<status status="PASS" starttime="20230125 16:38:38.716" endtime="20230125 16:39:13.338"/>
</kw>
<kw name="Click Element" library="SeleniumLibrary">
<arg>${ADD_ACTIVITY}</arg>
<doc>Click the element identified by ``locator``.</doc>
<msg timestamp="20230125 16:39:13.343" level="INFO">Clicking element 'xpath://*[@id="root"]/div/div[2]/div/div[1]/div/div/button'.</msg>
<status status="PASS" starttime="20230125 16:39:13.342" endtime="20230125 16:39:13.643"/>
</kw>
<kw name="Sleep" library="BuiltIn">
<arg>2</arg>
<doc>Pauses the test executed for the given time.</doc>
<msg timestamp="20230125 16:39:15.653" level="INFO">Slept 2 seconds</msg>
<status status="PASS" starttime="20230125 16:39:13.645" endtime="20230125 16:39:15.654"/>
</kw>
<kw name="Click Element" library="SeleniumLibrary">
<arg>${AUGMENTER_UNE_IMAGE}</arg>
<doc>Click the element identified by ``locator``.</doc>
<msg timestamp="20230125 16:39:15.664" level="INFO">Clicking element 'xpath:/html/body/div[2]/div/div[2]/div/div[2]/div[2]/div/div[1]/div[1]'.</msg>
<status status="PASS" starttime="20230125 16:39:15.663" endtime="20230125 16:39:16.235"/>
</kw>
<kw name="Sleep" library="BuiltIn">
<arg>2</arg>
<doc>Pauses the test executed for the given time.</doc>
<msg timestamp="20230125 16:39:18.254" level="INFO">Slept 2 seconds</msg>
<status status="PASS" starttime="20230125 16:39:16.245" endtime="20230125 16:39:18.255"/>
</kw>
<kw name="Click Element" library="SeleniumLibrary">
<arg>xpath:/html/body/div[1]/section/section/main/section/main/footer/div/div/button</arg>
<doc>Click the element identified by ``locator``.</doc>
<msg timestamp="20230125 16:39:18.259" level="INFO">Clicking element 'xpath:/html/body/div[1]/section/section/main/section/main/footer/div/div/button'.</msg>
<status status="PASS" starttime="20230125 16:39:18.257" endtime="20230125 16:39:18.472"/>
</kw>
<kw name="Sleep" library="BuiltIn">
<arg>2</arg>
<doc>Pauses the test executed for the given time.</doc>
<msg timestamp="20230125 16:39:20.506" level="INFO">Slept 2 seconds</msg>
<status status="PASS" starttime="20230125 16:39:18.489" endtime="20230125 16:39:20.507"/>
</kw>
<kw name="Click Element" library="SeleniumLibrary">
<arg>xpath:(.//*[normalize-space(text()) and normalize-space(.)='Visualiser l’image'])[1]/following::*[name()='svg'][1]</arg>
<doc>Click the element identified by ``locator``.</doc>
<msg timestamp="20230125 16:39:20.522" level="INFO">Clicking element 'xpath:(.//*[normalize-space(text()) and normalize-space(.)='Visualiser l’image'])[1]/following::*[name()='svg'][1]'.</msg>
<status status="PASS" starttime="20230125 16:39:20.514" endtime="20230125 16:39:24.331"/>
</kw>
<kw name="Element Should Be Visible" library="SeleniumLibrary">
<arg>${LOGO_XPATH}</arg>
<doc>Verifies that the element identified by ``locator`` is visible.</doc>
<msg timestamp="20230125 16:39:25.164" level="INFO">Element 'xpath://*[@id="root"]/div/div[1]/div/div[1]/div/span/span/img' is displayed.</msg>
<status status="PASS" starttime="20230125 16:39:24.336" endtime="20230125 16:39:25.164"/>
</kw>
<kw name="Close Browser" library="SeleniumLibrary" type="TEARDOWN">
<doc>Closes the current browser.</doc>
<status status="PASS" starttime="20230125 16:39:25.335" endtime="20230125 16:39:51.308"/>
</kw>
<status status="PASS" starttime="20230125 16:38:38.695" endtime="20230125 16:39:51.312"/>
</test>
<status status="PASS" starttime="20230125 16:38:15.380" endtime="20230125 16:39:51.334"/>
</suite>
<statistics>
<total>
<stat pass="1" fail="0" skip="0">All Tests</stat>
</total>
<tag>
</tag>
<suite>
<stat pass="1" fail="0" skip="0" id="s1" name="02.01">02.01</stat>
</suite>
</statistics>
<errors>
</errors>
</robot>
