<?xml version="1.0" encoding="UTF-8"?>
<robot generator="Robot 6.0 (Python 3.10.7 on win32)" generated="20221123 14:46:12.749" rpa="false" schemaversion="3">
<suite id="s1" name="Scenario" source="C:\Users\Admin\Desktop\Scrum\mixapp_robot\scenario.robot">
<test id="s1-t1" name="ScenarioMainMenu" line="6">
<kw name="OpenMixap" library="resource_ivan">
<kw name="Create File" library="OperatingSystem">
<arg>${PATH}</arg>
<arg>Log\n</arg>
<doc>Creates a file with the given content and encoding.</doc>
<msg timestamp="20221123 14:46:13.207" level="INFO" html="true">Created file '&lt;a href="file://C:\Users\Admin\Desktop\Scrum\mixapp_robot\result.txt"&gt;C:\Users\Admin\Desktop\Scrum\mixapp_robot\result.txt&lt;/a&gt;'.</msg>
<status status="PASS" starttime="20221123 14:46:13.206" endtime="20221123 14:46:13.207"/>
</kw>
<kw name="Open Browser" library="Selenium2Library">
<arg>${WELCOMEPAGE_URL}</arg>
<arg>${BROWSER}</arg>
<doc>Opens a new browser instance to the optional ``url``.</doc>
<msg timestamp="20221123 14:46:13.208" level="INFO">Opening browser 'Chrome' to base url 'https://mixap-dev.surge.sh/'.</msg>
<status status="PASS" starttime="20221123 14:46:13.207" endtime="20221123 14:46:19.736"/>
</kw>
<kw name="Maximize Browser Window" library="Selenium2Library">
<doc>Maximizes current browser window.</doc>
<status status="PASS" starttime="20221123 14:46:19.737" endtime="20221123 14:46:19.883"/>
</kw>
<kw name="Set Selenium Speed" library="Selenium2Library">
<arg>${DELAY}</arg>
<doc>Sets the delay that is waited after each Selenium command.</doc>
<status status="PASS" starttime="20221123 14:46:19.883" endtime="20221123 14:46:19.885"/>
</kw>
<kw name="Wait Until Element Is Visible" library="Selenium2Library">
<arg>${LOGO_XPATH}</arg>
<arg>100000</arg>
<doc>Waits until the element ``locator`` is visible.</doc>
<status status="PASS" starttime="20221123 14:46:19.885" endtime="20221123 14:46:20.302"/>
</kw>
<kw name="WelcomePageShouldBeOpen" library="resource_ivan">
<kw name="Title Should Be" library="Selenium2Library">
<arg>${TITLE}</arg>
<doc>Verifies that the current page title equals ``title``.</doc>
<msg timestamp="20221123 14:46:20.312" level="INFO">Page title is 'MIXAP'.</msg>
<status status="PASS" starttime="20221123 14:46:20.303" endtime="20221123 14:46:20.312"/>
</kw>
<status status="PASS" starttime="20221123 14:46:20.303" endtime="20221123 14:46:20.313"/>
</kw>
<status status="PASS" starttime="20221123 14:46:13.205" endtime="20221123 14:46:20.313"/>
</kw>
<kw name="OpenAddActivityWindow" library="CasDeTest">
<kw name="ClickWindow" library="resource_ivan">
<arg>${ADD_ACTIVITY}</arg>
<kw name="Click Button" library="Selenium2Library">
<arg>${Button}</arg>
<doc>Clicks the button identified by ``locator``.</doc>
<msg timestamp="20221123 14:46:20.316" level="INFO">Clicking button 'xpath://*[@id="root"]/div/div[2]/div/div[1]/div/div/button'.</msg>
<status status="PASS" starttime="20221123 14:46:20.315" endtime="20221123 14:46:20.547"/>
</kw>
<status status="PASS" starttime="20221123 14:46:20.315" endtime="20221123 14:46:20.547"/>
</kw>
<kw name="Sleep" library="BuiltIn">
<arg>2</arg>
<doc>Pauses the test executed for the given time.</doc>
<msg timestamp="20221123 14:46:22.556" level="INFO">Slept 2 seconds</msg>
<status status="PASS" starttime="20221123 14:46:20.548" endtime="20221123 14:46:22.556"/>
</kw>
<status status="PASS" starttime="20221123 14:46:20.314" endtime="20221123 14:46:22.556"/>
</kw>
<kw name="CloseAddActivityWindow" library="CasDeTest">
<kw name="Click Element" library="Selenium2Library">
<arg>${CLOSE_ADD_ACTIVITY_WINDOW}</arg>
<doc>Click the element identified by ``locator``.</doc>
<msg timestamp="20221123 14:46:22.558" level="INFO">Clicking element 'xpath:/html/body/div[2]/div/div[2]/div/div[2]/button'.</msg>
<status status="PASS" starttime="20221123 14:46:22.558" endtime="20221123 14:46:22.612"/>
</kw>
<kw name="Sleep" library="BuiltIn">
<arg>2</arg>
<doc>Pauses the test executed for the given time.</doc>
<msg timestamp="20221123 14:46:24.617" level="INFO">Slept 2 seconds</msg>
<status status="PASS" starttime="20221123 14:46:22.612" endtime="20221123 14:46:24.617"/>
</kw>
<status status="PASS" starttime="20221123 14:46:22.557" endtime="20221123 14:46:24.617"/>
</kw>
<kw name="Close Browser" library="Selenium2Library" type="TEARDOWN">
<doc>Closes the current browser.</doc>
<status status="PASS" starttime="20221123 14:46:24.618" endtime="20221123 14:46:28.557"/>
</kw>
<status status="PASS" starttime="20221123 14:46:13.204" endtime="20221123 14:46:28.557"/>
</test>
<status status="PASS" starttime="20221123 14:46:12.752" endtime="20221123 14:46:28.559"/>
</suite>
<statistics>
<total>
<stat pass="1" fail="0" skip="0">All Tests</stat>
</total>
<tag>
</tag>
<suite>
<stat pass="1" fail="0" skip="0" id="s1" name="Scenario">Scenario</stat>
</suite>
</statistics>
<errors>
</errors>
</robot>
