<?xml version="1.0" encoding="UTF-8"?>
<robot generator="Robot 6.0.2 (Python 3.11.0 on win32)" generated="20230117 09:16:17.433" rpa="false" schemaversion="3">
<suite id="s1" name="Scenario" source="C:\Users\Admin\Desktop\Scrum\mixapp_robot\scenario.robot">
<test id="s1-t1" name="ConnexionChrome" line="7">
<kw name="OpenWebSiteChrome" library="ConexionSiteWeb">
<kw name="Evaluate" library="BuiltIn">
<var>${options}</var>
<arg>sys.modules['selenium.webdriver'].ChromeOptions()</arg>
<arg>modules=sys</arg>
<doc>Evaluates the given expression in Python and returns the result.</doc>
<msg timestamp="20230117 09:16:18.231" level="INFO">${options} = &lt;selenium.webdriver.chrome.options.Options object at 0x000001BBC86877D0&gt;</msg>
<status status="PASS" starttime="20230117 09:16:18.230" endtime="20230117 09:16:18.231"/>
</kw>
<kw name="Call Method" library="BuiltIn">
<arg>${options}</arg>
<arg>add_argument</arg>
<arg>--use-fake-ui-for-media-stream</arg>
<doc>Calls the named method of the given object with the provided arguments.</doc>
<status status="PASS" starttime="20230117 09:16:18.231" endtime="20230117 09:16:18.231"/>
</kw>
<kw name="Call Method" library="BuiltIn">
<arg>${options}</arg>
<arg>add_argument</arg>
<arg>--auto-select-desktop-capture-source</arg>
<doc>Calls the named method of the given object with the provided arguments.</doc>
<status status="PASS" starttime="20230117 09:16:18.231" endtime="20230117 09:16:18.232"/>
</kw>
<kw name="OpenMixap" library="resources">
<arg>Chrome</arg>
<arg>${options}</arg>
<kw name="Open Browser" library="Selenium2Library">
<arg>${WELCOMEPAGE_URL}</arg>
<arg>${BROWSER}</arg>
<arg>options=${options}</arg>
<doc>Opens a new browser instance to the optional ``url``.</doc>
<msg timestamp="20230117 09:16:18.235" level="INFO">Opening browser 'Chrome' to base url 'https://mixap-dev.surge.sh/'.</msg>
<status status="PASS" starttime="20230117 09:16:18.232" endtime="20230117 09:16:26.810"/>
</kw>
<kw name="Maximize Browser Window" library="Selenium2Library">
<doc>Maximizes current browser window.</doc>
<status status="PASS" starttime="20230117 09:16:26.811" endtime="20230117 09:16:27.257"/>
</kw>
<kw name="Set Selenium Speed" library="Selenium2Library">
<arg>${DELAY}</arg>
<doc>Sets the delay that is waited after each Selenium command.</doc>
<status status="PASS" starttime="20230117 09:16:27.257" endtime="20230117 09:16:27.258"/>
</kw>
<kw name="Wait Until Element Is Visible" library="Selenium2Library">
<arg>${LOGO_XPATH}</arg>
<arg>100000</arg>
<doc>Waits until the element ``locator`` is visible.</doc>
<status status="PASS" starttime="20230117 09:16:27.259" endtime="20230117 09:16:28.286"/>
</kw>
<kw name="WelcomePageShouldBeOpen" library="resources">
<kw name="Title Should Be" library="Selenium2Library">
<arg>${TITLE}</arg>
<doc>Verifies that the current page title equals ``title``.</doc>
<msg timestamp="20230117 09:16:28.341" level="INFO">Page title is 'MIXAP'.</msg>
<status status="PASS" starttime="20230117 09:16:28.287" endtime="20230117 09:16:28.341"/>
</kw>
<status status="PASS" starttime="20230117 09:16:28.286" endtime="20230117 09:16:28.342"/>
</kw>
<status status="PASS" starttime="20230117 09:16:18.232" endtime="20230117 09:16:28.342"/>
</kw>
<kw name="Sleep" library="BuiltIn">
<arg>2</arg>
<doc>Pauses the test executed for the given time.</doc>
<msg timestamp="20230117 09:16:30.344" level="INFO">Slept 2 seconds</msg>
<status status="PASS" starttime="20230117 09:16:28.342" endtime="20230117 09:16:30.344"/>
</kw>
<status status="PASS" starttime="20230117 09:16:18.230" endtime="20230117 09:16:30.344"/>
</kw>
<kw name="ShowMainMenu" library="AfficherMenuPrincipale">
<kw name="Element Should Be Visible" library="Selenium2Library">
<arg>${LOGO_XPATH}</arg>
<doc>Verifies that the element identified by ``locator`` is visible.</doc>
<msg timestamp="20230117 09:16:30.429" level="INFO">Element 'xpath://*[@id="root"]/div/div[1]/div/div[1]/div/span/span/img' is displayed.</msg>
<status status="PASS" starttime="20230117 09:16:30.346" endtime="20230117 09:16:30.429"/>
</kw>
<status status="PASS" starttime="20230117 09:16:30.345" endtime="20230117 09:16:30.430"/>
</kw>
<kw name="Close Browser" library="Selenium2Library" type="TEARDOWN">
<doc>Closes the current browser.</doc>
<status status="PASS" starttime="20230117 09:16:30.434" endtime="20230117 09:16:33.564"/>
</kw>
<status status="PASS" starttime="20230117 09:16:18.229" endtime="20230117 09:16:33.564"/>
</test>
<status status="PASS" starttime="20230117 09:16:17.437" endtime="20230117 09:16:33.566"/>
</suite>
<statistics>
<total>
<stat pass="1" fail="0" skip="0">All Tests</stat>
</total>
<tag>
</tag>
<suite>
<stat pass="1" fail="0" skip="0" id="s1" name="Scenario">Scenario</stat>
</suite>
</statistics>
<errors>
</errors>
</robot>
