<?xml version="1.0" encoding="UTF-8"?>
<robot generator="Robot 6.0 (Python 3.10.7 on win32)" generated="20221122 16:54:40.316" rpa="false" schemaversion="3">
<suite id="s1" name="Scenario" source="C:\Users\Admin\Desktop\Scrum\mixapp_robot\scenario.robot">
<test id="s1-t1" name="ScenarioMainMenu" line="6">
<kw name="OpenMixap" library="resource_ivan">
<kw name="Create File" library="OperatingSystem">
<arg>${PATH}</arg>
<arg>Log\n</arg>
<doc>Creates a file with the given content and encoding.</doc>
<msg timestamp="20221122 16:54:40.650" level="INFO" html="true">Created file '&lt;a href="file://C:\Users\Admin\Desktop\Scrum\mixapp_robot\result.txt"&gt;C:\Users\Admin\Desktop\Scrum\mixapp_robot\result.txt&lt;/a&gt;'.</msg>
<status status="PASS" starttime="20221122 16:54:40.649" endtime="20221122 16:54:40.650"/>
</kw>
<kw name="Open Browser" library="Selenium2Library">
<arg>${WELCOMEPAGE_URL}</arg>
<arg>${BROWSER}</arg>
<doc>Opens a new browser instance to the optional ``url``.</doc>
<msg timestamp="20221122 16:54:40.651" level="INFO">Opening browser 'Chrome' to base url 'https://mixap-dev.surge.sh/'.</msg>
<status status="PASS" starttime="20221122 16:54:40.651" endtime="20221122 16:55:07.981"/>
</kw>
<kw name="Maximize Browser Window" library="Selenium2Library">
<doc>Maximizes current browser window.</doc>
<status status="PASS" starttime="20221122 16:55:07.982" endtime="20221122 16:55:08.207"/>
</kw>
<kw name="Set Selenium Speed" library="Selenium2Library">
<arg>${DELAY}</arg>
<doc>Sets the delay that is waited after each Selenium command.</doc>
<status status="PASS" starttime="20221122 16:55:08.207" endtime="20221122 16:55:08.208"/>
</kw>
<kw name="Wait Until Element Is Visible" library="Selenium2Library">
<arg>${LOGO_XPATH}</arg>
<doc>Waits until the element ``locator`` is visible.</doc>
<status status="PASS" starttime="20221122 16:55:08.208" endtime="20221122 16:55:08.766"/>
</kw>
<kw name="WelcomePageShouldBeOpen" library="resource_ivan">
<kw name="Title Should Be" library="Selenium2Library">
<arg>${TITLE}</arg>
<doc>Verifies that the current page title equals ``title``.</doc>
<msg timestamp="20221122 16:55:08.771" level="INFO">Page title is 'MIXAP'.</msg>
<status status="PASS" starttime="20221122 16:55:08.767" endtime="20221122 16:55:08.771"/>
</kw>
<status status="PASS" starttime="20221122 16:55:08.767" endtime="20221122 16:55:08.771"/>
</kw>
<status status="PASS" starttime="20221122 16:54:40.649" endtime="20221122 16:55:08.772"/>
</kw>
<kw name="OpenImportWindow" library="CasDeTest">
<kw name="ClickWindow" library="resource_ivan">
<arg>${IMPORT_DATA}</arg>
<kw name="Click Button" library="Selenium2Library">
<arg>${Button}</arg>
<doc>Clicks the button identified by ``locator``.</doc>
<msg timestamp="20221122 16:55:08.773" level="INFO">Clicking button 'xpath://*[@id="root"]/div/div[1]/div/div[1]/span/div/div[1]/button'.</msg>
<status status="PASS" starttime="20221122 16:55:08.773" endtime="20221122 16:55:08.852"/>
</kw>
<status status="PASS" starttime="20221122 16:55:08.772" endtime="20221122 16:55:08.852"/>
</kw>
<kw name="Sleep" library="BuiltIn">
<arg>2</arg>
<doc>Pauses the test executed for the given time.</doc>
<msg timestamp="20221122 16:55:10.865" level="INFO">Slept 2 seconds</msg>
<status status="PASS" starttime="20221122 16:55:08.852" endtime="20221122 16:55:10.865"/>
</kw>
<status status="PASS" starttime="20221122 16:55:08.772" endtime="20221122 16:55:10.865"/>
</kw>
<kw name="CloseImportWindow" library="CasDeTest">
<kw name="Click Element" library="Selenium2Library">
<arg>${LOGO_XPATH}</arg>
<doc>Click the element identified by ``locator``.</doc>
<msg timestamp="20221122 16:55:10.867" level="INFO">Clicking element 'xpath://*[@id="root"]/div/div[1]/div/div[1]/div/span/span/img'.</msg>
<status status="PASS" starttime="20221122 16:55:10.866" endtime="20221122 16:55:10.925"/>
</kw>
<kw name="Sleep" library="BuiltIn">
<arg>2</arg>
<doc>Pauses the test executed for the given time.</doc>
<msg timestamp="20221122 16:55:12.932" level="INFO">Slept 2 seconds</msg>
<status status="PASS" starttime="20221122 16:55:10.925" endtime="20221122 16:55:12.932"/>
</kw>
<status status="PASS" starttime="20221122 16:55:10.866" endtime="20221122 16:55:12.932"/>
</kw>
<kw name="OpenImportWindow" library="CasDeTest">
<kw name="ClickWindow" library="resource_ivan">
<arg>${IMPORT_DATA}</arg>
<kw name="Click Button" library="Selenium2Library">
<arg>${Button}</arg>
<doc>Clicks the button identified by ``locator``.</doc>
<msg timestamp="20221122 16:55:12.937" level="INFO">Clicking button 'xpath://*[@id="root"]/div/div[1]/div/div[1]/span/div/div[1]/button'.</msg>
<status status="PASS" starttime="20221122 16:55:12.937" endtime="20221122 16:55:13.004"/>
</kw>
<status status="PASS" starttime="20221122 16:55:12.936" endtime="20221122 16:55:13.005"/>
</kw>
<kw name="Sleep" library="BuiltIn">
<arg>2</arg>
<doc>Pauses the test executed for the given time.</doc>
<msg timestamp="20221122 16:55:15.005" level="INFO">Slept 2 seconds</msg>
<status status="PASS" starttime="20221122 16:55:13.005" endtime="20221122 16:55:15.005"/>
</kw>
<status status="PASS" starttime="20221122 16:55:12.936" endtime="20221122 16:55:15.005"/>
</kw>
<kw name="CloseImportWindowWithText" library="CasDeTest">
<kw name="Generate Random String" library="String">
<var>${txt}</var>
<arg>3</arg>
<doc>Generates a string with a desired ``length`` from the given ``chars``.</doc>
<msg timestamp="20221122 16:55:15.007" level="INFO">${txt} = qzj</msg>
<status status="PASS" starttime="20221122 16:55:15.007" endtime="20221122 16:55:15.007"/>
</kw>
<kw name="EnterText" library="resource_ivan">
<arg>${IMPORT_DATA_INPUT_TEXT}</arg>
<arg>${txt}</arg>
<kw name="Input Text" library="Selenium2Library">
<arg>${Input}</arg>
<arg>${Text}</arg>
<doc>Types the given ``text`` into the text field identified by ``locator``.</doc>
<msg timestamp="20221122 16:55:15.008" level="INFO">Typing text 'qzj' into text field 'xpath:/html/body/div[2]/div/div/div/div[2]/div[2]/div/div[1]/input'.</msg>
<status status="PASS" starttime="20221122 16:55:15.008" endtime="20221122 16:55:15.165"/>
</kw>
<status status="PASS" starttime="20221122 16:55:15.007" endtime="20221122 16:55:15.165"/>
</kw>
<kw name="CloseImportWindow" library="CasDeTest">
<kw name="Click Element" library="Selenium2Library">
<arg>${LOGO_XPATH}</arg>
<doc>Click the element identified by ``locator``.</doc>
<msg timestamp="20221122 16:55:15.167" level="INFO">Clicking element 'xpath://*[@id="root"]/div/div[1]/div/div[1]/div/span/span/img'.</msg>
<status status="PASS" starttime="20221122 16:55:15.166" endtime="20221122 16:55:15.325"/>
</kw>
<kw name="Sleep" library="BuiltIn">
<arg>2</arg>
<doc>Pauses the test executed for the given time.</doc>
<msg timestamp="20221122 16:55:17.339" level="INFO">Slept 2 seconds</msg>
<status status="PASS" starttime="20221122 16:55:15.325" endtime="20221122 16:55:17.339"/>
</kw>
<status status="PASS" starttime="20221122 16:55:15.165" endtime="20221122 16:55:17.339"/>
</kw>
<kw name="OpenImportWindow" library="CasDeTest">
<kw name="ClickWindow" library="resource_ivan">
<arg>${IMPORT_DATA}</arg>
<kw name="Click Button" library="Selenium2Library">
<arg>${Button}</arg>
<doc>Clicks the button identified by ``locator``.</doc>
<msg timestamp="20221122 16:55:17.340" level="INFO">Clicking button 'xpath://*[@id="root"]/div/div[1]/div/div[1]/span/div/div[1]/button'.</msg>
<status status="PASS" starttime="20221122 16:55:17.340" endtime="20221122 16:55:17.390"/>
</kw>
<status status="PASS" starttime="20221122 16:55:17.339" endtime="20221122 16:55:17.390"/>
</kw>
<kw name="Sleep" library="BuiltIn">
<arg>2</arg>
<doc>Pauses the test executed for the given time.</doc>
<msg timestamp="20221122 16:55:19.400" level="INFO">Slept 2 seconds</msg>
<status status="PASS" starttime="20221122 16:55:17.390" endtime="20221122 16:55:19.400"/>
</kw>
<status status="PASS" starttime="20221122 16:55:17.339" endtime="20221122 16:55:19.400"/>
</kw>
<kw name="GetInputValue" library="resource_ivan">
<var>${result}</var>
<arg>${IMPORT_DATA_INPUT_TEXT}</arg>
<kw name="Get Element Attribute" library="Selenium2Library">
<var>${INPUT_RETURN}</var>
<arg>${Input}</arg>
<arg>value</arg>
<doc>Returns the value of ``attribute`` from the element ``locator``.</doc>
<msg timestamp="20221122 16:55:19.426" level="INFO">${INPUT_RETURN} = qzj</msg>
<status status="PASS" starttime="20221122 16:55:19.400" endtime="20221122 16:55:19.426"/>
</kw>
<msg timestamp="20221122 16:55:19.426" level="INFO">${result} = qzj</msg>
<status status="PASS" starttime="20221122 16:55:19.400" endtime="20221122 16:55:19.426"/>
</kw>
<if>
<branch type="IF" condition="&quot;${result}&quot; == &quot;${txt}&quot;">
<kw name="ModifiFile" library="resource_ivan">
<arg>La fermeture de la fenêtre d'import des données avec du texte fonctionne (${result} = ${txt})</arg>
<kw name="Get File" library="OperatingSystem">
<var>${file}</var>
<arg>${PATH}</arg>
<doc>Returns the contents of a specified file.</doc>
<msg timestamp="20221122 16:55:19.428" level="INFO" html="true">Getting file '&lt;a href="file://C:\Users\Admin\Desktop\Scrum\mixapp_robot\result.txt"&gt;C:\Users\Admin\Desktop\Scrum\mixapp_robot\result.txt&lt;/a&gt;'.</msg>
<msg timestamp="20221122 16:55:19.429" level="INFO">${file} = Log
</msg>
<status status="PASS" starttime="20221122 16:55:19.428" endtime="20221122 16:55:19.429"/>
</kw>
<kw name="Get Current Date" library="DateTime">
<var>${date}</var>
<arg>UTC</arg>
<arg>exclude_millis=yes</arg>
<doc>Returns current local or UTC time with an optional increment.</doc>
<msg timestamp="20221122 16:55:19.429" level="INFO">${date} = 2022-11-22 15:55:19</msg>
<status status="PASS" starttime="20221122 16:55:19.429" endtime="20221122 16:55:19.429"/>
</kw>
<kw name="Create File" library="OperatingSystem">
<arg>${PATH}</arg>
<arg>${file}${date} : ${Text}\n</arg>
<doc>Creates a file with the given content and encoding.</doc>
<msg timestamp="20221122 16:55:19.430" level="INFO" html="true">Created file '&lt;a href="file://C:\Users\Admin\Desktop\Scrum\mixapp_robot\result.txt"&gt;C:\Users\Admin\Desktop\Scrum\mixapp_robot\result.txt&lt;/a&gt;'.</msg>
<status status="PASS" starttime="20221122 16:55:19.429" endtime="20221122 16:55:19.431"/>
</kw>
<status status="PASS" starttime="20221122 16:55:19.427" endtime="20221122 16:55:19.431"/>
</kw>
<status status="PASS" starttime="20221122 16:55:19.427" endtime="20221122 16:55:19.431"/>
</branch>
<branch type="ELSE">
<kw name="ModifiFile" library="resource_ivan">
<arg>/!\ La fermeture de la fenêtre d'import des données avec du texte ne fonctionne pas (${result} != ${txt}) /!\</arg>
<status status="NOT RUN" starttime="20221122 16:55:19.431" endtime="20221122 16:55:19.431"/>
</kw>
<status status="NOT RUN" starttime="20221122 16:55:19.431" endtime="20221122 16:55:19.431"/>
</branch>
<status status="PASS" starttime="20221122 16:55:19.426" endtime="20221122 16:55:19.431"/>
</if>
<kw name="CloseImportWindow" library="CasDeTest">
<kw name="Click Element" library="Selenium2Library">
<arg>${LOGO_XPATH}</arg>
<doc>Click the element identified by ``locator``.</doc>
<msg timestamp="20221122 16:55:19.432" level="INFO">Clicking element 'xpath://*[@id="root"]/div/div[1]/div/div[1]/div/span/span/img'.</msg>
<status status="PASS" starttime="20221122 16:55:19.432" endtime="20221122 16:55:19.476"/>
</kw>
<kw name="Sleep" library="BuiltIn">
<arg>2</arg>
<doc>Pauses the test executed for the given time.</doc>
<msg timestamp="20221122 16:55:21.490" level="INFO">Slept 2 seconds</msg>
<status status="PASS" starttime="20221122 16:55:19.476" endtime="20221122 16:55:21.490"/>
</kw>
<status status="PASS" starttime="20221122 16:55:19.431" endtime="20221122 16:55:21.490"/>
</kw>
<status status="PASS" starttime="20221122 16:55:15.006" endtime="20221122 16:55:21.490"/>
</kw>
<kw name="EnterCodeLessSevenCharacter" library="CasDeTest">
<kw name="OpenImportWindow" library="CasDeTest">
<kw name="ClickWindow" library="resource_ivan">
<arg>${IMPORT_DATA}</arg>
<kw name="Click Button" library="Selenium2Library">
<arg>${Button}</arg>
<doc>Clicks the button identified by ``locator``.</doc>
<msg timestamp="20221122 16:55:21.492" level="INFO">Clicking button 'xpath://*[@id="root"]/div/div[1]/div/div[1]/span/div/div[1]/button'.</msg>
<status status="PASS" starttime="20221122 16:55:21.492" endtime="20221122 16:55:21.539"/>
</kw>
<status status="PASS" starttime="20221122 16:55:21.491" endtime="20221122 16:55:21.539"/>
</kw>
<kw name="Sleep" library="BuiltIn">
<arg>2</arg>
<doc>Pauses the test executed for the given time.</doc>
<msg timestamp="20221122 16:55:23.548" level="INFO">Slept 2 seconds</msg>
<status status="PASS" starttime="20221122 16:55:21.539" endtime="20221122 16:55:23.548"/>
</kw>
<status status="PASS" starttime="20221122 16:55:21.491" endtime="20221122 16:55:23.548"/>
</kw>
<kw name="Generate Random String" library="String">
<var>${txt}</var>
<arg>1</arg>
<doc>Generates a string with a desired ``length`` from the given ``chars``.</doc>
<msg timestamp="20221122 16:55:23.549" level="INFO">${txt} = c</msg>
<status status="PASS" starttime="20221122 16:55:23.548" endtime="20221122 16:55:23.549"/>
</kw>
<kw name="EnterText" library="resource_ivan">
<arg>${IMPORT_DATA_INPUT_TEXT}</arg>
<arg>${txt}</arg>
<kw name="Input Text" library="Selenium2Library">
<arg>${Input}</arg>
<arg>${Text}</arg>
<doc>Types the given ``text`` into the text field identified by ``locator``.</doc>
<msg timestamp="20221122 16:55:23.551" level="INFO">Typing text 'c' into text field 'xpath:/html/body/div[2]/div/div/div/div[2]/div[2]/div/div[1]/input'.</msg>
<status status="PASS" starttime="20221122 16:55:23.550" endtime="20221122 16:55:23.665"/>
</kw>
<status status="PASS" starttime="20221122 16:55:23.549" endtime="20221122 16:55:23.665"/>
</kw>
<kw name="Get Element Attribute" library="Selenium2Library">
<var>${result}</var>
<arg>${IMPORT_DATA_BUTTON}</arg>
<arg>disabled</arg>
<doc>Returns the value of ``attribute`` from the element ``locator``.</doc>
<msg timestamp="20221122 16:55:23.698" level="INFO">${result} = true</msg>
<status status="PASS" starttime="20221122 16:55:23.665" endtime="20221122 16:55:23.698"/>
</kw>
<if>
<branch type="IF" condition="&quot;${result}&quot; == &quot;true&quot;">
<kw name="ModifiFile" library="resource_ivan">
<arg>Le bouton reste verouiller avec moins de 7 characters</arg>
<kw name="Get File" library="OperatingSystem">
<var>${file}</var>
<arg>${PATH}</arg>
<doc>Returns the contents of a specified file.</doc>
<msg timestamp="20221122 16:55:23.700" level="INFO" html="true">Getting file '&lt;a href="file://C:\Users\Admin\Desktop\Scrum\mixapp_robot\result.txt"&gt;C:\Users\Admin\Desktop\Scrum\mixapp_robot\result.txt&lt;/a&gt;'.</msg>
<msg timestamp="20221122 16:55:23.707" level="INFO">${file} = Log
2022-11-22 15:55:19 : La fermeture de la fenêtre d'import des données avec du texte fonctionne (qzj = qzj)
</msg>
<status status="PASS" starttime="20221122 16:55:23.699" endtime="20221122 16:55:23.707"/>
</kw>
<kw name="Get Current Date" library="DateTime">
<var>${date}</var>
<arg>UTC</arg>
<arg>exclude_millis=yes</arg>
<doc>Returns current local or UTC time with an optional increment.</doc>
<msg timestamp="20221122 16:55:23.708" level="INFO">${date} = 2022-11-22 15:55:24</msg>
<status status="PASS" starttime="20221122 16:55:23.708" endtime="20221122 16:55:23.708"/>
</kw>
<kw name="Create File" library="OperatingSystem">
<arg>${PATH}</arg>
<arg>${file}${date} : ${Text}\n</arg>
<doc>Creates a file with the given content and encoding.</doc>
<msg timestamp="20221122 16:55:23.710" level="INFO" html="true">Created file '&lt;a href="file://C:\Users\Admin\Desktop\Scrum\mixapp_robot\result.txt"&gt;C:\Users\Admin\Desktop\Scrum\mixapp_robot\result.txt&lt;/a&gt;'.</msg>
<status status="PASS" starttime="20221122 16:55:23.708" endtime="20221122 16:55:23.710"/>
</kw>
<status status="PASS" starttime="20221122 16:55:23.699" endtime="20221122 16:55:23.711"/>
</kw>
<status status="PASS" starttime="20221122 16:55:23.699" endtime="20221122 16:55:23.711"/>
</branch>
<branch type="ELSE">
<kw name="ModifiFile" library="resource_ivan">
<arg>/!\\ Le bouton se déverouil alors qu'il à moins de 7 characters</arg>
<status status="NOT RUN" starttime="20221122 16:55:23.711" endtime="20221122 16:55:23.711"/>
</kw>
<status status="NOT RUN" starttime="20221122 16:55:23.711" endtime="20221122 16:55:23.711"/>
</branch>
<status status="PASS" starttime="20221122 16:55:23.698" endtime="20221122 16:55:23.711"/>
</if>
<kw name="Clear Element Text" library="Selenium2Library">
<arg>${IMPORT_DATA_INPUT_TEXT}</arg>
<doc>Clears the value of the text-input-element identified by ``locator``.</doc>
<status status="PASS" starttime="20221122 16:55:23.712" endtime="20221122 16:55:23.752"/>
</kw>
<kw name="CloseImportWindow" library="CasDeTest">
<kw name="Click Element" library="Selenium2Library">
<arg>${LOGO_XPATH}</arg>
<doc>Click the element identified by ``locator``.</doc>
<msg timestamp="20221122 16:55:23.753" level="INFO">Clicking element 'xpath://*[@id="root"]/div/div[1]/div/div[1]/div/span/span/img'.</msg>
<status status="PASS" starttime="20221122 16:55:23.752" endtime="20221122 16:55:23.789"/>
</kw>
<kw name="Sleep" library="BuiltIn">
<arg>2</arg>
<doc>Pauses the test executed for the given time.</doc>
<msg timestamp="20221122 16:55:25.790" level="INFO">Slept 2 seconds</msg>
<status status="PASS" starttime="20221122 16:55:23.789" endtime="20221122 16:55:25.790"/>
</kw>
<status status="PASS" starttime="20221122 16:55:23.752" endtime="20221122 16:55:25.790"/>
</kw>
<status status="PASS" starttime="20221122 16:55:21.491" endtime="20221122 16:55:25.790"/>
</kw>
<kw name="EnterCodeMoreSevenCharacter" library="CasDeTest">
<kw name="OpenImportWindow" library="CasDeTest">
<kw name="ClickWindow" library="resource_ivan">
<arg>${IMPORT_DATA}</arg>
<kw name="Click Button" library="Selenium2Library">
<arg>${Button}</arg>
<doc>Clicks the button identified by ``locator``.</doc>
<msg timestamp="20221122 16:55:25.792" level="INFO">Clicking button 'xpath://*[@id="root"]/div/div[1]/div/div[1]/span/div/div[1]/button'.</msg>
<status status="PASS" starttime="20221122 16:55:25.792" endtime="20221122 16:55:25.847"/>
</kw>
<status status="PASS" starttime="20221122 16:55:25.791" endtime="20221122 16:55:25.847"/>
</kw>
<kw name="Sleep" library="BuiltIn">
<arg>2</arg>
<doc>Pauses the test executed for the given time.</doc>
<msg timestamp="20221122 16:55:27.851" level="INFO">Slept 2 seconds</msg>
<status status="PASS" starttime="20221122 16:55:25.847" endtime="20221122 16:55:27.851"/>
</kw>
<status status="PASS" starttime="20221122 16:55:25.791" endtime="20221122 16:55:27.851"/>
</kw>
<kw name="Generate Random String" library="String">
<var>${txt}</var>
<arg>7</arg>
<doc>Generates a string with a desired ``length`` from the given ``chars``.</doc>
<msg timestamp="20221122 16:55:27.851" level="INFO">${txt} = mXyZQdM</msg>
<status status="PASS" starttime="20221122 16:55:27.851" endtime="20221122 16:55:27.852"/>
</kw>
<kw name="EnterText" library="resource_ivan">
<arg>${IMPORT_DATA_INPUT_TEXT}</arg>
<arg>${txt}</arg>
<kw name="Input Text" library="Selenium2Library">
<arg>${Input}</arg>
<arg>${Text}</arg>
<doc>Types the given ``text`` into the text field identified by ``locator``.</doc>
<msg timestamp="20221122 16:55:27.853" level="INFO">Typing text 'mXyZQdM' into text field 'xpath:/html/body/div[2]/div/div/div/div[2]/div[2]/div/div[1]/input'.</msg>
<status status="PASS" starttime="20221122 16:55:27.852" endtime="20221122 16:55:27.973"/>
</kw>
<status status="PASS" starttime="20221122 16:55:27.852" endtime="20221122 16:55:27.973"/>
</kw>
<kw name="Get Element Attribute" library="Selenium2Library">
<var>${result}</var>
<arg>${IMPORT_DATA_BUTTON}</arg>
<arg>disabled</arg>
<doc>Returns the value of ``attribute`` from the element ``locator``.</doc>
<msg timestamp="20221122 16:55:27.992" level="INFO">${result} = None</msg>
<status status="PASS" starttime="20221122 16:55:27.973" endtime="20221122 16:55:27.993"/>
</kw>
<if>
<branch type="IF" condition="&quot;${result}&quot; == &quot;None&quot;">
<kw name="ModifiFile" library="resource_ivan">
<arg>Le bouton se déverouil avec plus de 7 characters</arg>
<kw name="Get File" library="OperatingSystem">
<var>${file}</var>
<arg>${PATH}</arg>
<doc>Returns the contents of a specified file.</doc>
<msg timestamp="20221122 16:55:27.995" level="INFO" html="true">Getting file '&lt;a href="file://C:\Users\Admin\Desktop\Scrum\mixapp_robot\result.txt"&gt;C:\Users\Admin\Desktop\Scrum\mixapp_robot\result.txt&lt;/a&gt;'.</msg>
<msg timestamp="20221122 16:55:28.001" level="INFO">${file} = Log
2022-11-22 15:55:19 : La fermeture de la fenêtre d'import des données avec du texte fonctionne (qzj = qzj)
2022-11-22 15:55:24 : Le bouton reste verouiller avec moins de 7 characters
</msg>
<status status="PASS" starttime="20221122 16:55:27.994" endtime="20221122 16:55:28.001"/>
</kw>
<kw name="Get Current Date" library="DateTime">
<var>${date}</var>
<arg>UTC</arg>
<arg>exclude_millis=yes</arg>
<doc>Returns current local or UTC time with an optional increment.</doc>
<msg timestamp="20221122 16:55:28.002" level="INFO">${date} = 2022-11-22 15:55:28</msg>
<status status="PASS" starttime="20221122 16:55:28.001" endtime="20221122 16:55:28.002"/>
</kw>
<kw name="Create File" library="OperatingSystem">
<arg>${PATH}</arg>
<arg>${file}${date} : ${Text}\n</arg>
<doc>Creates a file with the given content and encoding.</doc>
<msg timestamp="20221122 16:55:28.002" level="INFO" html="true">Created file '&lt;a href="file://C:\Users\Admin\Desktop\Scrum\mixapp_robot\result.txt"&gt;C:\Users\Admin\Desktop\Scrum\mixapp_robot\result.txt&lt;/a&gt;'.</msg>
<status status="PASS" starttime="20221122 16:55:28.002" endtime="20221122 16:55:28.002"/>
</kw>
<status status="PASS" starttime="20221122 16:55:27.993" endtime="20221122 16:55:28.002"/>
</kw>
<status status="PASS" starttime="20221122 16:55:27.993" endtime="20221122 16:55:28.002"/>
</branch>
<branch type="ELSE">
<kw name="ModifiFile" library="resource_ivan">
<arg>/!\\ Le bouton reste verouiller alors qu'il à plus de 7 characters</arg>
<status status="NOT RUN" starttime="20221122 16:55:28.002" endtime="20221122 16:55:28.002"/>
</kw>
<status status="NOT RUN" starttime="20221122 16:55:28.002" endtime="20221122 16:55:28.003"/>
</branch>
<status status="PASS" starttime="20221122 16:55:27.993" endtime="20221122 16:55:28.003"/>
</if>
<kw name="Clear Element Text" library="Selenium2Library">
<arg>${IMPORT_DATA_INPUT_TEXT}</arg>
<doc>Clears the value of the text-input-element identified by ``locator``.</doc>
<status status="PASS" starttime="20221122 16:55:28.003" endtime="20221122 16:55:28.034"/>
</kw>
<kw name="CloseImportWindow" library="CasDeTest">
<kw name="Click Element" library="Selenium2Library">
<arg>${LOGO_XPATH}</arg>
<doc>Click the element identified by ``locator``.</doc>
<msg timestamp="20221122 16:55:28.035" level="INFO">Clicking element 'xpath://*[@id="root"]/div/div[1]/div/div[1]/div/span/span/img'.</msg>
<status status="PASS" starttime="20221122 16:55:28.034" endtime="20221122 16:55:28.072"/>
</kw>
<kw name="Sleep" library="BuiltIn">
<arg>2</arg>
<doc>Pauses the test executed for the given time.</doc>
<msg timestamp="20221122 16:55:30.082" level="INFO">Slept 2 seconds</msg>
<status status="PASS" starttime="20221122 16:55:28.072" endtime="20221122 16:55:30.082"/>
</kw>
<status status="PASS" starttime="20221122 16:55:28.034" endtime="20221122 16:55:30.082"/>
</kw>
<status status="PASS" starttime="20221122 16:55:25.791" endtime="20221122 16:55:30.082"/>
</kw>
<kw name="Close Browser" library="Selenium2Library" type="TEARDOWN">
<doc>Closes the current browser.</doc>
<status status="PASS" starttime="20221122 16:55:30.084" endtime="20221122 16:55:53.382"/>
</kw>
<status status="PASS" starttime="20221122 16:54:40.648" endtime="20221122 16:55:53.383"/>
</test>
<status status="PASS" starttime="20221122 16:54:40.318" endtime="20221122 16:55:53.385"/>
</suite>
<statistics>
<total>
<stat pass="1" fail="0" skip="0">All Tests</stat>
</total>
<tag>
</tag>
<suite>
<stat pass="1" fail="0" skip="0" id="s1" name="Scenario">Scenario</stat>
</suite>
</statistics>
<errors>
<msg timestamp="20221122 16:54:40.638" level="ERROR">Error in file 'C:\Users\Admin\Desktop\Scrum\mixapp_robot\resource_ivan.robot' on line 11: Library 'func.py' does not exist.</msg>
<msg timestamp="20221122 16:54:40.646" level="ERROR">Error in file 'C:\Users\Admin\Desktop\Scrum\mixapp_robot\CasDeTest.robot' on line 6: Library 'func.py' does not exist.</msg>
</errors>
</robot>
