<?xml version="1.0" encoding="UTF-8"?>
<robot generator="Robot 5.0.1 (Python 3.9.13 on win32)" generated="20230124 09:21:33.522" rpa="false" schemaversion="3">
<suite id="s1" name="Camera" source="c:\Users\Admin\Desktop\Scrum\mixapp_robot\cdt\camera.robot">
<test id="s1-t1" name="Test camera" line="9">
<kw name="OpenWithChrome" library="resources">
<kw name="Evaluate" library="BuiltIn">
<var>${options}</var>
<arg>sys.modules['selenium.webdriver'].ChromeOptions()</arg>
<arg>modules=sys</arg>
<doc>Evaluates the given expression in Python and returns the result.</doc>
<msg timestamp="20230124 09:21:35.664" level="INFO">${options} = &lt;selenium.webdriver.chrome.options.Options object at 0x0000021A01229490&gt;</msg>
<status status="PASS" starttime="20230124 09:21:35.663" endtime="20230124 09:21:35.670"/>
</kw>
<kw name="Call Method" library="BuiltIn">
<arg>${options}</arg>
<arg>add_argument</arg>
<arg>--use-fake-ui-for-media-stream</arg>
<doc>Calls the named method of the given object with the provided arguments.</doc>
<status status="PASS" starttime="20230124 09:21:35.671" endtime="20230124 09:21:35.672"/>
</kw>
<kw name="Call Method" library="BuiltIn">
<arg>${options}</arg>
<arg>add_argument</arg>
<arg>--auto-select-desktop-capture-source</arg>
<doc>Calls the named method of the given object with the provided arguments.</doc>
<status status="PASS" starttime="20230124 09:21:35.673" endtime="20230124 09:21:35.675"/>
</kw>
<kw name="OpenMixap" library="resources">
<arg>Chrome</arg>
<arg>${options}</arg>
<kw name="Open Browser" library="SeleniumLibrary">
<arg>${WELCOMEPAGE_URL}</arg>
<arg>${BROWSER}</arg>
<arg>options=${options}</arg>
<doc>Opens a new browser instance to the optional ``url``.</doc>
<msg timestamp="20230124 09:21:35.678" level="INFO">Opening browser 'Chrome' to base url 'https://mixap-dev.surge.sh/'.</msg>
<status status="PASS" starttime="20230124 09:21:35.676" endtime="20230124 09:21:40.254"/>
</kw>
<kw name="Maximize Browser Window" library="SeleniumLibrary">
<doc>Maximizes current browser window.</doc>
<status status="PASS" starttime="20230124 09:21:40.255" endtime="20230124 09:21:40.521"/>
</kw>
<kw name="Set Selenium Speed" library="SeleniumLibrary">
<arg>${DELAY}</arg>
<doc>Sets the delay that is waited after each Selenium command.</doc>
<status status="PASS" starttime="20230124 09:21:40.522" endtime="20230124 09:21:40.523"/>
</kw>
<kw name="Wait Until Element Is Visible" library="SeleniumLibrary">
<arg>${LOGO_XPATH}</arg>
<arg>100000</arg>
<doc>Waits until the element ``locator`` is visible.</doc>
<status status="PASS" starttime="20230124 09:21:40.524" endtime="20230124 09:21:41.026"/>
</kw>
<kw name="WelcomePageShouldBeOpen" library="resources">
<kw name="Title Should Be" library="SeleniumLibrary">
<arg>${TITLE}</arg>
<doc>Verifies that the current page title equals ``title``.</doc>
<msg timestamp="20230124 09:21:41.042" level="INFO">Page title is 'MIXAP'.</msg>
<status status="PASS" starttime="20230124 09:21:41.029" endtime="20230124 09:21:41.043"/>
</kw>
<status status="PASS" starttime="20230124 09:21:41.027" endtime="20230124 09:21:41.043"/>
</kw>
<status status="PASS" starttime="20230124 09:21:35.675" endtime="20230124 09:21:41.045"/>
</kw>
<kw name="Sleep" library="BuiltIn">
<arg>2</arg>
<doc>Pauses the test executed for the given time.</doc>
<msg timestamp="20230124 09:21:43.061" level="INFO">Slept 2 seconds</msg>
<status status="PASS" starttime="20230124 09:21:41.046" endtime="20230124 09:21:43.061"/>
</kw>
<status status="PASS" starttime="20230124 09:21:35.662" endtime="20230124 09:21:43.062"/>
</kw>
<kw name="Click Element" library="SeleniumLibrary">
<arg>${ADD_ACTIVITY}</arg>
<doc>Click the element identified by ``locator``.</doc>
<msg timestamp="20230124 09:21:43.065" level="INFO">Clicking element 'xpath://*[@id="root"]/div/div[2]/div/div[1]/div/div/button'.</msg>
<status status="PASS" starttime="20230124 09:21:43.064" endtime="20230124 09:21:43.178"/>
</kw>
<kw name="Sleep" library="BuiltIn">
<arg>${PAUSE}</arg>
<doc>Pauses the test executed for the given time.</doc>
<msg timestamp="20230124 09:21:45.187" level="INFO">Slept 2 seconds</msg>
<status status="PASS" starttime="20230124 09:21:43.179" endtime="20230124 09:21:45.188"/>
</kw>
<kw name="Click Element" library="SeleniumLibrary">
<arg>${AUGMENTER_UNE_IMAGE}</arg>
<doc>Click the element identified by ``locator``.</doc>
<msg timestamp="20230124 09:21:45.196" level="INFO">Clicking element 'xpath:/html/body/div[2]/div/div[2]/div/div[2]/div[2]/div/div[1]/div[1]'.</msg>
<status status="PASS" starttime="20230124 09:21:45.194" endtime="20230124 09:21:45.419"/>
</kw>
<kw name="Sleep" library="BuiltIn">
<arg>1</arg>
<doc>Pauses the test executed for the given time.</doc>
<msg timestamp="20230124 09:21:46.478" level="INFO">Slept 1 second</msg>
<status status="PASS" starttime="20230124 09:21:45.471" endtime="20230124 09:21:46.479"/>
</kw>
<kw name="Click Element" library="SeleniumLibrary">
<arg>xpath:/html/body/div[1]/section/section/main/section/main/footer/div/div/button</arg>
<doc>Click the element identified by ``locator``.</doc>
<msg timestamp="20230124 09:21:46.495" level="INFO">Clicking element 'xpath:/html/body/div[1]/section/section/main/section/main/footer/div/div/button'.</msg>
<status status="PASS" starttime="20230124 09:21:46.493" endtime="20230124 09:21:46.719"/>
</kw>
<kw name="Sleep" library="BuiltIn">
<arg>2</arg>
<doc>Pauses the test executed for the given time.</doc>
<msg timestamp="20230124 09:21:48.764" level="INFO">Slept 2 seconds</msg>
<status status="PASS" starttime="20230124 09:21:46.746" endtime="20230124 09:21:48.765"/>
</kw>
<kw name="Click Element" library="SeleniumLibrary">
<arg>xpath:/html/body/div[1]/section/section/main/section/main/div/div[3]/div/div/div[1]/button</arg>
<doc>Click the element identified by ``locator``.</doc>
<msg timestamp="20230124 09:21:48.868" level="INFO">Clicking element 'xpath:/html/body/div[1]/section/section/main/section/main/div/div[3]/div/div/div[1]/button'.</msg>
<status status="PASS" starttime="20230124 09:21:48.867" endtime="20230124 09:21:49.461"/>
</kw>
<kw name="Sleep" library="BuiltIn">
<arg>2</arg>
<doc>Pauses the test executed for the given time.</doc>
<msg timestamp="20230124 09:21:51.533" level="INFO">Slept 2 seconds</msg>
<status status="PASS" starttime="20230124 09:21:49.521" endtime="20230124 09:21:51.534"/>
</kw>
<kw name="Close Browser" library="SeleniumLibrary" type="TEARDOWN">
<doc>Closes the current browser.</doc>
<status status="PASS" starttime="20230124 09:21:51.546" endtime="20230124 09:21:55.309"/>
</kw>
<status status="PASS" starttime="20230124 09:21:35.660" endtime="20230124 09:21:55.310"/>
</test>
<doc>La camera</doc>
<status status="PASS" starttime="20230124 09:21:33.535" endtime="20230124 09:21:55.313"/>
</suite>
<statistics>
<total>
<stat pass="1" fail="0" skip="0">All Tests</stat>
</total>
<tag>
</tag>
<suite>
<stat pass="1" fail="0" skip="0" id="s1" name="Camera">Camera</stat>
</suite>
</statistics>
<errors>
</errors>
</robot>
