<?xml version="1.0" encoding="UTF-8"?>
<robot generator="Robot 6.0 (Python 3.10.7 on win32)" generated="20221129 14:50:13.631" rpa="false" schemaversion="3">
<suite id="s1" name="Scenario" source="C:\Users\Admin\Desktop\Scrum\mixapp_robot\scenario.robot">
<test id="s1-t1" name="Test1" line="7">
<kw name="OpenWebSiteChrome" library="ConexionSiteWeb">
<kw name="Evaluate" library="BuiltIn">
<var>${options}</var>
<arg>sys.modules['selenium.webdriver'].ChromeOptions()</arg>
<arg>modules=sys</arg>
<doc>Evaluates the given expression in Python and returns the result.</doc>
<msg timestamp="20221129 14:50:15.408" level="INFO">${options} = &lt;selenium.webdriver.chrome.options.Options object at 0x00000279DF7363E0&gt;</msg>
<status status="PASS" starttime="20221129 14:50:15.407" endtime="20221129 14:50:15.419"/>
</kw>
<kw name="Call Method" library="BuiltIn">
<arg>${options}</arg>
<arg>add_argument</arg>
<arg>--use-fake-ui-for-media-stream</arg>
<doc>Calls the named method of the given object with the provided arguments.</doc>
<status status="PASS" starttime="20221129 14:50:15.419" endtime="20221129 14:50:15.420"/>
</kw>
<kw name="Call Method" library="BuiltIn">
<arg>${options}</arg>
<arg>add_argument</arg>
<arg>--auto-select-desktop-capture-source</arg>
<doc>Calls the named method of the given object with the provided arguments.</doc>
<status status="PASS" starttime="20221129 14:50:15.420" endtime="20221129 14:50:15.420"/>
</kw>
<kw name="OpenMixap" library="resources">
<arg>Chrome</arg>
<arg>${options}</arg>
<kw name="Open Browser" library="Selenium2Library">
<arg>${WELCOMEPAGE_URL}</arg>
<arg>${BROWSER}</arg>
<arg>options=${options}</arg>
<doc>Opens a new browser instance to the optional ``url``.</doc>
<msg timestamp="20221129 14:50:15.422" level="INFO">Opening browser 'Chrome' to base url 'https://mixap-dev.surge.sh/'.</msg>
<status status="PASS" starttime="20221129 14:50:15.421" endtime="20221129 14:50:43.382"/>
</kw>
<kw name="Maximize Browser Window" library="Selenium2Library">
<doc>Maximizes current browser window.</doc>
<status status="PASS" starttime="20221129 14:50:43.383" endtime="20221129 14:50:43.594"/>
</kw>
<kw name="Set Selenium Speed" library="Selenium2Library">
<arg>${DELAY}</arg>
<doc>Sets the delay that is waited after each Selenium command.</doc>
<status status="PASS" starttime="20221129 14:50:43.596" endtime="20221129 14:50:43.598"/>
</kw>
<kw name="Wait Until Element Is Visible" library="Selenium2Library">
<arg>${LOGO_XPATH}</arg>
<arg>100000</arg>
<doc>Waits until the element ``locator`` is visible.</doc>
<status status="PASS" starttime="20221129 14:50:43.598" endtime="20221129 14:50:44.685"/>
</kw>
<kw name="WelcomePageShouldBeOpen" library="resources">
<kw name="Title Should Be" library="Selenium2Library">
<arg>${TITLE}</arg>
<doc>Verifies that the current page title equals ``title``.</doc>
<msg timestamp="20221129 14:50:44.698" level="INFO">Page title is 'MIXAP'.</msg>
<status status="PASS" starttime="20221129 14:50:44.686" endtime="20221129 14:50:44.698"/>
</kw>
<status status="PASS" starttime="20221129 14:50:44.685" endtime="20221129 14:50:44.699"/>
</kw>
<status status="PASS" starttime="20221129 14:50:15.421" endtime="20221129 14:50:44.699"/>
</kw>
<kw name="Sleep" library="BuiltIn">
<arg>2</arg>
<doc>Pauses the test executed for the given time.</doc>
<msg timestamp="20221129 14:50:46.702" level="INFO">Slept 2 seconds</msg>
<status status="PASS" starttime="20221129 14:50:44.699" endtime="20221129 14:50:46.702"/>
</kw>
<status status="PASS" starttime="20221129 14:50:15.389" endtime="20221129 14:50:46.703"/>
</kw>
<kw name="ShowMainMenu" library="AfficherMenuPrincipale">
<kw name="Element Should Be Visible" library="Selenium2Library">
<arg>${LOGO_XPATH}</arg>
<doc>Verifies that the element identified by ``locator`` is visible.</doc>
<msg timestamp="20221129 14:50:46.724" level="INFO">Element 'xpath://*[@id="root"]/div/div[1]/div/div[1]/div/span/span/img' is displayed.</msg>
<status status="PASS" starttime="20221129 14:50:46.703" endtime="20221129 14:50:46.724"/>
</kw>
<status status="PASS" starttime="20221129 14:50:46.703" endtime="20221129 14:50:46.725"/>
</kw>
<kw name="CreateAugmenterUneImageActivity" library="CreateActivity">
<kw name="OpenAddActivityWindow" library="CreateActivity">
<kw name="ClickWindow" library="resources">
<arg>${ADD_ACTIVITY}</arg>
<kw name="Click Button" library="Selenium2Library">
<arg>${Button}</arg>
<doc>Clicks the button identified by ``locator``.</doc>
<msg timestamp="20221129 14:50:46.727" level="INFO">Clicking button 'xpath://*[@id="root"]/div/div[2]/div/div[1]/div/div/button'.</msg>
<status status="PASS" starttime="20221129 14:50:46.726" endtime="20221129 14:50:46.893"/>
</kw>
<status status="PASS" starttime="20221129 14:50:46.726" endtime="20221129 14:50:46.894"/>
</kw>
<kw name="Sleep" library="BuiltIn">
<arg>2</arg>
<doc>Pauses the test executed for the given time.</doc>
<msg timestamp="20221129 14:50:48.898" level="INFO">Slept 2 seconds</msg>
<status status="PASS" starttime="20221129 14:50:46.894" endtime="20221129 14:50:48.898"/>
</kw>
<kw name="Element Should Be Visible" library="Selenium2Library">
<arg>${ADD_ACTIVITY_TXT}</arg>
<doc>Verifies that the element identified by ``locator`` is visible.</doc>
<msg timestamp="20221129 14:50:48.932" level="INFO">Element 'xpath://*[@id=":r0:"]' is displayed.</msg>
<status status="PASS" starttime="20221129 14:50:48.898" endtime="20221129 14:50:48.932"/>
</kw>
<status status="PASS" starttime="20221129 14:50:46.725" endtime="20221129 14:50:48.932"/>
</kw>
<kw name="Click Element" library="Selenium2Library">
<arg>${AUGMENTER_UNE_IMAGE}</arg>
<doc>Click the element identified by ``locator``.</doc>
<msg timestamp="20221129 14:50:48.933" level="INFO">Clicking element 'xpath:/html/body/div[2]/div/div[2]/div/div[2]/div[2]/div/div[1]/div[1]'.</msg>
<status status="PASS" starttime="20221129 14:50:48.933" endtime="20221129 14:50:49.084"/>
</kw>
<kw name="Sleep" library="BuiltIn">
<arg>2</arg>
<doc>Pauses the test executed for the given time.</doc>
<msg timestamp="20221129 14:50:51.094" level="INFO">Slept 2 seconds</msg>
<status status="PASS" starttime="20221129 14:50:49.084" endtime="20221129 14:50:51.094"/>
</kw>
<status status="PASS" starttime="20221129 14:50:46.725" endtime="20221129 14:50:51.095"/>
</kw>
<kw name="AfficherCreationStageAI" library="Commun">
<kw name="Get Location" library="Selenium2Library">
<var>${url}</var>
<doc>Returns the current browser window URL.</doc>
<msg timestamp="20221129 14:50:51.102" level="INFO">${url} = https://mixap-dev.surge.sh/edit-activity/uQ8FIsaX5svuTpQ8tjfv7w</msg>
<status status="PASS" starttime="20221129 14:50:51.096" endtime="20221129 14:50:51.103"/>
</kw>
<if>
<branch type="IF" condition="&quot;${url}&quot; == &quot;https://mixap-dev.surge.sh/&quot;">
<kw name="CreateAugmenterUneImageActivity" library="CreateActivity">
<status status="NOT RUN" starttime="20221129 14:50:51.104" endtime="20221129 14:50:51.104"/>
</kw>
<kw name="Sleep" library="BuiltIn">
<arg>2</arg>
<doc>Pauses the test executed for the given time.</doc>
<status status="NOT RUN" starttime="20221129 14:50:51.104" endtime="20221129 14:50:51.104"/>
</kw>
<status status="NOT RUN" starttime="20221129 14:50:51.103" endtime="20221129 14:50:51.104"/>
</branch>
<status status="PASS" starttime="20221129 14:50:51.103" endtime="20221129 14:50:51.105"/>
</if>
<kw name="AfficherCreationStage" library="resources">
<arg>4</arg>
<for flavor="IN RANGE">
<var>${i}</var>
<value>${nb}</value>
<iter>
<var name="${i}">0</var>
<kw name="Element Should Be Visible" library="Selenium2Library">
<arg>xpath:/html/body/div[1]/section/section/main/section/main/header/div/div[${i+1}]</arg>
<doc>Verifies that the element identified by ``locator`` is visible.</doc>
<msg timestamp="20221129 14:50:51.149" level="INFO">Element 'xpath:/html/body/div[1]/section/section/main/section/main/header/div/div[1]' is displayed.</msg>
<status status="PASS" starttime="20221129 14:50:51.106" endtime="20221129 14:50:51.150"/>
</kw>
<status status="PASS" starttime="20221129 14:50:51.106" endtime="20221129 14:50:51.150"/>
</iter>
<iter>
<var name="${i}">1</var>
<kw name="Element Should Be Visible" library="Selenium2Library">
<arg>xpath:/html/body/div[1]/section/section/main/section/main/header/div/div[${i+1}]</arg>
<doc>Verifies that the element identified by ``locator`` is visible.</doc>
<msg timestamp="20221129 14:50:51.186" level="INFO">Element 'xpath:/html/body/div[1]/section/section/main/section/main/header/div/div[2]' is displayed.</msg>
<status status="PASS" starttime="20221129 14:50:51.152" endtime="20221129 14:50:51.187"/>
</kw>
<status status="PASS" starttime="20221129 14:50:51.151" endtime="20221129 14:50:51.187"/>
</iter>
<iter>
<var name="${i}">2</var>
<kw name="Element Should Be Visible" library="Selenium2Library">
<arg>xpath:/html/body/div[1]/section/section/main/section/main/header/div/div[${i+1}]</arg>
<doc>Verifies that the element identified by ``locator`` is visible.</doc>
<msg timestamp="20221129 14:50:51.224" level="INFO">Element 'xpath:/html/body/div[1]/section/section/main/section/main/header/div/div[3]' is displayed.</msg>
<status status="PASS" starttime="20221129 14:50:51.188" endtime="20221129 14:50:51.225"/>
</kw>
<status status="PASS" starttime="20221129 14:50:51.187" endtime="20221129 14:50:51.225"/>
</iter>
<iter>
<var name="${i}">3</var>
<kw name="Element Should Be Visible" library="Selenium2Library">
<arg>xpath:/html/body/div[1]/section/section/main/section/main/header/div/div[${i+1}]</arg>
<doc>Verifies that the element identified by ``locator`` is visible.</doc>
<msg timestamp="20221129 14:50:51.260" level="INFO">Element 'xpath:/html/body/div[1]/section/section/main/section/main/header/div/div[4]' is displayed.</msg>
<status status="PASS" starttime="20221129 14:50:51.226" endtime="20221129 14:50:51.260"/>
</kw>
<status status="PASS" starttime="20221129 14:50:51.225" endtime="20221129 14:50:51.261"/>
</iter>
<status status="PASS" starttime="20221129 14:50:51.105" endtime="20221129 14:50:51.261"/>
</for>
<status status="PASS" starttime="20221129 14:50:51.105" endtime="20221129 14:50:51.261"/>
</kw>
<status status="PASS" starttime="20221129 14:50:51.095" endtime="20221129 14:50:51.261"/>
</kw>
<kw name="ReturnMainPage" library="resources">
<kw name="Go To" library="Selenium2Library">
<arg>${WELCOMEPAGE_URL}</arg>
<doc>Navigates the current browser window to the provided ``url``.</doc>
<msg timestamp="20221129 14:50:51.263" level="INFO">Opening url 'https://mixap-dev.surge.sh/'</msg>
<status status="PASS" starttime="20221129 14:50:51.262" endtime="20221129 14:50:55.469"/>
</kw>
<kw name="Sleep" library="BuiltIn">
<arg>2</arg>
<doc>Pauses the test executed for the given time.</doc>
<msg timestamp="20221129 14:50:57.474" level="INFO">Slept 2 seconds</msg>
<status status="PASS" starttime="20221129 14:50:55.469" endtime="20221129 14:50:57.474"/>
</kw>
<status status="PASS" starttime="20221129 14:50:51.262" endtime="20221129 14:50:57.474"/>
</kw>
<kw name="CreateAugmenterUneImageActivity" library="CreateActivity">
<kw name="OpenAddActivityWindow" library="CreateActivity">
<kw name="ClickWindow" library="resources">
<arg>${ADD_ACTIVITY}</arg>
<kw name="Click Button" library="Selenium2Library">
<arg>${Button}</arg>
<doc>Clicks the button identified by ``locator``.</doc>
<msg timestamp="20221129 14:50:57.477" level="INFO">Clicking button 'xpath://*[@id="root"]/div/div[2]/div/div[1]/div/div/button'.</msg>
<status status="PASS" starttime="20221129 14:50:57.476" endtime="20221129 14:50:57.766"/>
</kw>
<status status="PASS" starttime="20221129 14:50:57.475" endtime="20221129 14:50:57.766"/>
</kw>
<kw name="Sleep" library="BuiltIn">
<arg>2</arg>
<doc>Pauses the test executed for the given time.</doc>
<msg timestamp="20221129 14:50:59.771" level="INFO">Slept 2 seconds</msg>
<status status="PASS" starttime="20221129 14:50:57.767" endtime="20221129 14:50:59.771"/>
</kw>
<kw name="Element Should Be Visible" library="Selenium2Library">
<arg>${ADD_ACTIVITY_TXT}</arg>
<doc>Verifies that the element identified by ``locator`` is visible.</doc>
<msg timestamp="20221129 14:50:59.806" level="INFO">Element 'xpath://*[@id=":r0:"]' is displayed.</msg>
<status status="PASS" starttime="20221129 14:50:59.772" endtime="20221129 14:50:59.807"/>
</kw>
<status status="PASS" starttime="20221129 14:50:57.475" endtime="20221129 14:50:59.807"/>
</kw>
<kw name="Click Element" library="Selenium2Library">
<arg>${AUGMENTER_UNE_IMAGE}</arg>
<doc>Click the element identified by ``locator``.</doc>
<msg timestamp="20221129 14:50:59.808" level="INFO">Clicking element 'xpath:/html/body/div[2]/div/div[2]/div/div[2]/div[2]/div/div[1]/div[1]'.</msg>
<status status="PASS" starttime="20221129 14:50:59.807" endtime="20221129 14:50:59.970"/>
</kw>
<kw name="Sleep" library="BuiltIn">
<arg>2</arg>
<doc>Pauses the test executed for the given time.</doc>
<msg timestamp="20221129 14:51:01.978" level="INFO">Slept 2 seconds</msg>
<status status="PASS" starttime="20221129 14:50:59.970" endtime="20221129 14:51:01.978"/>
</kw>
<status status="PASS" starttime="20221129 14:50:57.475" endtime="20221129 14:51:01.978"/>
</kw>
<kw name="ReturnMainPage" library="resources">
<kw name="Go To" library="Selenium2Library">
<arg>${WELCOMEPAGE_URL}</arg>
<doc>Navigates the current browser window to the provided ``url``.</doc>
<msg timestamp="20221129 14:51:01.980" level="INFO">Opening url 'https://mixap-dev.surge.sh/'</msg>
<status status="PASS" starttime="20221129 14:51:01.979" endtime="20221129 14:51:03.811"/>
</kw>
<kw name="Sleep" library="BuiltIn">
<arg>2</arg>
<doc>Pauses the test executed for the given time.</doc>
<msg timestamp="20221129 14:51:05.826" level="INFO">Slept 2 seconds</msg>
<status status="PASS" starttime="20221129 14:51:03.811" endtime="20221129 14:51:05.826"/>
</kw>
<status status="PASS" starttime="20221129 14:51:01.979" endtime="20221129 14:51:05.827"/>
</kw>
<kw name="CreateGroupeActivite" library="CreateActivity">
<kw name="OpenAddActivityWindow" library="CreateActivity">
<kw name="ClickWindow" library="resources">
<arg>${ADD_ACTIVITY}</arg>
<kw name="Click Button" library="Selenium2Library">
<arg>${Button}</arg>
<doc>Clicks the button identified by ``locator``.</doc>
<msg timestamp="20221129 14:51:05.829" level="INFO">Clicking button 'xpath://*[@id="root"]/div/div[2]/div/div[1]/div/div/button'.</msg>
<status status="PASS" starttime="20221129 14:51:05.829" endtime="20221129 14:51:05.949"/>
</kw>
<status status="PASS" starttime="20221129 14:51:05.828" endtime="20221129 14:51:05.950"/>
</kw>
<kw name="Sleep" library="BuiltIn">
<arg>2</arg>
<doc>Pauses the test executed for the given time.</doc>
<msg timestamp="20221129 14:51:07.952" level="INFO">Slept 2 seconds</msg>
<status status="PASS" starttime="20221129 14:51:05.950" endtime="20221129 14:51:07.952"/>
</kw>
<kw name="Element Should Be Visible" library="Selenium2Library">
<arg>${ADD_ACTIVITY_TXT}</arg>
<doc>Verifies that the element identified by ``locator`` is visible.</doc>
<msg timestamp="20221129 14:51:08.003" level="INFO">Element 'xpath://*[@id=":r0:"]' is displayed.</msg>
<status status="PASS" starttime="20221129 14:51:07.953" endtime="20221129 14:51:08.003"/>
</kw>
<status status="PASS" starttime="20221129 14:51:05.827" endtime="20221129 14:51:08.003"/>
</kw>
<kw name="Click Element" library="Selenium2Library">
<arg>${GROUPE_ACTIVITE}</arg>
<doc>Click the element identified by ``locator``.</doc>
<msg timestamp="20221129 14:51:08.005" level="INFO">Clicking element 'xpath:(//img[@alt='example'])[5]'.</msg>
<status status="PASS" starttime="20221129 14:51:08.004" endtime="20221129 14:51:08.240"/>
</kw>
<kw name="Sleep" library="BuiltIn">
<arg>2</arg>
<doc>Pauses the test executed for the given time.</doc>
<msg timestamp="20221129 14:51:10.241" level="INFO">Slept 2 seconds</msg>
<status status="PASS" starttime="20221129 14:51:08.240" endtime="20221129 14:51:10.241"/>
</kw>
<status status="PASS" starttime="20221129 14:51:05.827" endtime="20221129 14:51:10.242"/>
</kw>
<kw name="AfficherCreationStageGA" library="Commun">
<kw name="Get Location" library="Selenium2Library">
<var>${url}</var>
<doc>Returns the current browser window URL.</doc>
<msg timestamp="20221129 14:51:10.249" level="INFO">${url} = https://mixap-dev.surge.sh/edit-activity/uVEsGeccizlXE4HLSntXAk</msg>
<status status="PASS" starttime="20221129 14:51:10.243" endtime="20221129 14:51:10.249"/>
</kw>
<if>
<branch type="IF" condition="&quot;${url}&quot; == &quot;https://mixap-dev.surge.sh/&quot;">
<kw name="CreateGroupeActivite" library="CreateActivity">
<status status="NOT RUN" starttime="20221129 14:51:10.250" endtime="20221129 14:51:10.250"/>
</kw>
<kw name="Sleep" library="BuiltIn">
<arg>2</arg>
<doc>Pauses the test executed for the given time.</doc>
<status status="NOT RUN" starttime="20221129 14:51:10.250" endtime="20221129 14:51:10.250"/>
</kw>
<status status="NOT RUN" starttime="20221129 14:51:10.249" endtime="20221129 14:51:10.251"/>
</branch>
<status status="PASS" starttime="20221129 14:51:10.249" endtime="20221129 14:51:10.251"/>
</if>
<kw name="AfficherCreationStage" library="resources">
<arg>3</arg>
<for flavor="IN RANGE">
<var>${i}</var>
<value>${nb}</value>
<iter>
<var name="${i}">0</var>
<kw name="Element Should Be Visible" library="Selenium2Library">
<arg>xpath:/html/body/div[1]/section/section/main/section/main/header/div/div[${i+1}]</arg>
<doc>Verifies that the element identified by ``locator`` is visible.</doc>
<msg timestamp="20221129 14:51:10.272" level="INFO">Element 'xpath:/html/body/div[1]/section/section/main/section/main/header/div/div[1]' is displayed.</msg>
<status status="PASS" starttime="20221129 14:51:10.252" endtime="20221129 14:51:10.273"/>
</kw>
<status status="PASS" starttime="20221129 14:51:10.252" endtime="20221129 14:51:10.273"/>
</iter>
<iter>
<var name="${i}">1</var>
<kw name="Element Should Be Visible" library="Selenium2Library">
<arg>xpath:/html/body/div[1]/section/section/main/section/main/header/div/div[${i+1}]</arg>
<doc>Verifies that the element identified by ``locator`` is visible.</doc>
<msg timestamp="20221129 14:51:10.298" level="INFO">Element 'xpath:/html/body/div[1]/section/section/main/section/main/header/div/div[2]' is displayed.</msg>
<status status="PASS" starttime="20221129 14:51:10.273" endtime="20221129 14:51:10.298"/>
</kw>
<status status="PASS" starttime="20221129 14:51:10.273" endtime="20221129 14:51:10.298"/>
</iter>
<iter>
<var name="${i}">2</var>
<kw name="Element Should Be Visible" library="Selenium2Library">
<arg>xpath:/html/body/div[1]/section/section/main/section/main/header/div/div[${i+1}]</arg>
<doc>Verifies that the element identified by ``locator`` is visible.</doc>
<msg timestamp="20221129 14:51:10.354" level="INFO">Element 'xpath:/html/body/div[1]/section/section/main/section/main/header/div/div[3]' is displayed.</msg>
<status status="PASS" starttime="20221129 14:51:10.299" endtime="20221129 14:51:10.354"/>
</kw>
<status status="PASS" starttime="20221129 14:51:10.299" endtime="20221129 14:51:10.354"/>
</iter>
<status status="PASS" starttime="20221129 14:51:10.251" endtime="20221129 14:51:10.355"/>
</for>
<status status="PASS" starttime="20221129 14:51:10.251" endtime="20221129 14:51:10.355"/>
</kw>
<status status="PASS" starttime="20221129 14:51:10.242" endtime="20221129 14:51:10.355"/>
</kw>
<kw name="ModifyTitle" library="Nomage">
<kw name="Click Element" library="Selenium2Library">
<arg>${BOUTON_TITRE_MODIFIER}</arg>
<doc>Click the element identified by ``locator``.</doc>
<msg timestamp="20221129 14:51:10.359" level="INFO">Clicking element 'xpath://*[@id="board-content"]/div/div/div/div[2]/div/div[1]/h5/div/span'.</msg>
<status status="PASS" starttime="20221129 14:51:10.357" endtime="20221129 14:51:10.468"/>
</kw>
<kw name="Press Keys" library="Selenium2Library">
<arg>none</arg>
<arg>CONTROL+A</arg>
<doc>Simulates the user pressing key(s) to an element or on the active browser.</doc>
<msg timestamp="20221129 14:51:10.469" level="INFO">Sending key(s) ('CONTROL+A',) to page.</msg>
<msg timestamp="20221129 14:51:10.469" level="INFO">Pressing special key CONTROL down.</msg>
<msg timestamp="20221129 14:51:10.470" level="INFO">Sending key A</msg>
<msg timestamp="20221129 14:51:10.470" level="INFO">Releasing special key CONTROL.</msg>
<status status="PASS" starttime="20221129 14:51:10.468" endtime="20221129 14:51:10.490"/>
</kw>
<kw name="Sleep" library="BuiltIn">
<arg>2</arg>
<doc>Pauses the test executed for the given time.</doc>
<msg timestamp="20221129 14:51:12.495" level="INFO">Slept 2 seconds</msg>
<status status="PASS" starttime="20221129 14:51:10.490" endtime="20221129 14:51:12.496"/>
</kw>
<kw name="Press Keys" library="Selenium2Library">
<arg>none</arg>
<arg>${TITRE}</arg>
<doc>Simulates the user pressing key(s) to an element or on the active browser.</doc>
<msg timestamp="20221129 14:51:12.497" level="INFO">Sending key(s) ('TitreTest',) to page.</msg>
<msg timestamp="20221129 14:51:12.497" level="INFO">Sending keys TitreTest</msg>
<status status="PASS" starttime="20221129 14:51:12.496" endtime="20221129 14:51:12.580"/>
</kw>
<kw name="Sleep" library="BuiltIn">
<arg>2</arg>
<doc>Pauses the test executed for the given time.</doc>
<msg timestamp="20221129 14:51:14.585" level="INFO">Slept 2 seconds</msg>
<status status="PASS" starttime="20221129 14:51:12.580" endtime="20221129 14:51:14.586"/>
</kw>
<kw name="Element Should Contain" library="Selenium2Library">
<arg>${EMPLACEMENT_TITRE}</arg>
<arg>${TITRE}</arg>
<doc>Verifies that element ``locator`` contains text ``expected``.</doc>
<msg timestamp="20221129 14:51:14.774" level="INFO">Element 'xpath://*[@id="board-content"]/div/div/div/div[2]/div/div[1]' contains text 'TitreTest'.</msg>
<status status="PASS" starttime="20221129 14:51:14.590" endtime="20221129 14:51:14.774"/>
</kw>
<status status="PASS" starttime="20221129 14:51:10.357" endtime="20221129 14:51:14.775"/>
</kw>
<kw name="ModifyDesc" library="Nomage">
<kw name="Click Element" library="Selenium2Library">
<arg>${BOUTON_DESCRIPTION_MODIFIER}</arg>
<doc>Click the element identified by ``locator``.</doc>
<msg timestamp="20221129 14:51:14.779" level="INFO">Clicking element 'xpath://*[@id="board-content"]/div/div/div/div[2]/div/div[2]/span/div'.</msg>
<status status="PASS" starttime="20221129 14:51:14.777" endtime="20221129 14:51:15.107"/>
</kw>
<kw name="Press Keys" library="Selenium2Library">
<arg>none</arg>
<arg>CONTROL+A</arg>
<doc>Simulates the user pressing key(s) to an element or on the active browser.</doc>
<msg timestamp="20221129 14:51:15.111" level="INFO">Sending key(s) ('CONTROL+A',) to page.</msg>
<msg timestamp="20221129 14:51:15.111" level="INFO">Pressing special key CONTROL down.</msg>
<msg timestamp="20221129 14:51:15.111" level="INFO">Sending key A</msg>
<msg timestamp="20221129 14:51:15.112" level="INFO">Releasing special key CONTROL.</msg>
<status status="PASS" starttime="20221129 14:51:15.108" endtime="20221129 14:51:15.191"/>
</kw>
<kw name="Sleep" library="BuiltIn">
<arg>2</arg>
<doc>Pauses the test executed for the given time.</doc>
<msg timestamp="20221129 14:51:17.197" level="INFO">Slept 2 seconds</msg>
<status status="PASS" starttime="20221129 14:51:15.192" endtime="20221129 14:51:17.197"/>
</kw>
<kw name="Press Keys" library="Selenium2Library">
<arg>none</arg>
<arg>${DESCRIPTION}</arg>
<doc>Simulates the user pressing key(s) to an element or on the active browser.</doc>
<msg timestamp="20221129 14:51:17.198" level="INFO">Sending key(s) ('Ceci est une description',) to page.</msg>
<msg timestamp="20221129 14:51:17.198" level="INFO">Sending keys Ceci est une description</msg>
<status status="PASS" starttime="20221129 14:51:17.197" endtime="20221129 14:51:17.335"/>
</kw>
<kw name="Sleep" library="BuiltIn">
<arg>2</arg>
<doc>Pauses the test executed for the given time.</doc>
<msg timestamp="20221129 14:51:19.345" level="INFO">Slept 2 seconds</msg>
<status status="PASS" starttime="20221129 14:51:17.335" endtime="20221129 14:51:19.345"/>
</kw>
<kw name="Element Should Contain" library="Selenium2Library">
<arg>${EMPLACEMENT_DESCRIPTION}</arg>
<arg>${DESCRIPTION}</arg>
<doc>Verifies that element ``locator`` contains text ``expected``.</doc>
<msg timestamp="20221129 14:51:19.379" level="INFO">Element 'xpath://*[@id="board-content"]/div/div/div/div[2]/div/div[2]' contains text 'Ceci est une description'.</msg>
<status status="PASS" starttime="20221129 14:51:19.345" endtime="20221129 14:51:19.379"/>
</kw>
<status status="PASS" starttime="20221129 14:51:14.776" endtime="20221129 14:51:19.380"/>
</kw>
<kw name="Close Browser" library="Selenium2Library" type="TEARDOWN">
<doc>Closes the current browser.</doc>
<status status="PASS" starttime="20221129 14:51:19.380" endtime="20221129 14:51:43.489"/>
</kw>
<status status="PASS" starttime="20221129 14:50:15.388" endtime="20221129 14:51:43.490"/>
</test>
<status status="PASS" starttime="20221129 14:50:13.661" endtime="20221129 14:51:43.491"/>
</suite>
<statistics>
<total>
<stat pass="1" fail="0" skip="0">All Tests</stat>
</total>
<tag>
</tag>
<suite>
<stat pass="1" fail="0" skip="0" id="s1" name="Scenario">Scenario</stat>
</suite>
</statistics>
<errors>
</errors>
</robot>
